#
# There is insufficient memory for the Java Runtime Environment to continue.
# Native memory allocation (malloc) failed to allocate 1348976 bytes for Chunk::new
# Possible reasons:
#   The system is out of physical RAM or swap space
#   In 32 bit mode, the process size limit was hit
# Possible solutions:
#   Reduce memory load on the system
#   Increase physical memory or swap space
#   Check if swap backing store is full
#   Use 64 bit Java on a 64 bit OS
#   Decrease Java heap size (-Xmx/-Xms)
#   Decrease number of Java threads
#   Decrease Java thread stack sizes (-Xss)
#   Set larger code cache with -XX:ReservedCodeCacheSize=
# This output file may be truncated or incomplete.
#
#  Out of Memory Error (allocation.cpp:390), pid=10848, tid=16244
#
# JRE version: Java(TM) SE Runtime Environment (8.0_73-b02) (build 1.8.0_73-b02)
# Java VM: Java HotSpot(TM) 64-Bit Server VM (25.73-b02 mixed mode windows-amd64 compressed oops)
# Failed to write core dump. Minidumps are not enabled by default on client versions of Windows
#

---------------  T H R E A D  ---------------

Current thread (0x0000000017a31800):  JavaThread "C2 CompilerThread1" daemon [_thread_in_native, id=16244, stack(0x0000000019180000,0x0000000019280000)]

Stack: [0x0000000019180000,0x0000000019280000]
[error occurred during error reporting (printing stack bounds), id 0xc0000005]

Native frames: (J=compiled Java code, j=interpreted, Vv=VM code, C=native code)


Current CompileTask:
C2:    527  440       4       com.android.multidex.ClassReferenceListBuilder::checkDescriptor (92 bytes)


---------------  P R O C E S S  ---------------

Java Threads: ( => current thread )
  0x00000000193b0800 JavaThread "Service Thread" daemon [_thread_blocked, id=12920, stack(0x0000000019780000,0x0000000019880000)]
  0x0000000017a34800 JavaThread "C1 CompilerThread2" daemon [_thread_blocked, id=10860, stack(0x0000000019280000,0x0000000019380000)]
=>0x0000000017a31800 JavaThread "C2 CompilerThread1" daemon [_thread_in_native, id=16244, stack(0x0000000019180000,0x0000000019280000)]
  0x0000000017a2e800 JavaThread "C2 CompilerThread0" daemon [_thread_in_native, id=4808, stack(0x0000000019080000,0x0000000019180000)]
  0x0000000017a2c800 JavaThread "Attach Listener" daemon [_thread_blocked, id=15688, stack(0x0000000018f80000,0x0000000019080000)]
  0x0000000017a2b800 JavaThread "Signal Dispatcher" daemon [_thread_blocked, id=7652, stack(0x0000000018e80000,0x0000000018f80000)]
  0x0000000002e97000 JavaThread "Finalizer" daemon [_thread_blocked, id=15984, stack(0x0000000018c90000,0x0000000018d90000)]
  0x0000000002e8e000 JavaThread "Reference Handler" daemon [_thread_blocked, id=10904, stack(0x0000000018b90000,0x0000000018c90000)]
  0x0000000002d9d800 JavaThread "main" [_thread_in_Java, id=15480, stack(0x0000000002c80000,0x0000000002d80000)]

Other Threads:
  0x00000000179f8000 VMThread [stack: 0x0000000018a90000,0x0000000018b90000] [id=12368]
  0x00000000193e3000 WatcherThread [stack: 0x0000000019880000,0x0000000019980000] [id=15824]

VM state:not at safepoint (normal execution)

VM Mutex/Monitor currently owned by a thread: None

Heap:
 PSYoungGen      total 38400K, used 14865K [0x00000000d5d00000, 0x00000000da800000, 0x0000000100000000)
  eden space 33280K, 32% used [0x00000000d5d00000,0x00000000d6798880,0x00000000d7d80000)
  from space 5120K, 78% used [0x00000000d7d80000,0x00000000d816bcf0,0x00000000d8280000)
  to   space 5120K, 0% used [0x00000000da300000,0x00000000da300000,0x00000000da800000)
 ParOldGen       total 87552K, used 8K [0x0000000081600000, 0x0000000086b80000, 0x00000000d5d00000)
  object space 87552K, 0% used [0x0000000081600000,0x0000000081602000,0x0000000086b80000)
 Metaspace       used 3713K, capacity 5080K, committed 5376K, reserved 1056768K
  class space    used 400K, capacity 456K, committed 512K, reserved 1048576K

Card table byte_map: [0x0000000012260000,0x0000000012660000] byte_map_base: 0x0000000011e55000

Marking Bits: (ParMarkBitMap*) 0x00000000523c0600
 Begin Bits: [0x0000000012d10000, 0x0000000014cb8000)
 End Bits:   [0x0000000014cb8000, 0x0000000016c60000)

Polling page: 0x0000000002c20000

CodeCache: size=245760Kb used=2896Kb max_used=2907Kb free=242864Kb
 bounds [0x0000000002ea0000, 0x0000000003180000, 0x0000000011ea0000]
 total_blobs=749 nmethods=501 adapters=161
 compilation: enabled

Compilation events (10 events):
Event: 0.505 Thread 0x0000000017a2e800 nmethod 495 0x000000000315c290 code [0x000000000315c3c0, 0x000000000315c458]
Event: 0.505 Thread 0x0000000017a2e800  448       4       com.android.dx.util.ByteArray::slice (30 bytes)
Event: 0.507 Thread 0x0000000017a2e800 nmethod 448 0x000000000316a590 code [0x000000000316a6e0, 0x000000000316a918]
Event: 0.507 Thread 0x0000000017a2e800  497       4       com.android.dx.cf.attrib.AttLineNumberTable::byteLength (13 bytes)
Event: 0.507 Thread 0x0000000017a34800  498       3       com.android.dx.cf.direct.StdAttributeFactory::parse0 (532 bytes)
Event: 0.508 Thread 0x0000000017a2e800 nmethod 497 0x000000000315c010 code [0x000000000315c140, 0x000000000315c1d8]
Event: 0.508 Thread 0x0000000017a2e800  499       4       com.android.dx.cf.direct.StdAttributeFactory::lineNumberTable (204 bytes)
Event: 0.512 Thread 0x0000000017a34800 nmethod 498 0x000000000316c490 code [0x000000000316cc40, 0x00000000031711c8]
Event: 0.520 Thread 0x0000000017a34800  502   !   3       com.android.dx.cf.direct.DirectClassFile$DcfTypeList::<init> (137 bytes)
Event: 0.522 Thread 0x0000000017a34800 nmethod 502 0x0000000003174390 code [0x0000000003174780, 0x0000000003176a78]

GC Heap History (2 events):
Event: 0.456 GC heap before
{Heap before GC invocations=1 (full 0):
 PSYoungGen      total 38400K, used 33280K [0x00000000d5d00000, 0x00000000d8780000, 0x0000000100000000)
  eden space 33280K, 100% used [0x00000000d5d00000,0x00000000d7d80000,0x00000000d7d80000)
  from space 5120K, 0% used [0x00000000d8280000,0x00000000d8280000,0x00000000d8780000)
  to   space 5120K, 0% used [0x00000000d7d80000,0x00000000d7d80000,0x00000000d8280000)
 ParOldGen       total 87552K, used 0K [0x0000000081600000, 0x0000000086b80000, 0x00000000d5d00000)
  object space 87552K, 0% used [0x0000000081600000,0x0000000081600000,0x0000000086b80000)
 Metaspace       used 3693K, capacity 5080K, committed 5376K, reserved 1056768K
  class space    used 398K, capacity 456K, committed 512K, reserved 1048576K
Event: 0.462 GC heap after
Heap after GC invocations=1 (full 0):
 PSYoungGen      total 38400K, used 4015K [0x00000000d5d00000, 0x00000000da800000, 0x0000000100000000)
  eden space 33280K, 0% used [0x00000000d5d00000,0x00000000d5d00000,0x00000000d7d80000)
  from space 5120K, 78% used [0x00000000d7d80000,0x00000000d816bcf0,0x00000000d8280000)
  to   space 5120K, 0% used [0x00000000da300000,0x00000000da300000,0x00000000da800000)
 ParOldGen       total 87552K, used 8K [0x0000000081600000, 0x0000000086b80000, 0x00000000d5d00000)
  object space 87552K, 0% used [0x0000000081600000,0x0000000081602000,0x0000000086b80000)
 Metaspace       used 3693K, capacity 5080K, committed 5376K, reserved 1056768K
  class space    used 398K, capacity 456K, committed 512K, reserved 1048576K
}

Deoptimization events (1 events):
Event: 0.507 Thread 0x0000000002d9d800 Uncommon trap: reason=unstable_if action=reinterpret pc=0x000000000313ead4 method=com.android.dx.cf.direct.StdAttributeFactory.parse0(Lcom/android/dx/cf/direct/DirectClassFile;ILjava/lang/String;IILcom/android/dx/cf/iface/ParseObserver;)Lcom/android/dx/cf/

Internal exceptions (2 events):
Event: 0.032 Thread 0x0000000002d9d800 Exception <a 'java/lang/NoSuchMethodError': Method sun.misc.Unsafe.defineClass(Ljava/lang/String;[BII)Ljava/lang/Class; name or signature does not match> (0x00000000d5d0d9e8) thrown at [D:\re\puppet\workspace\8-2-build-windows-amd64-cygwin\jdk8u73\6086\hotjà~ ?
Event: 0.032 Thread 0x0000000002d9d800 Exception <a 'java/lang/NoSuchMethodError': Method sun.misc.Unsafe.prefetchRead(Ljava/lang/Object;J)V name or signature does not match> (0x00000000d5d0dcd0) thrown at [D:\re\puppet\workspace\8-2-build-windows-amd64-cygwin\jdk8u73\6086\hotspot\src\share\vm\

Events (10 events):
Event: 0.462 Executing VM operation: ParallelGCFailedAllocation done
Event: 0.464 loading class com/android/multidex/ArchivePathElement$1
Event: 0.464 loading class com/android/multidex/ArchivePathElement$1 done
Event: 0.467 loading class com/android/multidex/ArchivePathElement$1$1
Event: 0.467 loading class com/android/multidex/ArchivePathElement$1$1 done
Event: 0.467 loading class java/util/NoSuchElementException
Event: 0.467 loading class java/util/NoSuchElementException done
Event: 0.507 Thread 0x0000000002d9d800 Uncommon trap: trap_request=0xffffff65 fr.pc=0x000000000313ead4
Event: 0.507 Thread 0x0000000002d9d800 DEOPT PACKING pc=0x000000000313ead4 sp=0x0000000002d7ea60
Event: 0.507 Thread 0x0000000002d9d800 DEOPT UNPACKING pc=0x0000000002ee582a sp=0x0000000002d7ea58 mode 2


Dynamic libraries:
0x00007ff798560000 - 0x00007ff798597000 	C:\Program Files\Java\jdk1.8.0_73\bin\java.exe
0x00007ff8136e0000 - 0x00007ff8138a1000 	C:\WINDOWS\SYSTEM32\ntdll.dll
0x00007ff810e60000 - 0x00007ff810f0d000 	C:\WINDOWS\system32\KERNEL32.DLL
0x00007ff80fd90000 - 0x00007ff80ff78000 	C:\WINDOWS\system32\KERNELBASE.dll
0x00007ff810db0000 - 0x00007ff810e57000 	C:\WINDOWS\system32\ADVAPI32.dll
0x00007ff813200000 - 0x00007ff81329d000 	C:\WINDOWS\system32\msvcrt.dll
0x00007ff813420000 - 0x00007ff81347b000 	C:\WINDOWS\system32\sechost.dll
0x00007ff812c90000 - 0x00007ff812dac000 	C:\WINDOWS\system32\RPCRT4.dll
0x00007ff811200000 - 0x00007ff811356000 	C:\WINDOWS\system32\USER32.dll
0x00007ff810f10000 - 0x00007ff811096000 	C:\WINDOWS\system32\GDI32.dll
0x00007ff803630000 - 0x00007ff8038a4000 	C:\WINDOWS\WinSxS\amd64_microsoft.windows.common-controls_6595b64144ccf1df_6.0.10586.839_none_a2ddba30a539a2ae\COMCTL32.dll
0x00007ff8113e0000 - 0x00007ff81165d000 	C:\WINDOWS\system32\combase.dll
0x00007ff80ff80000 - 0x00007ff80ffea000 	C:\WINDOWS\system32\bcryptPrimitives.dll
0x00007ff8132a0000 - 0x00007ff8132db000 	C:\WINDOWS\system32\IMM32.DLL
0x0000000052ce0000 - 0x0000000052db2000 	C:\Program Files\Java\jdk1.8.0_73\jre\bin\msvcr100.dll
0x0000000051bb0000 - 0x0000000052440000 	C:\Program Files\Java\jdk1.8.0_73\jre\bin\server\jvm.dll
0x00007ff810da0000 - 0x00007ff810da8000 	C:\WINDOWS\system32\PSAPI.DLL
0x00007ff801ae0000 - 0x00007ff801aea000 	C:\WINDOWS\SYSTEM32\VERSION.dll
0x00007ff800540000 - 0x00007ff800549000 	C:\WINDOWS\SYSTEM32\WSOCK32.dll
0x00007ff80e400000 - 0x00007ff80e423000 	C:\WINDOWS\SYSTEM32\WINMM.dll
0x00007ff812c20000 - 0x00007ff812c8b000 	C:\WINDOWS\system32\WS2_32.dll
0x0000000002c50000 - 0x0000000002c7c000 	C:\WINDOWS\SYSTEM32\WINMMBASE.dll
0x00007ff810080000 - 0x00007ff8100c3000 	C:\WINDOWS\system32\cfgmgr32.dll
0x0000000052cd0000 - 0x0000000052cdf000 	C:\Program Files\Java\jdk1.8.0_73\jre\bin\verify.dll
0x0000000052ca0000 - 0x0000000052cc9000 	C:\Program Files\Java\jdk1.8.0_73\jre\bin\java.dll
0x0000000052c80000 - 0x0000000052c96000 	C:\Program Files\Java\jdk1.8.0_73\jre\bin\zip.dll
0x00007ff8116c0000 - 0x00007ff812c1c000 	C:\WINDOWS\system32\SHELL32.dll
0x00007ff810470000 - 0x00007ff810ab5000 	C:\WINDOWS\system32\windows.storage.dll
0x00007ff8133c0000 - 0x00007ff813412000 	C:\WINDOWS\system32\shlwapi.dll
0x00007ff80fd50000 - 0x00007ff80fd5f000 	C:\WINDOWS\system32\kernel.appcore.dll
0x00007ff8101e0000 - 0x00007ff810295000 	C:\WINDOWS\system32\shcore.dll
0x00007ff80fd00000 - 0x00007ff80fd4b000 	C:\WINDOWS\system32\powrprof.dll
0x00007ff80fd70000 - 0x00007ff80fd84000 	C:\WINDOWS\system32\profapi.dll

VM Arguments:
jvm_args: -Djava.awt.headless=true -Dfile.encoding=windows-1252 -Duser.country=US -Duser.language=en -Duser.variant 
java_command: com.android.multidex.ClassReferenceListBuilder C:\Users\lyspl\AndroidStudioProjects\TestGraphUI\app\build\intermediates\multi-dex\debug\componentClasses.jar C:\Users\lyspl\AndroidStudioProjects\TestGraphUI\app\build\intermediates\transforms\jarMerging\debug\jars\1\1f\combined.jar
java_class_path (initial): C:\Users\lyspl\AppData\Local\Android\sdk\build-tools\25.0.0\lib\dx.jar
Launcher Type: SUN_STANDARD

Environment Variables:
JAVA_HOME=C:\Program Files\Java\jdk1.8.0_73
CLASSPATH=C:\Users\lyspl\lib\antlr-3.5-complete.jar; C:\Users\lyspl\lib\bin; C:\Users\lyspl\lib\antlrworks-1.5.2.jar
PATH=c:\mingw\bin;C:\Users\lyspl\AppData\Local\Android\sdk\platform-tools;C:\ProgramData\Oracle\Java\javapath;C:\Program Files (x86)\Intel\iCLS Client\;C:\Program Files\Intel\iCLS Client\;C:\Program Files (x86)\Lenovo\FusionEngine;C:\Windows\system32;C:\Windows;C:\Windows\System32\Wbem;C:\Windows\System32\WindowsPowerShell\v1.0\;C:\Program Files (x86)\Intel\Intel(R) Management Engine Components\DAL;C:\Program Files\Intel\Intel(R) Management Engine Components\DAL;C:\Program Files (x86)\Intel\Intel(R) Management Engine Components\IPT;C:\Program Files\Intel\Intel(R) Management Engine Components\IPT;C:\Program Files\Lenovo\Bluetooth Software\;C:\Program Files\Lenovo\Bluetooth Software\syswow64;C:\adb;C:\Program Files\Git\cmd;C:\WINDOWS\system32;C:\WINDOWS;C:\WINDOWS\System32\Wbem;C:\WINDOWS\System32\WindowsPowerShell\v1.0\;C:\Program Files\Java\jdk1.8.0_73\bin;C:\Users\lyspl\lib;C:\Users\lyspl\Anaconda2;C:\Users\lyspl\Anaconda2\Scripts;C:\Users\lyspl\Anaconda2\Library\bin;C:\MongoDB\Server\3.2\bin;C:\Program Files (x86)\Skype\Phone\;C:\Users\lyspl\Anaconda3;C:\Users\lyspl\Anaconda3\Scripts;C:\Users\lyspl\Anaconda3\Library\bin;C:\Users\lyspl\Anaconda2;C:\Users\lyspl\Anaconda2\Scripts;C:\Users\lyspl\Anaconda2\Library\bin;C:\Users\lyspl\AppData\Local\Programs\MiKTeX 2.9\miktex\bin\x64\;c:\mingw\bin;C:\MongoDB\Server\3.2\bin;C:\Users\lyspl\AppData\Local\Android\sdk
USERNAME=lyspl
OS=Windows_NT
PROCESSOR_IDENTIFIER=Intel64 Family 6 Model 61 Stepping 4, GenuineIntel



---------------  S Y S T E M  ---------------

OS: Windows 10.0 , 64 bit Build 10586 (10.0.10586.589)

CPU:total 4 (2 cores per cpu, 2 threads per core) family 6 model 61 stepping 4, cmov, cx8, fxsr, mmx, sse, sse2, sse3, ssse3, sse4.1, sse4.2, popcnt, avx, avx2, aes, clmul, erms, 3dnowpref, lzcnt, ht, tsc, tscinvbit, bmi1, bmi2, adx

Memory: 4k page, physical 8292268k(2038052k free), swap 10249876k(6348k free)

vm_info: Java HotSpot(TM) 64-Bit Server VM (25.73-b02) for windows-amd64 JRE (1.8.0_73-b02), built on Jan 29 2016 17:38:49 by "java_re" with MS VC++ 10.0 (VS2010)

time: Fri Apr 14 16:33:17 2017
elapsed time: 0 seconds (0d 0h 0m 0s)

