#
# There is insufficient memory for the Java Runtime Environment to continue.
# Native memory allocation (malloc) failed to allocate 179824 bytes for Chunk::new
# Possible reasons:
#   The system is out of physical RAM or swap space
#   In 32 bit mode, the process size limit was hit
# Possible solutions:
#   Reduce memory load on the system
#   Increase physical memory or swap space
#   Check if swap backing store is full
#   Use 64 bit Java on a 64 bit OS
#   Decrease Java heap size (-Xmx/-Xms)
#   Decrease number of Java threads
#   Decrease Java thread stack sizes (-Xss)
#   Set larger code cache with -XX:ReservedCodeCacheSize=
# This output file may be truncated or incomplete.
#
#  Out of Memory Error (allocation.cpp:390), pid=7832, tid=5952
#
# JRE version: Java(TM) SE Runtime Environment (8.0_73-b02) (build 1.8.0_73-b02)
# Java VM: Java HotSpot(TM) 64-Bit Server VM (25.73-b02 mixed mode windows-amd64 compressed oops)
# Failed to write core dump. Minidumps are not enabled by default on client versions of Windows
#

---------------  T H R E A D  ---------------

Current thread (0x000000001556e800):  JavaThread "C2 CompilerThread0" daemon [_thread_in_native, id=5952, stack(0x0000000016af0000,0x0000000016bf0000)]

Stack: [0x0000000016af0000,0x0000000016bf0000]
[error occurred during error reporting (printing stack bounds), id 0xc0000005]

Native frames: (J=compiled Java code, j=interpreted, Vv=VM code, C=native code)


Current CompileTask:
C2:   1685 1164       4       com.android.dx.ssa.SCCP::simulateStmt (481 bytes)


---------------  P R O C E S S  ---------------

Java Threads: ( => current thread )
  0x0000000016f8b000 JavaThread "pool-2-thread-4" [_thread_blocked, id=11336, stack(0x00000000177f0000,0x00000000178f0000)]
  0x0000000016f61800 JavaThread "pool-2-thread-3" [_thread_in_Java, id=7376, stack(0x00000000176f0000,0x00000000177f0000)]
  0x0000000016f5f800 JavaThread "pool-2-thread-2" [_thread_blocked, id=11080, stack(0x00000000175f0000,0x00000000176f0000)]
  0x0000000016f71800 JavaThread "pool-3-thread-1" [_thread_blocked, id=10556, stack(0x00000000174f0000,0x00000000175f0000)]
  0x0000000016f46000 JavaThread "pool-2-thread-1" [_thread_in_Java, id=3388, stack(0x00000000173f0000,0x00000000174f0000)]
  0x0000000016d0d800 JavaThread "Service Thread" daemon [_thread_blocked, id=11292, stack(0x00000000171f0000,0x00000000172f0000)]
  0x00000000155cd800 JavaThread "C1 CompilerThread2" daemon [_thread_in_native, id=11920, stack(0x00000000170f0000,0x00000000171f0000)]
  0x000000001557a000 JavaThread "C2 CompilerThread1" daemon [_thread_in_native, id=4596, stack(0x0000000016bf0000,0x0000000016cf0000)]
=>0x000000001556e800 JavaThread "C2 CompilerThread0" daemon [_thread_in_native, id=5952, stack(0x0000000016af0000,0x0000000016bf0000)]
  0x000000001556d000 JavaThread "Attach Listener" daemon [_thread_blocked, id=2984, stack(0x00000000169f0000,0x0000000016af0000)]
  0x000000001556b800 JavaThread "Signal Dispatcher" daemon [_thread_blocked, id=12200, stack(0x00000000168f0000,0x00000000169f0000)]
  0x0000000002e94000 JavaThread "Finalizer" daemon [_thread_blocked, id=10832, stack(0x00000000167f0000,0x00000000168f0000)]
  0x0000000002e91800 JavaThread "Reference Handler" daemon [_thread_blocked, id=10264, stack(0x00000000166f0000,0x00000000167f0000)]
  0x000000000140d800 JavaThread "main" [_thread_in_Java, id=4248, stack(0x0000000002ca0000,0x0000000002da0000)]

Other Threads:
  0x0000000015537800 VMThread [stack: 0x00000000165f0000,0x00000000166f0000] [id=10188]
  0x0000000016d12800 WatcherThread [stack: 0x00000000172f0000,0x00000000173f0000] [id=2720]

VM state:not at safepoint (normal execution)

VM Mutex/Monitor currently owned by a thread: None

Heap:
 PSYoungGen      total 38400K, used 10851K [0x00000000eab00000, 0x00000000ef600000, 0x0000000100000000)
  eden space 33280K, 17% used [0x00000000eab00000,0x00000000eb09a990,0x00000000ecb80000)
  from space 5120K, 99% used [0x00000000ecb80000,0x00000000ed07e600,0x00000000ed080000)
  to   space 5120K, 0% used [0x00000000ef100000,0x00000000ef100000,0x00000000ef600000)
 ParOldGen       total 87552K, used 1174K [0x00000000c0000000, 0x00000000c5580000, 0x00000000eab00000)
  object space 87552K, 1% used [0x00000000c0000000,0x00000000c0125a00,0x00000000c5580000)
 Metaspace       used 6015K, capacity 6896K, committed 7040K, reserved 1056768K
  class space    used 599K, capacity 616K, committed 640K, reserved 1048576K

Card table byte_map: [0x0000000012260000,0x0000000012470000] byte_map_base: 0x0000000011c60000

Marking Bits: (ParMarkBitMap*) 0x0000000052d60600
 Begin Bits: [0x00000000129d0000, 0x00000000139d0000)
 End Bits:   [0x00000000139d0000, 0x00000000149d0000)

Polling page: 0x00000000013e0000

CodeCache: size=245760Kb used=4810Kb max_used=4810Kb free=240949Kb
 bounds [0x0000000002ea0000, 0x0000000003360000, 0x0000000011ea0000]
 total_blobs=1486 nmethods=1216 adapters=182
 compilation: enabled

Compilation events (10 events):
Event: 1.591 Thread 0x00000000155cd800 nmethod 1211 0x000000000334fd10 code [0x000000000334fe60, 0x000000000334ffb0]
Event: 1.592 Thread 0x000000001557a000 nmethod 1204 0x00000000033530d0 code [0x0000000003353260, 0x00000000033536a8]
Event: 1.592 Thread 0x000000001557a000 1206       4       com.android.dx.dex.code.CodeAddress::<init> (7 bytes)
Event: 1.593 Thread 0x000000001557a000 nmethod 1206 0x0000000003350150 code [0x00000000033502a0, 0x0000000003350358]
Event: 1.593 Thread 0x000000001557a000 1198       4       java.util.ArrayList::subListRangeCheck (110 bytes)
Event: 1.594 Thread 0x000000001557a000 nmethod 1198 0x0000000003353c50 code [0x0000000003353d80, 0x0000000003353e18]
Event: 1.594 Thread 0x000000001557a000 1212       4       com.android.dx.ssa.back.RegisterAllocator::getDefinitionSpecForSsaReg (22 bytes)
Event: 1.598 Thread 0x000000001557a000 nmethod 1212 0x0000000003350e10 code [0x0000000003350f80, 0x00000000033511e8]
Event: 1.598 Thread 0x000000001557a000 1216       4       com.android.dx.ssa.SCCP::simulateBranch (666 bytes)
Event: 1.682 Thread 0x00000000155cd800 1233       2       java.util.HashMap::getNode (148 bytes)

GC Heap History (2 events):
Event: 1.604 GC heap before
{Heap before GC invocations=1 (full 0):
 PSYoungGen      total 38400K, used 33280K [0x00000000eab00000, 0x00000000ed580000, 0x0000000100000000)
  eden space 33280K, 100% used [0x00000000eab00000,0x00000000ecb80000,0x00000000ecb80000)
  from space 5120K, 0% used [0x00000000ed080000,0x00000000ed080000,0x00000000ed580000)
  to   space 5120K, 0% used [0x00000000ecb80000,0x00000000ecb80000,0x00000000ed080000)
 ParOldGen       total 87552K, used 0K [0x00000000c0000000, 0x00000000c5580000, 0x00000000eab00000)
  object space 87552K, 0% used [0x00000000c0000000,0x00000000c0000000,0x00000000c5580000)
 Metaspace       used 5979K, capacity 6896K, committed 7040K, reserved 1056768K
  class space    used 599K, capacity 616K, committed 640K, reserved 1048576K
Event: 1.627 GC heap after
Heap after GC invocations=1 (full 0):
 PSYoungGen      total 38400K, used 5113K [0x00000000eab00000, 0x00000000ef600000, 0x0000000100000000)
  eden space 33280K, 0% used [0x00000000eab00000,0x00000000eab00000,0x00000000ecb80000)
  from space 5120K, 99% used [0x00000000ecb80000,0x00000000ed07e600,0x00000000ed080000)
  to   space 5120K, 0% used [0x00000000ef100000,0x00000000ef100000,0x00000000ef600000)
 ParOldGen       total 87552K, used 1174K [0x00000000c0000000, 0x00000000c5580000, 0x00000000eab00000)
  object space 87552K, 1% used [0x00000000c0000000,0x00000000c0125a00,0x00000000c5580000)
 Metaspace       used 5979K, capacity 6896K, committed 7040K, reserved 1056768K
  class space    used 599K, capacity 616K, committed 640K, reserved 1048576K
}

Deoptimization events (9 events):
Event: 1.015 Thread 0x0000000016f46000 Uncommon trap: reason=unstable_if action=reinterpret pc=0x00000000030c4238 method=java.util.HashMap.getNode(ILjava/lang/Object;)Ljava/util/HashMap$Node; @ 62
Event: 1.141 Thread 0x0000000016f5f800 Uncommon trap: reason=unstable_if action=reinterpret pc=0x00000000030e5ab0 method=java.util.BitSet.nextSetBit(I)I @ 87
Event: 1.391 Thread 0x0000000016f61800 Uncommon trap: reason=unstable_if action=reinterpret pc=0x00000000030f81f4 method=java.util.BitSet.ensureCapacity(I)V @ 6
Event: 1.400 Thread 0x0000000016f61800 Uncommon trap: reason=unstable_if action=reinterpret pc=0x00000000030f5300 method=java.util.HashMap.getNode(ILjava/lang/Object;)Ljava/util/HashMap$Node; @ 129
Event: 1.498 Thread 0x000000000140d800 Uncommon trap: reason=unstable_if action=reinterpret pc=0x0000000003146db0 method=com.android.dx.rop.code.RegisterSpec.equals(ILcom/android/dx/rop/type/TypeBearer;Lcom/android/dx/rop/code/LocalItem;)Z @ 16
Event: 1.548 Thread 0x0000000016f46000 Uncommon trap: reason=unstable_if action=reinterpret pc=0x00000000031ef69c method=com.android.dx.rop.code.RegisterSpec.equals(ILcom/android/dx/rop/type/TypeBearer;Lcom/android/dx/rop/code/LocalItem;)Z @ 16
Event: 1.578 Thread 0x0000000016f46000 Uncommon trap: reason=bimorphic action=maybe_recompile pc=0x000000000326378c method=java.util.HashMap.putVal(ILjava/lang/Object;Ljava/lang/Object;ZZ)Ljava/lang/Object; @ 91
Event: 1.650 Thread 0x0000000016f46000 Uncommon trap: reason=null_check action=make_not_entrant pc=0x0000000003200068 method=com.android.dx.rop.type.Type.equals(Ljava/lang/Object;)Z @ 8
Event: 1.655 Thread 0x0000000016f8b000 Uncommon trap: reason=unstable_if action=reinterpret pc=0x0000000003145310 method=com.android.dx.rop.code.RegisterSpec.equals(ILcom/android/dx/rop/type/TypeBearer;Lcom/android/dx/rop/code/LocalItem;)Z @ 16

Internal exceptions (3 events):
Event: 0.087 Thread 0x000000000140d800 Exception <a 'java/lang/NoSuchMethodError': Method sun.misc.Unsafe.defineClass(Ljava/lang/String;[BII)Ljava/lang/Class; name or signature does not match> (0x00000000eab0dc08) thrown at [D:\re\puppet\workspace\8-2-build-windows-amd64-cygwin\jdk8u73\6086\hotçS;&W∂?
Event: 0.087 Thread 0x000000000140d800 Exception <a 'java/lang/NoSuchMethodError': Method sun.misc.Unsafe.prefetchRead(Ljava/lang/Object;J)V name or signature does not match> (0x00000000eab0def0) thrown at [D:\re\puppet\workspace\8-2-build-windows-amd64-cygwin\jdk8u73\6086\hotspot\src\share\vm\å›1ü,g˙?
Event: 1.650 Thread 0x0000000016f46000 Implicit null exception at 0x00000000031fff62 to 0x000000000320005a

Events (10 events):
Event: 1.578 Thread 0x0000000016f46000 DEOPT PACKING pc=0x000000000326378c sp=0x00000000174ee600
Event: 1.578 Thread 0x0000000016f46000 DEOPT UNPACKING pc=0x0000000002ee582a sp=0x00000000174ee528 mode 2
Event: 1.603 Executing VM operation: ParallelGCFailedAllocation
Event: 1.627 Executing VM operation: ParallelGCFailedAllocation done
Event: 1.650 Thread 0x0000000016f46000 Uncommon trap: trap_request=0xfffffff4 fr.pc=0x0000000003200068
Event: 1.650 Thread 0x0000000016f46000 DEOPT PACKING pc=0x0000000003200068 sp=0x00000000174ee250
Event: 1.650 Thread 0x0000000016f46000 DEOPT UNPACKING pc=0x0000000002ee582a sp=0x00000000174ee1d8 mode 2
Event: 1.655 Thread 0x0000000016f8b000 Uncommon trap: trap_request=0xffffff65 fr.pc=0x0000000003145310
Event: 1.655 Thread 0x0000000016f8b000 DEOPT PACKING pc=0x0000000003145310 sp=0x00000000178ee830
Event: 1.655 Thread 0x0000000016f8b000 DEOPT UNPACKING pc=0x0000000002ee582a sp=0x00000000178ee670 mode 2


Dynamic libraries:
0x00007ff7ef200000 - 0x00007ff7ef237000 	C:\Program Files\Java\jdk1.8.0_73\bin\java.exe
0x00007ff8136e0000 - 0x00007ff8138a1000 	C:\WINDOWS\SYSTEM32\ntdll.dll
0x00007ff810e60000 - 0x00007ff810f0d000 	C:\WINDOWS\system32\KERNEL32.DLL
0x00007ff80fd90000 - 0x00007ff80ff78000 	C:\WINDOWS\system32\KERNELBASE.dll
0x00007ff810db0000 - 0x00007ff810e57000 	C:\WINDOWS\system32\ADVAPI32.dll
0x00007ff813200000 - 0x00007ff81329d000 	C:\WINDOWS\system32\msvcrt.dll
0x00007ff813420000 - 0x00007ff81347b000 	C:\WINDOWS\system32\sechost.dll
0x00007ff812c90000 - 0x00007ff812dac000 	C:\WINDOWS\system32\RPCRT4.dll
0x00007ff811200000 - 0x00007ff811356000 	C:\WINDOWS\system32\USER32.dll
0x00007ff810f10000 - 0x00007ff811096000 	C:\WINDOWS\system32\GDI32.dll
0x00007ff803630000 - 0x00007ff8038a4000 	C:\WINDOWS\WinSxS\amd64_microsoft.windows.common-controls_6595b64144ccf1df_6.0.10586.839_none_a2ddba30a539a2ae\COMCTL32.dll
0x00007ff8113e0000 - 0x00007ff81165d000 	C:\WINDOWS\system32\combase.dll
0x00007ff80ff80000 - 0x00007ff80ffea000 	C:\WINDOWS\system32\bcryptPrimitives.dll
0x00007ff8132a0000 - 0x00007ff8132db000 	C:\WINDOWS\system32\IMM32.DLL
0x0000000052de0000 - 0x0000000052eb2000 	C:\Program Files\Java\jdk1.8.0_73\jre\bin\msvcr100.dll
0x0000000052550000 - 0x0000000052de0000 	C:\Program Files\Java\jdk1.8.0_73\jre\bin\server\jvm.dll
0x00007ff810da0000 - 0x00007ff810da8000 	C:\WINDOWS\system32\PSAPI.DLL
0x00007ff800540000 - 0x00007ff800549000 	C:\WINDOWS\SYSTEM32\WSOCK32.dll
0x00007ff812c20000 - 0x00007ff812c8b000 	C:\WINDOWS\system32\WS2_32.dll
0x00007ff80e400000 - 0x00007ff80e423000 	C:\WINDOWS\SYSTEM32\WINMM.dll
0x00007ff801ae0000 - 0x00007ff801aea000 	C:\WINDOWS\SYSTEM32\VERSION.dll
0x00007ff80e3d0000 - 0x00007ff80e3fc000 	C:\WINDOWS\SYSTEM32\WINMMBASE.dll
0x00007ff810080000 - 0x00007ff8100c3000 	C:\WINDOWS\system32\cfgmgr32.dll
0x0000000052540000 - 0x000000005254f000 	C:\Program Files\Java\jdk1.8.0_73\jre\bin\verify.dll
0x0000000052510000 - 0x0000000052539000 	C:\Program Files\Java\jdk1.8.0_73\jre\bin\java.dll
0x00000000524f0000 - 0x0000000052506000 	C:\Program Files\Java\jdk1.8.0_73\jre\bin\zip.dll
0x00007ff8116c0000 - 0x00007ff812c1c000 	C:\WINDOWS\system32\SHELL32.dll
0x00007ff810470000 - 0x00007ff810ab5000 	C:\WINDOWS\system32\windows.storage.dll
0x00007ff8133c0000 - 0x00007ff813412000 	C:\WINDOWS\system32\shlwapi.dll
0x00007ff80fd50000 - 0x00007ff80fd5f000 	C:\WINDOWS\system32\kernel.appcore.dll
0x00007ff8101e0000 - 0x00007ff810295000 	C:\WINDOWS\system32\shcore.dll
0x00007ff80fd00000 - 0x00007ff80fd4b000 	C:\WINDOWS\system32\powrprof.dll
0x00007ff80fd70000 - 0x00007ff80fd84000 	C:\WINDOWS\system32\profapi.dll

VM Arguments:
jvm_args: -Djava.awt.headless=true -Xmx1024M -Dfile.encoding=windows-1252 -Duser.country=US -Duser.language=en -Duser.variant 
java_command: com.android.dx.command.Main --dex --force-jumbo --num-threads=4 --multi-dex --output C:\Users\lyspl\AndroidStudioProjects\TestGraphUI\app\build\intermediates\transforms\dex\debug\folders\1000\10\classes_034b2b71cd7c56f8c819f1b81e558d58a5301faf C:\Users\lyspl\.android\build-cache\b2ea5823d7e27e73f7024783b439d47288803688\output\jars\classes.jar
java_class_path (initial): C:\Users\lyspl\AppData\Local\Android\sdk\build-tools\25.0.0\lib\dx.jar
Launcher Type: SUN_STANDARD

Environment Variables:
JAVA_HOME=C:\Program Files\Java\jdk1.8.0_73
CLASSPATH=C:\Users\lyspl\lib\antlr-3.5-complete.jar; C:\Users\lyspl\lib\bin; C:\Users\lyspl\lib\antlrworks-1.5.2.jar
PATH=c:\mingw\bin;C:\Users\lyspl\AppData\Local\Android\sdk\platform-tools;C:\ProgramData\Oracle\Java\javapath;C:\Program Files (x86)\Intel\iCLS Client\;C:\Program Files\Intel\iCLS Client\;C:\Program Files (x86)\Lenovo\FusionEngine;C:\Windows\system32;C:\Windows;C:\Windows\System32\Wbem;C:\Windows\System32\WindowsPowerShell\v1.0\;C:\Program Files (x86)\Intel\Intel(R) Management Engine Components\DAL;C:\Program Files\Intel\Intel(R) Management Engine Components\DAL;C:\Program Files (x86)\Intel\Intel(R) Management Engine Components\IPT;C:\Program Files\Intel\Intel(R) Management Engine Components\IPT;C:\Program Files\Lenovo\Bluetooth Software\;C:\Program Files\Lenovo\Bluetooth Software\syswow64;C:\adb;C:\Program Files\Git\cmd;C:\WINDOWS\system32;C:\WINDOWS;C:\WINDOWS\System32\Wbem;C:\WINDOWS\System32\WindowsPowerShell\v1.0\;C:\Program Files\Java\jdk1.8.0_73\bin;C:\Users\lyspl\lib;C:\Users\lyspl\Anaconda2;C:\Users\lyspl\Anaconda2\Scripts;C:\Users\lyspl\Anaconda2\Library\bin;C:\MongoDB\Server\3.2\bin;C:\Program Files (x86)\Skype\Phone\;C:\Users\lyspl\Anaconda3;C:\Users\lyspl\Anaconda3\Scripts;C:\Users\lyspl\Anaconda3\Library\bin;C:\Users\lyspl\Anaconda2;C:\Users\lyspl\Anaconda2\Scripts;C:\Users\lyspl\Anaconda2\Library\bin;C:\Users\lyspl\AppData\Local\Programs\MiKTeX 2.9\miktex\bin\x64\;c:\mingw\bin;C:\MongoDB\Server\3.2\bin;C:\Users\lyspl\AppData\Local\Android\sdk
USERNAME=lyspl
OS=Windows_NT
PROCESSOR_IDENTIFIER=Intel64 Family 6 Model 61 Stepping 4, GenuineIntel



---------------  S Y S T E M  ---------------

OS: Windows 10.0 , 64 bit Build 10586 (10.0.10586.589)

CPU:total 4 (2 cores per cpu, 2 threads per core) family 6 model 61 stepping 4, cmov, cx8, fxsr, mmx, sse, sse2, sse3, ssse3, sse4.1, sse4.2, popcnt, avx, avx2, aes, clmul, erms, 3dnowpref, lzcnt, ht, tsc, tscinvbit, bmi1, bmi2, adx

Memory: 4k page, physical 8292268k(862124k free), swap 10516936k(4164k free)

vm_info: Java HotSpot(TM) 64-Bit Server VM (25.73-b02) for windows-amd64 JRE (1.8.0_73-b02), built on Jan 29 2016 17:38:49 by "java_re" with MS VC++ 10.0 (VS2010)

time: Thu Apr 13 18:46:32 2017
elapsed time: 1 seconds (0d 0h 0m 1s)

