#
# There is insufficient memory for the Java Runtime Environment to continue.
# Native memory allocation (malloc) failed to allocate 32744 bytes for ChunkPool::allocate
# Possible reasons:
#   The system is out of physical RAM or swap space
#   In 32 bit mode, the process size limit was hit
# Possible solutions:
#   Reduce memory load on the system
#   Increase physical memory or swap space
#   Check if swap backing store is full
#   Use 64 bit Java on a 64 bit OS
#   Decrease Java heap size (-Xmx/-Xms)
#   Decrease number of Java threads
#   Decrease Java thread stack sizes (-Xss)
#   Set larger code cache with -XX:ReservedCodeCacheSize=
# This output file may be truncated or incomplete.
#
#  Out of Memory Error (allocation.cpp:273), pid=1000, tid=9680
#
# JRE version: Java(TM) SE Runtime Environment (8.0_73-b02) (build 1.8.0_73-b02)
# Java VM: Java HotSpot(TM) 64-Bit Server VM (25.73-b02 mixed mode windows-amd64 compressed oops)
# Failed to write core dump. Minidumps are not enabled by default on client versions of Windows
#

---------------  T H R E A D  ---------------

Current thread (0x0000000014d0d000):  JavaThread "C1 CompilerThread2" daemon [_thread_in_native, id=9680, stack(0x0000000016910000,0x0000000016a10000)]

Stack: [0x0000000016910000,0x0000000016a10000]
[error occurred during error reporting (printing stack bounds), id 0xc0000005]

Native frames: (J=compiled Java code, j=interpreted, Vv=VM code, C=native code)


Current CompileTask:
C1:   2063  691   !   3       com.android.dx.cf.code.RopperMachine::run (1550 bytes)


---------------  P R O C E S S  ---------------

Java Threads: ( => current thread )
  0x000000001676a000 JavaThread "pool-2-thread-4" [_thread_in_Java, id=896, stack(0x0000000017010000,0x0000000017110000)]
  0x000000001675d800 JavaThread "pool-2-thread-3" [_thread_in_Java, id=4152, stack(0x0000000016f10000,0x0000000017010000)]
  0x000000001664f800 JavaThread "pool-2-thread-2" [_thread_in_vm, id=7040, stack(0x0000000016e10000,0x0000000016f10000)]
  0x000000001664d000 JavaThread "pool-3-thread-1" [_thread_blocked, id=7548, stack(0x0000000016d10000,0x0000000016e10000)]
  0x0000000016647800 JavaThread "pool-2-thread-1" [_thread_in_Java, id=11048, stack(0x0000000016c10000,0x0000000016d10000)]
  0x0000000016515000 JavaThread "Service Thread" daemon [_thread_blocked, id=9228, stack(0x0000000016a10000,0x0000000016b10000)]
=>0x0000000014d0d000 JavaThread "C1 CompilerThread2" daemon [_thread_in_native, id=9680, stack(0x0000000016910000,0x0000000016a10000)]
  0x0000000014d02000 JavaThread "C2 CompilerThread1" daemon [_thread_in_native, id=9716, stack(0x0000000016410000,0x0000000016510000)]
  0x0000000014cad800 JavaThread "C2 CompilerThread0" daemon [_thread_blocked, id=5844, stack(0x0000000016310000,0x0000000016410000)]
  0x0000000014cab800 JavaThread "Attach Listener" daemon [_thread_blocked, id=3008, stack(0x0000000016210000,0x0000000016310000)]
  0x0000000014caa000 JavaThread "Signal Dispatcher" daemon [_thread_blocked, id=4992, stack(0x0000000016110000,0x0000000016210000)]
  0x00000000025d1000 JavaThread "Finalizer" daemon [_thread_blocked, id=4184, stack(0x0000000015f30000,0x0000000016030000)]
  0x00000000025ce000 JavaThread "Reference Handler" daemon [_thread_blocked, id=12028, stack(0x0000000015e30000,0x0000000015f30000)]
  0x000000000238d800 JavaThread "main" [_thread_in_Java, id=10084, stack(0x0000000002390000,0x0000000002490000)]

Other Threads:
  0x0000000014c77800 VMThread [stack: 0x0000000015d30000,0x0000000015e30000] [id=11820]
  0x0000000016519800 WatcherThread [stack: 0x0000000016b10000,0x0000000016c10000] [id=10660]

VM state:not at safepoint (normal execution)

VM Mutex/Monitor currently owned by a thread: None

Heap:
 PSYoungGen      total 38400K, used 16247K [0x00000000eab00000, 0x00000000ed580000, 0x0000000100000000)
  eden space 33280K, 48% used [0x00000000eab00000,0x00000000ebaddf18,0x00000000ecb80000)
  from space 5120K, 0% used [0x00000000ed080000,0x00000000ed080000,0x00000000ed580000)
  to   space 5120K, 0% used [0x00000000ecb80000,0x00000000ecb80000,0x00000000ed080000)
 ParOldGen       total 87552K, used 0K [0x00000000c0000000, 0x00000000c5580000, 0x00000000eab00000)
  object space 87552K, 0% used [0x00000000c0000000,0x00000000c0000000,0x00000000c5580000)
 Metaspace       used 5536K, capacity 6704K, committed 6784K, reserved 1056768K
  class space    used 573K, capacity 616K, committed 640K, reserved 1048576K

Card table byte_map: [0x00000000119a0000,0x0000000011bb0000] byte_map_base: 0x00000000113a0000

Marking Bits: (ParMarkBitMap*) 0x0000000065050600
 Begin Bits: [0x0000000012110000, 0x0000000013110000)
 End Bits:   [0x0000000013110000, 0x0000000014110000)

Polling page: 0x0000000000c10000

CodeCache: size=245760Kb used=2760Kb max_used=2774Kb free=242999Kb
 bounds [0x00000000025e0000, 0x00000000028a0000, 0x00000000115e0000]
 total_blobs=951 nmethods=690 adapters=174
 compilation: enabled

Compilation events (10 events):
Event: 2.049 Thread 0x0000000014d02000 nmethod 709 0x000000000286c150 code [0x000000000286c280, 0x000000000286c318]
Event: 2.049 Thread 0x0000000014d02000  710       4       java.util.ArrayList::remove (69 bytes)
Event: 2.052 Thread 0x0000000014d02000 nmethod 710 0x00000000028908d0 code [0x0000000002890a20, 0x0000000002890bb8]
Event: 2.052 Thread 0x0000000014d02000  711       4       java.util.ArrayList::iterator (10 bytes)
Event: 2.053 Thread 0x0000000014d02000 nmethod 711 0x0000000002888990 code [0x0000000002888ae0, 0x0000000002888be8]
Event: 2.053 Thread 0x0000000014d02000  716       4       com.android.dx.ssa.SsaBasicBlock::forEachInsn (37 bytes)
Event: 2.056 Thread 0x0000000014cad800 nmethod 622 0x0000000002895750 code [0x0000000002895a60, 0x0000000002897478]
Event: 2.056 Thread 0x0000000014cad800  714       4       com.android.dx.rop.type.Type::equals (31 bytes)
Event: 2.057 Thread 0x0000000014cad800 nmethod 714 0x0000000002889dd0 code [0x0000000002889f20, 0x000000000288a0b8]
Event: 2.057 Thread 0x0000000014cad800  717       4       com.android.dx.rop.code.RegisterSpec::hashCodeOf (30 bytes)

GC Heap History (0 events):
No events

Deoptimization events (6 events):
Event: 1.814 Thread 0x000000000238d800 Uncommon trap: reason=unstable_if action=reinterpret pc=0x00000000028118bc method=java.util.HashMap.getNode(ILjava/lang/Object;)Ljava/util/HashMap$Node; @ 62
Event: 1.958 Thread 0x0000000016647800 Uncommon trap: reason=class_check action=maybe_recompile pc=0x0000000002797174 method=com.android.dx.rop.cst.CstMemberRef.compareTo0(Lcom/android/dx/rop/cst/Constant;)I @ 1
Event: 1.959 Thread 0x000000000238d800 Uncommon trap: reason=class_check action=maybe_recompile pc=0x0000000002797174 method=com.android.dx.rop.cst.CstMemberRef.compareTo0(Lcom/android/dx/rop/cst/Constant;)I @ 1
Event: 1.959 Thread 0x000000000238d800 Uncommon trap: reason=class_check action=maybe_recompile pc=0x0000000002797174 method=com.android.dx.rop.cst.CstMemberRef.compareTo0(Lcom/android/dx/rop/cst/Constant;)I @ 1
Event: 1.959 Thread 0x000000001676a000 Uncommon trap: reason=class_check action=maybe_recompile pc=0x0000000002797174 method=com.android.dx.rop.cst.CstMemberRef.compareTo0(Lcom/android/dx/rop/cst/Constant;)I @ 1
Event: 1.980 Thread 0x000000000238d800 Uncommon trap: reason=unstable_if action=reinterpret pc=0x0000000002797a78 method=com.android.dx.rop.cst.CstFieldRef.compareTo0(Lcom/android/dx/rop/cst/Constant;)I @ 7

Internal exceptions (2 events):
Event: 0.137 Thread 0x000000000238d800 Exception <a 'java/lang/NoSuchMethodError': Method sun.misc.Unsafe.defineClass(Ljava/lang/String;[BII)Ljava/lang/Class; name or signature does not match> (0x00000000eab0dbe8) thrown at [D:\re\puppet\workspace\8-2-build-windows-amd64-cygwin\jdk8u73\6086\hot‘Ôft’Á?
Event: 0.137 Thread 0x000000000238d800 Exception <a 'java/lang/NoSuchMethodError': Method sun.misc.Unsafe.prefetchRead(Ljava/lang/Object;J)V name or signature does not match> (0x00000000eab0ded0) thrown at [D:\re\puppet\workspace\8-2-build-windows-amd64-cygwin\jdk8u73\6086\hotspot\src\share\vm\

Events (10 events):
Event: 1.959 Thread 0x000000001676a000 Uncommon trap: trap_request=0xffffffde fr.pc=0x0000000002797174
Event: 1.959 Thread 0x000000001676a000 DEOPT PACKING pc=0x0000000002797174 sp=0x000000001710e8f0
Event: 1.959 Thread 0x000000001676a000 DEOPT UNPACKING pc=0x000000000262582a sp=0x000000001710e878 mode 2
Event: 1.968 loading class com/android/dx/ssa/back/FirstFitLocalCombiningAllocator$Multiset
Event: 1.968 loading class com/android/dx/ssa/back/FirstFitLocalCombiningAllocator$Multiset done
Event: 1.970 loading class java/util/DualPivotQuicksort
Event: 1.970 loading class java/util/DualPivotQuicksort done
Event: 1.980 Thread 0x000000000238d800 Uncommon trap: trap_request=0xffffff65 fr.pc=0x0000000002797a78
Event: 1.980 Thread 0x000000000238d800 DEOPT PACKING pc=0x0000000002797a78 sp=0x000000000248dfd0
Event: 1.980 Thread 0x000000000238d800 DEOPT UNPACKING pc=0x000000000262582a sp=0x000000000248df58 mode 2


Dynamic libraries:
0x00007ff7ec050000 - 0x00007ff7ec087000 	C:\Program Files\Java\jdk1.8.0_73\bin\java.exe
0x00007ffe9c140000 - 0x00007ffe9c301000 	C:\WINDOWS\SYSTEM32\ntdll.dll
0x00007ffe9bd30000 - 0x00007ffe9bddd000 	C:\WINDOWS\system32\KERNEL32.DLL
0x00007ffe99020000 - 0x00007ffe99208000 	C:\WINDOWS\system32\KERNELBASE.dll
0x00007ffe9b690000 - 0x00007ffe9b737000 	C:\WINDOWS\system32\ADVAPI32.dll
0x00007ffe9b750000 - 0x00007ffe9b7ed000 	C:\WINDOWS\system32\msvcrt.dll
0x00007ffe99840000 - 0x00007ffe9989b000 	C:\WINDOWS\system32\sechost.dll
0x00007ffe9bfa0000 - 0x00007ffe9c0bc000 	C:\WINDOWS\system32\RPCRT4.dll
0x00007ffe9bde0000 - 0x00007ffe9bf36000 	C:\WINDOWS\system32\USER32.dll
0x00007ffe9b3f0000 - 0x00007ffe9b576000 	C:\WINDOWS\system32\GDI32.dll
0x00007ffe8c710000 - 0x00007ffe8c984000 	C:\WINDOWS\WinSxS\amd64_microsoft.windows.common-controls_6595b64144ccf1df_6.0.10586.839_none_a2ddba30a539a2ae\COMCTL32.dll
0x00007ffe9af80000 - 0x00007ffe9b1fd000 	C:\WINDOWS\system32\combase.dll
0x00007ffe987f0000 - 0x00007ffe9885a000 	C:\WINDOWS\system32\bcryptPrimitives.dll
0x00007ffe9af40000 - 0x00007ffe9af7b000 	C:\WINDOWS\system32\IMM32.DLL
0x00000000650d0000 - 0x00000000651a2000 	C:\Program Files\Java\jdk1.8.0_73\jre\bin\msvcr100.dll
0x0000000064840000 - 0x00000000650d0000 	C:\Program Files\Java\jdk1.8.0_73\jre\bin\server\jvm.dll
0x00007ffe99900000 - 0x00007ffe99908000 	C:\WINDOWS\system32\PSAPI.DLL
0x00007ffe7f1c0000 - 0x00007ffe7f1c9000 	C:\WINDOWS\SYSTEM32\WSOCK32.dll
0x00007ffe9c0c0000 - 0x00007ffe9c12b000 	C:\WINDOWS\system32\WS2_32.dll
0x00007ffe969e0000 - 0x00007ffe96a03000 	C:\WINDOWS\SYSTEM32\WINMM.dll
0x00007ffe957f0000 - 0x00007ffe957fa000 	C:\WINDOWS\SYSTEM32\VERSION.dll
0x00007ffe96980000 - 0x00007ffe969ac000 	C:\WINDOWS\SYSTEM32\WINMMBASE.dll
0x00007ffe99440000 - 0x00007ffe99483000 	C:\WINDOWS\system32\cfgmgr32.dll
0x0000000064830000 - 0x000000006483f000 	C:\Program Files\Java\jdk1.8.0_73\jre\bin\verify.dll
0x0000000064800000 - 0x0000000064829000 	C:\Program Files\Java\jdk1.8.0_73\jre\bin\java.dll
0x00000000647e0000 - 0x00000000647f6000 	C:\Program Files\Java\jdk1.8.0_73\jre\bin\zip.dll
0x00007ffe99910000 - 0x00007ffe9ae6c000 	C:\WINDOWS\system32\SHELL32.dll
0x00007ffe98860000 - 0x00007ffe98ea4000 	C:\WINDOWS\system32\windows.storage.dll
0x00007ffe9bf40000 - 0x00007ffe9bf92000 	C:\WINDOWS\system32\shlwapi.dll
0x00007ffe98780000 - 0x00007ffe9878f000 	C:\WINDOWS\system32\kernel.appcore.dll
0x00007ffe98f60000 - 0x00007ffe99015000 	C:\WINDOWS\system32\shcore.dll
0x00007ffe98790000 - 0x00007ffe987db000 	C:\WINDOWS\system32\powrprof.dll
0x00007ffe98760000 - 0x00007ffe98774000 	C:\WINDOWS\system32\profapi.dll

VM Arguments:
jvm_args: -Djava.awt.headless=true -Xmx1024M -Dfile.encoding=windows-1252 -Duser.country=US -Duser.language=en -Duser.variant 
java_command: com.android.dx.command.Main --dex --force-jumbo --num-threads=4 --multi-dex --output C:\Users\lyspl\AndroidStudioProjects\TestGraphUI\app\build\intermediates\transforms\dex\debug\folders\1000\5\slice_2 C:\Users\lyspl\AndroidStudioProjects\TestGraphUI\app\build\intermediates\transforms\instantRunSlicer\debug\folders\1\5\slice_2
java_class_path (initial): C:\Users\lyspl\AppData\Local\Android\sdk\build-tools\25.0.0\lib\dx.jar
Launcher Type: SUN_STANDARD

Environment Variables:
JAVA_HOME=C:\Program Files\Java\jdk1.8.0_73
CLASSPATH=C:\Users\lyspl\lib\antlr-3.5-complete.jar; C:\Users\lyspl\lib\bin; C:\Users\lyspl\lib\antlrworks-1.5.2.jar
PATH=c:\mingw\bin;C:\Users\lyspl\AppData\Local\Android\sdk\platform-tools;C:\ProgramData\Oracle\Java\javapath;C:\Program Files (x86)\Intel\iCLS Client\;C:\Program Files\Intel\iCLS Client\;C:\Program Files (x86)\Lenovo\FusionEngine;C:\Windows\system32;C:\Windows;C:\Windows\System32\Wbem;C:\Windows\System32\WindowsPowerShell\v1.0\;C:\Program Files (x86)\Intel\Intel(R) Management Engine Components\DAL;C:\Program Files\Intel\Intel(R) Management Engine Components\DAL;C:\Program Files (x86)\Intel\Intel(R) Management Engine Components\IPT;C:\Program Files\Intel\Intel(R) Management Engine Components\IPT;C:\Program Files\Lenovo\Bluetooth Software\;C:\Program Files\Lenovo\Bluetooth Software\syswow64;C:\adb;C:\Program Files\Git\cmd;C:\WINDOWS\system32;C:\WINDOWS;C:\WINDOWS\System32\Wbem;C:\WINDOWS\System32\WindowsPowerShell\v1.0\;C:\Program Files\Java\jdk1.8.0_73\bin;C:\Users\lyspl\lib;C:\Users\lyspl\Anaconda2;C:\Users\lyspl\Anaconda2\Scripts;C:\Users\lyspl\Anaconda2\Library\bin;C:\MongoDB\Server\3.2\bin;C:\Program Files (x86)\Skype\Phone\;C:\Users\lyspl\Anaconda3;C:\Users\lyspl\Anaconda3\Scripts;C:\Users\lyspl\Anaconda3\Library\bin;C:\Users\lyspl\Anaconda2;C:\Users\lyspl\Anaconda2\Scripts;C:\Users\lyspl\Anaconda2\Library\bin;C:\Users\lyspl\AppData\Local\Programs\MiKTeX 2.9\miktex\bin\x64\;c:\mingw\bin;C:\MongoDB\Server\3.2\bin;C:\Users\lyspl\AppData\Local\Android\sdk
USERNAME=lyspl
OS=Windows_NT
PROCESSOR_IDENTIFIER=Intel64 Family 6 Model 61 Stepping 4, GenuineIntel



---------------  S Y S T E M  ---------------

OS: Windows 10.0 , 64 bit Build 10586 (10.0.10586.589)

CPU:total 4 (2 cores per cpu, 2 threads per core) family 6 model 61 stepping 4, cmov, cx8, fxsr, mmx, sse, sse2, sse3, ssse3, sse4.1, sse4.2, popcnt, avx, avx2, aes, clmul, erms, 3dnowpref, lzcnt, ht, tsc, tscinvbit, bmi1, bmi2, adx

Memory: 4k page, physical 8292268k(1208652k free), swap 12431516k(5652k free)

vm_info: Java HotSpot(TM) 64-Bit Server VM (25.73-b02) for windows-amd64 JRE (1.8.0_73-b02), built on Jan 29 2016 17:38:49 by "java_re" with MS VC++ 10.0 (VS2010)

time: Mon Apr 24 20:39:27 2017
elapsed time: 2 seconds (0d 0h 0m 2s)

