#
# There is insufficient memory for the Java Runtime Environment to continue.
# Native memory allocation (malloc) failed to allocate 1507456 bytes for Chunk::new
# Possible reasons:
#   The system is out of physical RAM or swap space
#   In 32 bit mode, the process size limit was hit
# Possible solutions:
#   Reduce memory load on the system
#   Increase physical memory or swap space
#   Check if swap backing store is full
#   Use 64 bit Java on a 64 bit OS
#   Decrease Java heap size (-Xmx/-Xms)
#   Decrease number of Java threads
#   Decrease Java thread stack sizes (-Xss)
#   Set larger code cache with -XX:ReservedCodeCacheSize=
# This output file may be truncated or incomplete.
#
#  Out of Memory Error (allocation.cpp:390), pid=4004, tid=4404
#
# JRE version: Java(TM) SE Runtime Environment (8.0_73-b02) (build 1.8.0_73-b02)
# Java VM: Java HotSpot(TM) 64-Bit Server VM (25.73-b02 mixed mode windows-amd64 compressed oops)
# Failed to write core dump. Minidumps are not enabled by default on client versions of Windows
#

---------------  T H R E A D  ---------------

Current thread (0x000000001507e800):  JavaThread "C2 CompilerThread0" daemon [_thread_in_native, id=4404, stack(0x00000000166d0000,0x00000000167d0000)]

Stack: [0x00000000166d0000,0x00000000167d0000]
[error occurred during error reporting (printing stack bounds), id 0xc0000005]

Native frames: (J=compiled Java code, j=interpreted, Vv=VM code, C=native code)


Current CompileTask:
C2:   5084 1828       4       com.android.dx.rop.code.Rops::ropFor (771 bytes)


---------------  P R O C E S S  ---------------

Java Threads: ( => current thread )
  0x0000000016b54000 JavaThread "pool-2-thread-4" [_thread_blocked, id=11088, stack(0x00000000173d0000,0x00000000174d0000)]
  0x0000000016b52800 JavaThread "pool-2-thread-3" [_thread_in_Java, id=11588, stack(0x00000000172d0000,0x00000000173d0000)]
  0x0000000016b46800 JavaThread "pool-2-thread-2" [_thread_in_Java, id=4996, stack(0x00000000171d0000,0x00000000172d0000)]
  0x0000000016b43000 JavaThread "pool-3-thread-1" [_thread_blocked, id=10796, stack(0x00000000170d0000,0x00000000171d0000)]
  0x0000000016b1f000 JavaThread "pool-2-thread-1" [_thread_in_Java, id=3944, stack(0x0000000016fd0000,0x00000000170d0000)]
  0x00000000168e1000 JavaThread "Service Thread" daemon [_thread_blocked, id=10984, stack(0x0000000016dd0000,0x0000000016ed0000)]
  0x00000000150dd800 JavaThread "C1 CompilerThread2" daemon [_thread_blocked, id=2104, stack(0x0000000016cd0000,0x0000000016dd0000)]
  0x0000000015081800 JavaThread "C2 CompilerThread1" daemon [_thread_in_native, id=11076, stack(0x00000000167d0000,0x00000000168d0000)]
=>0x000000001507e800 JavaThread "C2 CompilerThread0" daemon [_thread_in_native, id=4404, stack(0x00000000166d0000,0x00000000167d0000)]
  0x000000001507c800 JavaThread "Attach Listener" daemon [_thread_blocked, id=232, stack(0x00000000165d0000,0x00000000166d0000)]
  0x000000001507b800 JavaThread "Signal Dispatcher" daemon [_thread_blocked, id=12036, stack(0x00000000164d0000,0x00000000165d0000)]
  0x0000000002981000 JavaThread "Finalizer" daemon [_thread_blocked, id=5180, stack(0x00000000162e0000,0x00000000163e0000)]
  0x000000000297e800 JavaThread "Reference Handler" daemon [_thread_blocked, id=7688, stack(0x00000000161e0000,0x00000000162e0000)]
  0x000000000274d800 JavaThread "main" [_thread_in_Java, id=2316, stack(0x0000000002750000,0x0000000002850000)]

Other Threads:
  0x0000000015047800 VMThread [stack: 0x00000000160e0000,0x00000000161e0000] [id=4460]
  0x00000000168e5000 WatcherThread [stack: 0x0000000016ed0000,0x0000000016fd0000] [id=9160]

VM state:not at safepoint (normal execution)

VM Mutex/Monitor currently owned by a thread: None

Heap:
 PSYoungGen      total 71680K, used 24611K [0x00000000eab00000, 0x00000000ef600000, 0x0000000100000000)
  eden space 66560K, 29% used [0x00000000eab00000,0x00000000ebe0cea8,0x00000000eec00000)
  from space 5120K, 99% used [0x00000000eec00000,0x00000000ef0fc030,0x00000000ef100000)
  to   space 5120K, 0% used [0x00000000ef100000,0x00000000ef100000,0x00000000ef600000)
 ParOldGen       total 87552K, used 15424K [0x00000000c0000000, 0x00000000c5580000, 0x00000000eab00000)
  object space 87552K, 17% used [0x00000000c0000000,0x00000000c0f101f8,0x00000000c5580000)
 Metaspace       used 6343K, capacity 7128K, committed 7424K, reserved 1056768K
  class space    used 623K, capacity 656K, committed 768K, reserved 1048576K

Card table byte_map: [0x0000000011d50000,0x0000000011f60000] byte_map_base: 0x0000000011750000

Marking Bits: (ParMarkBitMap*) 0x0000000052d60600
 Begin Bits: [0x00000000124c0000, 0x00000000134c0000)
 End Bits:   [0x00000000134c0000, 0x00000000144c0000)

Polling page: 0x0000000002850000

CodeCache: size=245760Kb used=7577Kb max_used=7590Kb free=238182Kb
 bounds [0x0000000002990000, 0x0000000003110000, 0x0000000011990000]
 total_blobs=2026 nmethods=1757 adapters=182
 compilation: enabled

Compilation events (10 events):
Event: 5.013 Thread 0x000000001507e800 nmethod 1826 0x00000000030cd250 code [0x00000000030cd380, 0x00000000030cd438]
Event: 5.018 Thread 0x0000000015081800 nmethod 1827 0x00000000030b4890 code [0x00000000030b4a00, 0x00000000030b4dd8]
Event: 5.019 Thread 0x000000001507e800 1828       4       com.android.dx.rop.code.Rops::ropFor (771 bytes)
Event: 5.019 Thread 0x0000000015081800 1829       4       com.android.dx.rop.cst.CstLiteral32::equals (35 bytes)
Event: 5.020 Thread 0x0000000015081800 nmethod 1829 0x00000000030ed550 code [0x00000000030ed680, 0x00000000030ed758]
Event: 5.021 Thread 0x0000000015081800 1830       4       com.android.dx.rop.code.Rop::<init> (137 bytes)
Event: 5.024 Thread 0x0000000015081800 nmethod 1830 0x00000000030c8510 code [0x00000000030c8660, 0x00000000030c8878]
Event: 5.025 Thread 0x0000000015081800 1831 %     4       com.android.dx.ssa.SsaMethod::forEachBlockDepthFirst @ 129 (194 bytes)
Event: 5.080 Thread 0x00000000150dd800 1836   !   3       com.android.dx.rop.code.RegisterSpec::intern (70 bytes)
Event: 5.081 Thread 0x00000000150dd800 nmethod 1836 0x00000000030ed950 code [0x00000000030edb80, 0x00000000030ee848]

GC Heap History (6 events):
Event: 1.894 GC heap before
{Heap before GC invocations=1 (full 0):
 PSYoungGen      total 38400K, used 33280K [0x00000000eab00000, 0x00000000ed580000, 0x0000000100000000)
  eden space 33280K, 100% used [0x00000000eab00000,0x00000000ecb80000,0x00000000ecb80000)
  from space 5120K, 0% used [0x00000000ed080000,0x00000000ed080000,0x00000000ed580000)
  to   space 5120K, 0% used [0x00000000ecb80000,0x00000000ecb80000,0x00000000ed080000)
 ParOldGen       total 87552K, used 0K [0x00000000c0000000, 0x00000000c5580000, 0x00000000eab00000)
  object space 87552K, 0% used [0x00000000c0000000,0x00000000c0000000,0x00000000c5580000)
 Metaspace       used 5954K, capacity 6896K, committed 7040K, reserved 1056768K
  class space    used 599K, capacity 616K, committed 640K, reserved 1048576K
Event: 1.926 GC heap after
Heap after GC invocations=1 (full 0):
 PSYoungGen      total 38400K, used 5118K [0x00000000eab00000, 0x00000000ef600000, 0x0000000100000000)
  eden space 33280K, 0% used [0x00000000eab00000,0x00000000eab00000,0x00000000ecb80000)
  from space 5120K, 99% used [0x00000000ecb80000,0x00000000ed07fb60,0x00000000ed080000)
  to   space 5120K, 0% used [0x00000000ef100000,0x00000000ef100000,0x00000000ef600000)
 ParOldGen       total 87552K, used 1569K [0x00000000c0000000, 0x00000000c5580000, 0x00000000eab00000)
  object space 87552K, 1% used [0x00000000c0000000,0x00000000c0188678,0x00000000c5580000)
 Metaspace       used 5954K, capacity 6896K, committed 7040K, reserved 1056768K
  class space    used 599K, capacity 616K, committed 640K, reserved 1048576K
}
Event: 3.081 GC heap before
{Heap before GC invocations=2 (full 0):
 PSYoungGen      total 38400K, used 38398K [0x00000000eab00000, 0x00000000ef600000, 0x0000000100000000)
  eden space 33280K, 100% used [0x00000000eab00000,0x00000000ecb80000,0x00000000ecb80000)
  from space 5120K, 99% used [0x00000000ecb80000,0x00000000ed07fb60,0x00000000ed080000)
  to   space 5120K, 0% used [0x00000000ef100000,0x00000000ef100000,0x00000000ef600000)
 ParOldGen       total 87552K, used 1569K [0x00000000c0000000, 0x00000000c5580000, 0x00000000eab00000)
  object space 87552K, 1% used [0x00000000c0000000,0x00000000c0188678,0x00000000c5580000)
 Metaspace       used 6184K, capacity 7088K, committed 7296K, reserved 1056768K
  class space    used 601K, capacity 616K, committed 640K, reserved 1048576K
Event: 3.096 GC heap after
Heap after GC invocations=2 (full 0):
 PSYoungGen      total 71680K, used 5091K [0x00000000eab00000, 0x00000000ef600000, 0x0000000100000000)
  eden space 66560K, 0% used [0x00000000eab00000,0x00000000eab00000,0x00000000eec00000)
  from space 5120K, 99% used [0x00000000ef100000,0x00000000ef5f8e08,0x00000000ef600000)
  to   space 5120K, 0% used [0x00000000eec00000,0x00000000eec00000,0x00000000ef100000)
 ParOldGen       total 87552K, used 5687K [0x00000000c0000000, 0x00000000c5580000, 0x00000000eab00000)
  object space 87552K, 6% used [0x00000000c0000000,0x00000000c058dc80,0x00000000c5580000)
 Metaspace       used 6184K, capacity 7088K, committed 7296K, reserved 1056768K
  class space    used 601K, capacity 616K, committed 640K, reserved 1048576K
}
Event: 4.508 GC heap before
{Heap before GC invocations=3 (full 0):
 PSYoungGen      total 71680K, used 71651K [0x00000000eab00000, 0x00000000ef600000, 0x0000000100000000)
  eden space 66560K, 100% used [0x00000000eab00000,0x00000000eec00000,0x00000000eec00000)
  from space 5120K, 99% used [0x00000000ef100000,0x00000000ef5f8e08,0x00000000ef600000)
  to   space 5120K, 0% used [0x00000000eec00000,0x00000000eec00000,0x00000000ef100000)
 ParOldGen       total 87552K, used 5687K [0x00000000c0000000, 0x00000000c5580000, 0x00000000eab00000)
  object space 87552K, 6% used [0x00000000c0000000,0x00000000c058dc80,0x00000000c5580000)
 Metaspace       used 6332K, capacity 7128K, committed 7424K, reserved 1056768K
  class space    used 623K, capacity 656K, committed 768K, reserved 1048576K
Event: 4.534 GC heap after
Heap after GC invocations=3 (full 0):
 PSYoungGen      total 71680K, used 5104K [0x00000000eab00000, 0x00000000ef600000, 0x0000000100000000)
  eden space 66560K, 0% used [0x00000000eab00000,0x00000000eab00000,0x00000000eec00000)
  from space 5120K, 99% used [0x00000000eec00000,0x00000000ef0fc030,0x00000000ef100000)
  to   space 5120K, 0% used [0x00000000ef100000,0x00000000ef100000,0x00000000ef600000)
 ParOldGen       total 87552K, used 15424K [0x00000000c0000000, 0x00000000c5580000, 0x00000000eab00000)
  object space 87552K, 17% used [0x00000000c0000000,0x00000000c0f101f8,0x00000000c5580000)
 Metaspace       used 6332K, capacity 7128K, committed 7424K, reserved 1056768K
  class space    used 623K, capacity 656K, committed 768K, reserved 1048576K
}

Deoptimization events (10 events):
Event: 3.605 Thread 0x0000000016b54000 Uncommon trap: reason=unstable_if action=reinterpret pc=0x0000000002dd977c method=com.android.dx.util.IntList.binarysearch(I)I @ 105
Event: 3.612 Thread 0x0000000016b54000 Uncommon trap: reason=bimorphic action=maybe_recompile pc=0x0000000003006a78 method=com.android.dx.ssa.LiteralOpUpgrader.tryReplacingWithConstant(Lcom/android/dx/ssa/NormalSsaInsn;)Z @ 52
Event: 3.618 Thread 0x0000000016b54000 Uncommon trap: reason=unstable_if action=reinterpret pc=0x0000000002fccc34 method=com.android.dx.rop.code.BasicBlockList.preferredSuccessorOf(Lcom/android/dx/rop/code/BasicBlock;)Lcom/android/dx/rop/code/BasicBlock; @ 58
Event: 3.618 Thread 0x0000000016b54000 Uncommon trap: reason=unstable_if action=reinterpret pc=0x0000000002f33acc method=com.android.dx.dex.code.RopToDop.dopFor(Lcom/android/dx/rop/code/Insn;)Lcom/android/dx/dex/code/Dop; @ 747
Event: 3.620 Thread 0x0000000016b54000 Uncommon trap: reason=bimorphic action=maybe_recompile pc=0x0000000003006a78 method=com.android.dx.ssa.LiteralOpUpgrader.tryReplacingWithConstant(Lcom/android/dx/ssa/NormalSsaInsn;)Z @ 52
Event: 3.635 Thread 0x0000000016b52800 Uncommon trap: reason=unstable_if action=reinterpret pc=0x0000000003013a18 method=java.util.HashMap.putVal(ILjava/lang/Object;Ljava/lang/Object;ZZ)Ljava/lang/Object; @ 109
Event: 3.658 Thread 0x000000000274d800 Uncommon trap: reason=bimorphic action=maybe_recompile pc=0x0000000003006a78 method=com.android.dx.ssa.LiteralOpUpgrader.tryReplacingWithConstant(Lcom/android/dx/ssa/NormalSsaInsn;)Z @ 52
Event: 4.355 Thread 0x0000000016b54000 Uncommon trap: reason=unstable_if action=reinterpret pc=0x0000000002ec1e04 method=java.util.HashMap.resize()[Ljava/util/HashMap$Node; @ 206
Event: 4.548 Thread 0x000000000274d800 Uncommon trap: reason=bimorphic action=maybe_recompile pc=0x0000000003006a78 method=com.android.dx.ssa.LiteralOpUpgrader.tryReplacingWithConstant(Lcom/android/dx/ssa/NormalSsaInsn;)Z @ 52
Event: 4.587 Thread 0x0000000016b46800 Uncommon trap: reason=bimorphic action=maybe_recompile pc=0x0000000002ff5d78 method=com.android.dx.ssa.LiteralOpUpgrader.tryReplacingWithConstant(Lcom/android/dx/ssa/NormalSsaInsn;)Z @ 52

Internal exceptions (8 events):
Event: 0.062 Thread 0x000000000274d800 Exception <a 'java/lang/NoSuchMethodError': Method sun.misc.Unsafe.defineClass(Ljava/lang/String;[BII)Ljava/lang/Class; name or signature does not match> (0x00000000eab0dc08) thrown at [D:\re\puppet\workspace\8-2-build-windows-amd64-cygwin\jdk8u73\6086\hotÒây¨õ›¯?
Event: 0.062 Thread 0x000000000274d800 Exception <a 'java/lang/NoSuchMethodError': Method sun.misc.Unsafe.prefetchRead(Ljava/lang/Object;J)V name or signature does not match> (0x00000000eab0def0) thrown at [D:\re\puppet\workspace\8-2-build-windows-amd64-cygwin\jdk8u73\6086\hotspot\src\share\vm\43ºKú?
Event: 1.643 Thread 0x0000000016b54000 Implicit null exception at 0x0000000002ccf6a2 to 0x0000000002ccf79a
Event: 2.958 Thread 0x0000000016b54000 Implicit null exception at 0x0000000002cbbb28 to 0x0000000002cbdd59
Event: 3.189 Thread 0x0000000016b52800 Implicit null exception at 0x0000000002c8f491 to 0x0000000002c911dd
Event: 3.233 Thread 0x000000000274d800 Exception <a 'java/lang/ArrayIndexOutOfBoundsException': 18> (0x00000000eba0e518) thrown at [D:\re\puppet\workspace\8-2-build-windows-amd64-cygwin\jdk8u73\6086\hotspot\src\share\vm\interpreter\interpreterRuntime.cpp, line 366]
Event: 3.234 Thread 0x000000000274d800 Exception <a 'java/lang/ArrayIndexOutOfBoundsException'> (0x00000000eba10098) thrown at [D:\re\puppet\workspace\8-2-build-windows-amd64-cygwin\jdk8u73\6086\hotspot\src\share\vm\runtime\sharedRuntime.cpp, line 605]
Event: 3.235 Thread 0x000000000274d800 Exception <a 'java/lang/ArrayIndexOutOfBoundsException'> (0x00000000eba11380) thrown at [D:\re\puppet\workspace\8-2-build-windows-amd64-cygwin\jdk8u73\6086\hotspot\src\share\vm\runtime\sharedRuntime.cpp, line 605]

Events (10 events):
Event: 4.433 Executing VM operation: ParallelGCFailedAllocation
Event: 4.535 Executing VM operation: ParallelGCFailedAllocation done
Event: 4.548 Thread 0x000000000274d800 Uncommon trap: trap_request=0xffffffc6 fr.pc=0x0000000003006a78
Event: 4.548 Thread 0x000000000274d800 DEOPT PACKING pc=0x0000000003006a78 sp=0x000000000284e410
Event: 4.548 Thread 0x000000000274d800 DEOPT UNPACKING pc=0x00000000029d582a sp=0x000000000284e348 mode 2
Event: 4.582 Thread 0x0000000016b46800 DEOPT PACKING pc=0x0000000002e8162e sp=0x00000000172ce330
Event: 4.582 Thread 0x0000000016b46800 DEOPT UNPACKING pc=0x00000000029d787f sp=0x00000000172ce170 mode 0
Event: 4.587 Thread 0x0000000016b46800 Uncommon trap: trap_request=0xffffffc6 fr.pc=0x0000000002ff5d78
Event: 4.587 Thread 0x0000000016b46800 DEOPT PACKING pc=0x0000000002ff5d78 sp=0x00000000172ce430
Event: 4.587 Thread 0x0000000016b46800 DEOPT UNPACKING pc=0x00000000029d582a sp=0x00000000172ce450 mode 2


Dynamic libraries:
0x00007ff7ef200000 - 0x00007ff7ef237000 	C:\Program Files\Java\jdk1.8.0_73\bin\java.exe
0x00007ff8136e0000 - 0x00007ff8138a1000 	C:\WINDOWS\SYSTEM32\ntdll.dll
0x00007ff810e60000 - 0x00007ff810f0d000 	C:\WINDOWS\system32\KERNEL32.DLL
0x00007ff80fd90000 - 0x00007ff80ff78000 	C:\WINDOWS\system32\KERNELBASE.dll
0x00007ff810db0000 - 0x00007ff810e57000 	C:\WINDOWS\system32\ADVAPI32.dll
0x00007ff813200000 - 0x00007ff81329d000 	C:\WINDOWS\system32\msvcrt.dll
0x00007ff813420000 - 0x00007ff81347b000 	C:\WINDOWS\system32\sechost.dll
0x00007ff812c90000 - 0x00007ff812dac000 	C:\WINDOWS\system32\RPCRT4.dll
0x00007ff811200000 - 0x00007ff811356000 	C:\WINDOWS\system32\USER32.dll
0x00007ff810f10000 - 0x00007ff811096000 	C:\WINDOWS\system32\GDI32.dll
0x00007ff803630000 - 0x00007ff8038a4000 	C:\WINDOWS\WinSxS\amd64_microsoft.windows.common-controls_6595b64144ccf1df_6.0.10586.839_none_a2ddba30a539a2ae\COMCTL32.dll
0x00007ff8113e0000 - 0x00007ff81165d000 	C:\WINDOWS\system32\combase.dll
0x00007ff80ff80000 - 0x00007ff80ffea000 	C:\WINDOWS\system32\bcryptPrimitives.dll
0x00007ff8132a0000 - 0x00007ff8132db000 	C:\WINDOWS\system32\IMM32.DLL
0x0000000052de0000 - 0x0000000052eb2000 	C:\Program Files\Java\jdk1.8.0_73\jre\bin\msvcr100.dll
0x0000000052550000 - 0x0000000052de0000 	C:\Program Files\Java\jdk1.8.0_73\jre\bin\server\jvm.dll
0x00007ff810da0000 - 0x00007ff810da8000 	C:\WINDOWS\system32\PSAPI.DLL
0x00007ff800540000 - 0x00007ff800549000 	C:\WINDOWS\SYSTEM32\WSOCK32.dll
0x00007ff812c20000 - 0x00007ff812c8b000 	C:\WINDOWS\system32\WS2_32.dll
0x00007ff80e400000 - 0x00007ff80e423000 	C:\WINDOWS\SYSTEM32\WINMM.dll
0x00007ff801ae0000 - 0x00007ff801aea000 	C:\WINDOWS\SYSTEM32\VERSION.dll
0x00007ff80e3d0000 - 0x00007ff80e3fc000 	C:\WINDOWS\SYSTEM32\WINMMBASE.dll
0x00007ff810080000 - 0x00007ff8100c3000 	C:\WINDOWS\system32\cfgmgr32.dll
0x0000000052540000 - 0x000000005254f000 	C:\Program Files\Java\jdk1.8.0_73\jre\bin\verify.dll
0x0000000052510000 - 0x0000000052539000 	C:\Program Files\Java\jdk1.8.0_73\jre\bin\java.dll
0x00000000524f0000 - 0x0000000052506000 	C:\Program Files\Java\jdk1.8.0_73\jre\bin\zip.dll
0x00007ff8116c0000 - 0x00007ff812c1c000 	C:\WINDOWS\system32\SHELL32.dll
0x00007ff810470000 - 0x00007ff810ab5000 	C:\WINDOWS\system32\windows.storage.dll
0x00007ff8133c0000 - 0x00007ff813412000 	C:\WINDOWS\system32\shlwapi.dll
0x00007ff80fd50000 - 0x00007ff80fd5f000 	C:\WINDOWS\system32\kernel.appcore.dll
0x00007ff8101e0000 - 0x00007ff810295000 	C:\WINDOWS\system32\shcore.dll
0x00007ff80fd00000 - 0x00007ff80fd4b000 	C:\WINDOWS\system32\powrprof.dll
0x00007ff80fd70000 - 0x00007ff80fd84000 	C:\WINDOWS\system32\profapi.dll

VM Arguments:
jvm_args: -Djava.awt.headless=true -Xmx1024M -Dfile.encoding=windows-1252 -Duser.country=US -Duser.language=en -Duser.variant 
java_command: com.android.dx.command.Main --dex --force-jumbo --num-threads=4 --multi-dex --output C:\Users\lyspl\AndroidStudioProjects\TestGraphUI\app\build\intermediates\transforms\dex\debug\folders\1000\10\classes_e7e9a11caffa4b8ccc1330bbd7f362d29128f8ba C:\Users\lyspl\.android\build-cache\d461aabcffa6259c442101a379915a0e266ba81f\output\jars\classes.jar
java_class_path (initial): C:\Users\lyspl\AppData\Local\Android\sdk\build-tools\25.0.0\lib\dx.jar
Launcher Type: SUN_STANDARD

Environment Variables:
JAVA_HOME=C:\Program Files\Java\jdk1.8.0_73
CLASSPATH=C:\Users\lyspl\lib\antlr-3.5-complete.jar; C:\Users\lyspl\lib\bin; C:\Users\lyspl\lib\antlrworks-1.5.2.jar
PATH=c:\mingw\bin;C:\Users\lyspl\AppData\Local\Android\sdk\platform-tools;C:\ProgramData\Oracle\Java\javapath;C:\Program Files (x86)\Intel\iCLS Client\;C:\Program Files\Intel\iCLS Client\;C:\Program Files (x86)\Lenovo\FusionEngine;C:\Windows\system32;C:\Windows;C:\Windows\System32\Wbem;C:\Windows\System32\WindowsPowerShell\v1.0\;C:\Program Files (x86)\Intel\Intel(R) Management Engine Components\DAL;C:\Program Files\Intel\Intel(R) Management Engine Components\DAL;C:\Program Files (x86)\Intel\Intel(R) Management Engine Components\IPT;C:\Program Files\Intel\Intel(R) Management Engine Components\IPT;C:\Program Files\Lenovo\Bluetooth Software\;C:\Program Files\Lenovo\Bluetooth Software\syswow64;C:\adb;C:\Program Files\Git\cmd;C:\WINDOWS\system32;C:\WINDOWS;C:\WINDOWS\System32\Wbem;C:\WINDOWS\System32\WindowsPowerShell\v1.0\;C:\Program Files\Java\jdk1.8.0_73\bin;C:\Users\lyspl\lib;C:\Users\lyspl\Anaconda2;C:\Users\lyspl\Anaconda2\Scripts;C:\Users\lyspl\Anaconda2\Library\bin;C:\MongoDB\Server\3.2\bin;C:\Program Files (x86)\Skype\Phone\;C:\Users\lyspl\Anaconda3;C:\Users\lyspl\Anaconda3\Scripts;C:\Users\lyspl\Anaconda3\Library\bin;C:\Users\lyspl\Anaconda2;C:\Users\lyspl\Anaconda2\Scripts;C:\Users\lyspl\Anaconda2\Library\bin;C:\Users\lyspl\AppData\Local\Programs\MiKTeX 2.9\miktex\bin\x64\;c:\mingw\bin;C:\MongoDB\Server\3.2\bin;C:\Users\lyspl\AppData\Local\Android\sdk
USERNAME=lyspl
OS=Windows_NT
PROCESSOR_IDENTIFIER=Intel64 Family 6 Model 61 Stepping 4, GenuineIntel



---------------  S Y S T E M  ---------------

OS: Windows 10.0 , 64 bit Build 10586 (10.0.10586.589)

CPU:total 4 (2 cores per cpu, 2 threads per core) family 6 model 61 stepping 4, cmov, cx8, fxsr, mmx, sse, sse2, sse3, ssse3, sse4.1, sse4.2, popcnt, avx, avx2, aes, clmul, erms, 3dnowpref, lzcnt, ht, tsc, tscinvbit, bmi1, bmi2, adx

Memory: 4k page, physical 8292268k(1105344k free), swap 10516936k(2576k free)

vm_info: Java HotSpot(TM) 64-Bit Server VM (25.73-b02) for windows-amd64 JRE (1.8.0_73-b02), built on Jan 29 2016 17:38:49 by "java_re" with MS VC++ 10.0 (VS2010)

time: Thu Apr 13 19:07:56 2017
elapsed time: 5 seconds (0d 0h 0m 5s)

