#
# There is insufficient memory for the Java Runtime Environment to continue.
# Native memory allocation (malloc) failed to allocate 262160 bytes for Chunk::new
# Possible reasons:
#   The system is out of physical RAM or swap space
#   In 32 bit mode, the process size limit was hit
# Possible solutions:
#   Reduce memory load on the system
#   Increase physical memory or swap space
#   Check if swap backing store is full
#   Use 64 bit Java on a 64 bit OS
#   Decrease Java heap size (-Xmx/-Xms)
#   Decrease number of Java threads
#   Decrease Java thread stack sizes (-Xss)
#   Set larger code cache with -XX:ReservedCodeCacheSize=
# This output file may be truncated or incomplete.
#
#  Out of Memory Error (allocation.cpp:390), pid=5448, tid=516
#
# JRE version: Java(TM) SE Runtime Environment (8.0_73-b02) (build 1.8.0_73-b02)
# Java VM: Java HotSpot(TM) 64-Bit Server VM (25.73-b02 mixed mode windows-amd64 compressed oops)
# Failed to write core dump. Minidumps are not enabled by default on client versions of Windows
#

---------------  T H R E A D  ---------------

Current thread (0x0000000014b0a800):  JavaThread "C2 CompilerThread0" daemon [_thread_in_native, id=516, stack(0x0000000016160000,0x0000000016260000)]

Stack: [0x0000000016160000,0x0000000016260000]
[error occurred during error reporting (printing stack bounds), id 0xc0000005]

Native frames: (J=compiled Java code, j=interpreted, Vv=VM code, C=native code)


Current CompileTask:
C2:   2808 1113       4       com.android.dx.rop.code.Rops::ropFor (771 bytes)


---------------  P R O C E S S  ---------------

Java Threads: ( => current thread )
  0x00000000165b8800 JavaThread "pool-2-thread-4" [_thread_in_Java, id=524, stack(0x0000000016e60000,0x0000000016f60000)]
  0x000000001647d800 JavaThread "pool-3-thread-1" [_thread_blocked, id=4124, stack(0x0000000016b60000,0x0000000016c60000)]
  0x0000000016369000 JavaThread "Service Thread" daemon [_thread_blocked, id=4516, stack(0x0000000016860000,0x0000000016960000)]
  0x0000000016368800 JavaThread "C1 CompilerThread2" daemon [_thread_blocked, id=11412, stack(0x0000000016760000,0x0000000016860000)]
  0x0000000014b40800 JavaThread "C2 CompilerThread1" daemon [_thread_in_native, id=5236, stack(0x0000000016260000,0x0000000016360000)]
=>0x0000000014b0a800 JavaThread "C2 CompilerThread0" daemon [_thread_in_native, id=516, stack(0x0000000016160000,0x0000000016260000)]
  0x0000000014b08800 JavaThread "Attach Listener" daemon [_thread_blocked, id=1508, stack(0x0000000016060000,0x0000000016160000)]
  0x0000000014b07000 JavaThread "Signal Dispatcher" daemon [_thread_blocked, id=8276, stack(0x0000000015f60000,0x0000000016060000)]
  0x0000000002421000 JavaThread "Finalizer" daemon [_thread_blocked, id=2204, stack(0x0000000015d80000,0x0000000015e80000)]
  0x000000000241e800 JavaThread "Reference Handler" daemon [_thread_blocked, id=10992, stack(0x0000000015c80000,0x0000000015d80000)]
  0x000000000090d800 JavaThread "main" [_thread_blocked, id=10696, stack(0x0000000002230000,0x0000000002330000)]

Other Threads:
  0x0000000014ac7800 VMThread [stack: 0x0000000015b80000,0x0000000015c80000] [id=2124]
  0x000000001636d000 WatcherThread [stack: 0x0000000016960000,0x0000000016a60000] [id=6004]

VM state:not at safepoint (normal execution)

VM Mutex/Monitor currently owned by a thread: None

Heap:
 PSYoungGen      total 38400K, used 26933K [0x00000000eab00000, 0x00000000ed580000, 0x0000000100000000)
  eden space 33280K, 80% used [0x00000000eab00000,0x00000000ec54d620,0x00000000ecb80000)
  from space 5120K, 0% used [0x00000000ed080000,0x00000000ed080000,0x00000000ed580000)
  to   space 5120K, 0% used [0x00000000ecb80000,0x00000000ecb80000,0x00000000ed080000)
 ParOldGen       total 87552K, used 0K [0x00000000c0000000, 0x00000000c5580000, 0x00000000eab00000)
  object space 87552K, 0% used [0x00000000c0000000,0x00000000c0000000,0x00000000c5580000)
 Metaspace       used 5739K, capacity 6832K, committed 7040K, reserved 1056768K
  class space    used 589K, capacity 616K, committed 640K, reserved 1048576K

Card table byte_map: [0x00000000117f0000,0x0000000011a00000] byte_map_base: 0x00000000111f0000

Marking Bits: (ParMarkBitMap*) 0x0000000052d60600
 Begin Bits: [0x0000000011f60000, 0x0000000012f60000)
 End Bits:   [0x0000000012f60000, 0x0000000013f60000)

Polling page: 0x00000000008f0000

CodeCache: size=245760Kb used=4505Kb max_used=4505Kb free=241254Kb
 bounds [0x0000000002430000, 0x00000000028a0000, 0x0000000011430000]
 total_blobs=1376 nmethods=1112 adapters=175
 compilation: enabled

Compilation events (10 events):
Event: 2.720 Thread 0x0000000016368800 nmethod 1109 0x000000000288b0d0 code [0x000000000288b2c0, 0x000000000288bd98]
Event: 2.723 Thread 0x0000000014b0a800 1110       4       com.android.dx.cf.code.BaseMachine::getLocalTarget (151 bytes)
Event: 2.727 Thread 0x0000000014b0a800 nmethod 1110 0x000000000288eb90 code [0x000000000288ed00, 0x000000000288ef28]
Event: 2.727 Thread 0x0000000014b0a800 1111       4       com.android.dx.cf.code.LineNumberList::pcToLine (73 bytes)
Event: 2.732 Thread 0x0000000014b0a800 nmethod 1111 0x00000000028920d0 code [0x0000000002892220, 0x0000000002892478]
Event: 2.735 Thread 0x0000000014b0a800 1112       4       com.android.dx.cf.code.RopperMachine::jopToRopOpcode (1103 bytes)
Event: 2.748 Thread 0x0000000014b0a800 nmethod 1112 0x0000000002892610 code [0x0000000002892fa0, 0x0000000002893618]
Event: 2.749 Thread 0x0000000014b0a800 1113       4       com.android.dx.rop.code.Rops::ropFor (771 bytes)
Event: 2.752 Thread 0x0000000016368800 1114       3       java.lang.String::<init> (15 bytes)
Event: 2.752 Thread 0x0000000016368800 nmethod 1114 0x0000000002891990 code [0x0000000002891b20, 0x0000000002891f08]

GC Heap History (0 events):
No events

Deoptimization events (10 events):
Event: 2.474 Thread 0x00000000165b8800 Uncommon trap: reason=unloaded action=reinterpret pc=0x00000000026ec3bc method=com.android.dx.ssa.SsaRenamer$BlockRenamer.visitMoveInsn(Lcom/android/dx/ssa/NormalSsaInsn;)V @ 208
Event: 2.477 Thread 0x00000000165b8800 Uncommon trap: reason=unloaded action=reinterpret pc=0x00000000026e2ba8 method=com.android.dx.ssa.SsaRenamer$BlockRenamer.visitMoveInsn(Lcom/android/dx/ssa/NormalSsaInsn;)V @ 208
Event: 2.479 Thread 0x00000000165b8800 Uncommon trap: reason=unstable_if action=reinterpret pc=0x0000000002690f48 method=com.android.dx.rop.code.RegisterSpec.equals(ILcom/android/dx/rop/type/TypeBearer;Lcom/android/dx/rop/code/LocalItem;)Z @ 16
Event: 2.488 Thread 0x00000000165b8800 Uncommon trap: reason=unstable_if action=reinterpret pc=0x00000000027ea94c method=com.android.dx.ssa.NormalSsaInsn.getLocalAssignment()Lcom/android/dx/rop/code/RegisterSpec; @ 12
Event: 2.488 Thread 0x00000000165b8800 Uncommon trap: reason=unstable_if action=reinterpret pc=0x000000000277dae8 method=com.android.dx.ssa.NormalSsaInsn.getLocalAssignment()Lcom/android/dx/rop/code/RegisterSpec; @ 12
Event: 2.488 Thread 0x00000000165b8800 Uncommon trap: reason=unstable_if action=reinterpret pc=0x0000000002722eb0 method=com.android.dx.ssa.NormalSsaInsn.getLocalAssignment()Lcom/android/dx/rop/code/RegisterSpec; @ 12
Event: 2.491 Thread 0x00000000165b8800 Uncommon trap: reason=bimorphic action=maybe_recompile pc=0x00000000028528b0 method=java.util.HashMap.putVal(ILjava/lang/Object;Ljava/lang/Object;ZZ)Ljava/lang/Object; @ 91
Event: 2.491 Thread 0x00000000165b8800 Uncommon trap: reason=unstable_if action=reinterpret pc=0x00000000028523d4 method=java.util.HashMap.putVal(ILjava/lang/Object;Ljava/lang/Object;ZZ)Ljava/lang/Object; @ 162
Event: 2.493 Thread 0x00000000165b8800 Uncommon trap: reason=unstable_if action=reinterpret pc=0x000000000268ed70 method=java.util.HashMap.getNode(ILjava/lang/Object;)Ljava/util/HashMap$Node; @ 84
Event: 2.493 Thread 0x00000000165b8800 Uncommon trap: reason=unstable_if action=reinterpret pc=0x00000000025b06dc method=com.android.dx.rop.cst.Constant.compareTo(Lcom/android/dx/rop/cst/Constant;)I @ 12

Internal exceptions (3 events):
Event: 0.261 Thread 0x000000000090d800 Exception <a 'java/lang/NoSuchMethodError': Method sun.misc.Unsafe.defineClass(Ljava/lang/String;[BII)Ljava/lang/Class; name or signature does not match> (0x00000000eab0dd68) thrown at [D:\re\puppet\workspace\8-2-build-windows-amd64-cygwin\jdk8u73\6086\hotãÀ²'µÐ?
Event: 0.261 Thread 0x000000000090d800 Exception <a 'java/lang/NoSuchMethodError': Method sun.misc.Unsafe.prefetchRead(Ljava/lang/Object;J)V name or signature does not match> (0x00000000eab0e050) thrown at [D:\re\puppet\workspace\8-2-build-windows-amd64-cygwin\jdk8u73\6086\hotspot\src\share\vm\š¹Fƒzð@
Event: 2.492 Thread 0x00000000165b8800 Exception <a 'java/lang/ArrayIndexOutOfBoundsException': 18> (0x00000000ec0e0038) thrown at [D:\re\puppet\workspace\8-2-build-windows-amd64-cygwin\jdk8u73\6086\hotspot\src\share\vm\interpreter\interpreterRuntime.cpp, line 366]

Events (10 events):
Event: 2.602 Thread 0x00000000165b8800 DEOPT PACKING pc=0x00000000026de5fa sp=0x0000000016f5e830
Event: 2.602 Thread 0x00000000165b8800 DEOPT UNPACKING pc=0x000000000247787f sp=0x0000000016f5e598 mode 0
Event: 2.602 Thread 0x00000000165b8800 DEOPT PACKING pc=0x00000000026de5fa sp=0x0000000016f5e830
Event: 2.602 Thread 0x00000000165b8800 DEOPT UNPACKING pc=0x000000000247787f sp=0x0000000016f5e598 mode 0
Event: 2.603 Thread 0x00000000165b8800 DEOPT PACKING pc=0x00000000026de5fa sp=0x0000000016f5e830
Event: 2.603 Thread 0x00000000165b8800 DEOPT UNPACKING pc=0x000000000247787f sp=0x0000000016f5e598 mode 0
Event: 2.604 Thread 0x00000000165b8800 DEOPT PACKING pc=0x00000000026de5fa sp=0x0000000016f5e830
Event: 2.604 Thread 0x00000000165b8800 DEOPT UNPACKING pc=0x000000000247787f sp=0x0000000016f5e598 mode 0
Event: 2.605 Thread 0x00000000165b8800 DEOPT PACKING pc=0x00000000026de5fa sp=0x0000000016f5e830
Event: 2.605 Thread 0x00000000165b8800 DEOPT UNPACKING pc=0x000000000247787f sp=0x0000000016f5e598 mode 0


Dynamic libraries:
0x00007ff7ef200000 - 0x00007ff7ef237000 	C:\Program Files\Java\jdk1.8.0_73\bin\java.exe
0x00007ff8136e0000 - 0x00007ff8138a1000 	C:\WINDOWS\SYSTEM32\ntdll.dll
0x00007ff810e60000 - 0x00007ff810f0d000 	C:\WINDOWS\system32\KERNEL32.DLL
0x00007ff80fd90000 - 0x00007ff80ff78000 	C:\WINDOWS\system32\KERNELBASE.dll
0x00007ff810db0000 - 0x00007ff810e57000 	C:\WINDOWS\system32\ADVAPI32.dll
0x00007ff813200000 - 0x00007ff81329d000 	C:\WINDOWS\system32\msvcrt.dll
0x00007ff813420000 - 0x00007ff81347b000 	C:\WINDOWS\system32\sechost.dll
0x00007ff812c90000 - 0x00007ff812dac000 	C:\WINDOWS\system32\RPCRT4.dll
0x00007ff811200000 - 0x00007ff811356000 	C:\WINDOWS\system32\USER32.dll
0x00007ff810f10000 - 0x00007ff811096000 	C:\WINDOWS\system32\GDI32.dll
0x00007ff803630000 - 0x00007ff8038a4000 	C:\WINDOWS\WinSxS\amd64_microsoft.windows.common-controls_6595b64144ccf1df_6.0.10586.839_none_a2ddba30a539a2ae\COMCTL32.dll
0x00007ff8113e0000 - 0x00007ff81165d000 	C:\WINDOWS\system32\combase.dll
0x00007ff80ff80000 - 0x00007ff80ffea000 	C:\WINDOWS\system32\bcryptPrimitives.dll
0x00007ff8132a0000 - 0x00007ff8132db000 	C:\WINDOWS\system32\IMM32.DLL
0x0000000052de0000 - 0x0000000052eb2000 	C:\Program Files\Java\jdk1.8.0_73\jre\bin\msvcr100.dll
0x0000000052550000 - 0x0000000052de0000 	C:\Program Files\Java\jdk1.8.0_73\jre\bin\server\jvm.dll
0x00007ff810da0000 - 0x00007ff810da8000 	C:\WINDOWS\system32\PSAPI.DLL
0x00007ff800540000 - 0x00007ff800549000 	C:\WINDOWS\SYSTEM32\WSOCK32.dll
0x00007ff80e400000 - 0x00007ff80e423000 	C:\WINDOWS\SYSTEM32\WINMM.dll
0x00007ff812c20000 - 0x00007ff812c8b000 	C:\WINDOWS\system32\WS2_32.dll
0x00007ff801ae0000 - 0x00007ff801aea000 	C:\WINDOWS\SYSTEM32\VERSION.dll
0x00007ff80e3d0000 - 0x00007ff80e3fc000 	C:\WINDOWS\SYSTEM32\WINMMBASE.dll
0x00007ff810080000 - 0x00007ff8100c3000 	C:\WINDOWS\system32\cfgmgr32.dll
0x0000000052540000 - 0x000000005254f000 	C:\Program Files\Java\jdk1.8.0_73\jre\bin\verify.dll
0x0000000052510000 - 0x0000000052539000 	C:\Program Files\Java\jdk1.8.0_73\jre\bin\java.dll
0x00000000524f0000 - 0x0000000052506000 	C:\Program Files\Java\jdk1.8.0_73\jre\bin\zip.dll
0x00007ff8116c0000 - 0x00007ff812c1c000 	C:\WINDOWS\system32\SHELL32.dll
0x00007ff810470000 - 0x00007ff810ab5000 	C:\WINDOWS\system32\windows.storage.dll
0x00007ff8133c0000 - 0x00007ff813412000 	C:\WINDOWS\system32\shlwapi.dll
0x00007ff80fd50000 - 0x00007ff80fd5f000 	C:\WINDOWS\system32\kernel.appcore.dll
0x00007ff8101e0000 - 0x00007ff810295000 	C:\WINDOWS\system32\shcore.dll
0x00007ff80fd00000 - 0x00007ff80fd4b000 	C:\WINDOWS\system32\powrprof.dll
0x00007ff80fd70000 - 0x00007ff80fd84000 	C:\WINDOWS\system32\profapi.dll

VM Arguments:
jvm_args: -Djava.awt.headless=true -Xmx1024M -Dfile.encoding=windows-1252 -Duser.country=US -Duser.language=en -Duser.variant 
java_command: com.android.dx.command.Main --dex --force-jumbo --num-threads=4 --multi-dex --output C:\Users\lyspl\AndroidStudioProjects\TestGraphUI\app\build\intermediates\transforms\dex\debug\folders\1000\5\slice_4 C:\Users\lyspl\AndroidStudioProjects\TestGraphUI\app\build\intermediates\transforms\instantRunSlicer\debug\folders\1\5\slice_4
java_class_path (initial): C:\Users\lyspl\AppData\Local\Android\sdk\build-tools\25.0.0\lib\dx.jar
Launcher Type: SUN_STANDARD

Environment Variables:
JAVA_HOME=C:\Program Files\Java\jdk1.8.0_73
CLASSPATH=C:\Users\lyspl\lib\antlr-3.5-complete.jar; C:\Users\lyspl\lib\bin; C:\Users\lyspl\lib\antlrworks-1.5.2.jar
PATH=c:\mingw\bin;C:\Users\lyspl\AppData\Local\Android\sdk\platform-tools;C:\ProgramData\Oracle\Java\javapath;C:\Program Files (x86)\Intel\iCLS Client\;C:\Program Files\Intel\iCLS Client\;C:\Program Files (x86)\Lenovo\FusionEngine;C:\Windows\system32;C:\Windows;C:\Windows\System32\Wbem;C:\Windows\System32\WindowsPowerShell\v1.0\;C:\Program Files (x86)\Intel\Intel(R) Management Engine Components\DAL;C:\Program Files\Intel\Intel(R) Management Engine Components\DAL;C:\Program Files (x86)\Intel\Intel(R) Management Engine Components\IPT;C:\Program Files\Intel\Intel(R) Management Engine Components\IPT;C:\Program Files\Lenovo\Bluetooth Software\;C:\Program Files\Lenovo\Bluetooth Software\syswow64;C:\adb;C:\Program Files\Git\cmd;C:\WINDOWS\system32;C:\WINDOWS;C:\WINDOWS\System32\Wbem;C:\WINDOWS\System32\WindowsPowerShell\v1.0\;C:\Program Files\Java\jdk1.8.0_73\bin;C:\Users\lyspl\lib;C:\Users\lyspl\Anaconda2;C:\Users\lyspl\Anaconda2\Scripts;C:\Users\lyspl\Anaconda2\Library\bin;C:\MongoDB\Server\3.2\bin;C:\Program Files (x86)\Skype\Phone\;C:\Users\lyspl\Anaconda3;C:\Users\lyspl\Anaconda3\Scripts;C:\Users\lyspl\Anaconda3\Library\bin;C:\Users\lyspl\Anaconda2;C:\Users\lyspl\Anaconda2\Scripts;C:\Users\lyspl\Anaconda2\Library\bin;C:\Users\lyspl\AppData\Local\Programs\MiKTeX 2.9\miktex\bin\x64\;c:\mingw\bin;C:\MongoDB\Server\3.2\bin;C:\Users\lyspl\AppData\Local\Android\sdk
USERNAME=lyspl
OS=Windows_NT
PROCESSOR_IDENTIFIER=Intel64 Family 6 Model 61 Stepping 4, GenuineIntel



---------------  S Y S T E M  ---------------

OS: Windows 10.0 , 64 bit Build 10586 (10.0.10586.589)

CPU:total 4 (2 cores per cpu, 2 threads per core) family 6 model 61 stepping 4, cmov, cx8, fxsr, mmx, sse, sse2, sse3, ssse3, sse4.1, sse4.2, popcnt, avx, avx2, aes, clmul, erms, 3dnowpref, lzcnt, ht, tsc, tscinvbit, bmi1, bmi2, adx

Memory: 4k page, physical 8292268k(1316520k free), swap 10516936k(4788k free)

vm_info: Java HotSpot(TM) 64-Bit Server VM (25.73-b02) for windows-amd64 JRE (1.8.0_73-b02), built on Jan 29 2016 17:38:49 by "java_re" with MS VC++ 10.0 (VS2010)

time: Thu Apr 13 19:09:47 2017
elapsed time: 2 seconds (0d 0h 0m 2s)

