#
# There is insufficient memory for the Java Runtime Environment to continue.
# Native memory allocation (malloc) failed to allocate 40464 bytes for Chunk::new
# Possible reasons:
#   The system is out of physical RAM or swap space
#   In 32 bit mode, the process size limit was hit
# Possible solutions:
#   Reduce memory load on the system
#   Increase physical memory or swap space
#   Check if swap backing store is full
#   Use 64 bit Java on a 64 bit OS
#   Decrease Java heap size (-Xmx/-Xms)
#   Decrease number of Java threads
#   Decrease Java thread stack sizes (-Xss)
#   Set larger code cache with -XX:ReservedCodeCacheSize=
# This output file may be truncated or incomplete.
#
#  Out of Memory Error (allocation.cpp:390), pid=1996, tid=7744
#
# JRE version: Java(TM) SE Runtime Environment (8.0_73-b02) (build 1.8.0_73-b02)
# Java VM: Java HotSpot(TM) 64-Bit Server VM (25.73-b02 mixed mode windows-amd64 compressed oops)
# Failed to write core dump. Minidumps are not enabled by default on client versions of Windows
#

---------------  T H R E A D  ---------------

Current thread (0x0000000016568800):  JavaThread "C1 CompilerThread2" daemon [_thread_in_native, id=7744, stack(0x0000000016960000,0x0000000016a60000)]

Stack: [0x0000000016960000,0x0000000016a60000]
[error occurred during error reporting (printing stack bounds), id 0xc0000005]

Native frames: (J=compiled Java code, j=interpreted, Vv=VM code, C=native code)


Current CompileTask:
C1:   1190  435   !   3       com.android.dx.cf.code.BytecodeArray::parseInstruction (2764 bytes)


---------------  P R O C E S S  ---------------

Java Threads: ( => current thread )
  0x00000000167c4800 JavaThread "pool-2-thread-4" [_thread_in_vm, id=4808, stack(0x0000000017060000,0x0000000017160000)]
  0x00000000167c3800 JavaThread "pool-2-thread-3" [_thread_in_Java, id=3392, stack(0x0000000016f60000,0x0000000017060000)]
  0x00000000167c1800 JavaThread "pool-2-thread-2" [_thread_blocked, id=1768, stack(0x0000000016e60000,0x0000000016f60000)]
  0x00000000167dd000 JavaThread "pool-3-thread-1" [_thread_blocked, id=8268, stack(0x0000000016d60000,0x0000000016e60000)]
  0x00000000167dc800 JavaThread "pool-2-thread-1" [_thread_in_vm, id=7000, stack(0x0000000016c60000,0x0000000016d60000)]
  0x000000001656e000 JavaThread "Service Thread" daemon [_thread_blocked, id=8600, stack(0x0000000016a60000,0x0000000016b60000)]
=>0x0000000016568800 JavaThread "C1 CompilerThread2" daemon [_thread_in_native, id=7744, stack(0x0000000016960000,0x0000000016a60000)]
  0x0000000014d3c800 JavaThread "C2 CompilerThread1" daemon [_thread_blocked, id=2324, stack(0x0000000016460000,0x0000000016560000)]
  0x0000000014d39800 JavaThread "C2 CompilerThread0" daemon [_thread_blocked, id=10936, stack(0x0000000016360000,0x0000000016460000)]
  0x0000000014d37800 JavaThread "Attach Listener" daemon [_thread_blocked, id=9788, stack(0x0000000016260000,0x0000000016360000)]
  0x0000000014d36000 JavaThread "Signal Dispatcher" daemon [_thread_blocked, id=11384, stack(0x0000000016160000,0x0000000016260000)]
  0x0000000002651000 JavaThread "Finalizer" daemon [_thread_blocked, id=11900, stack(0x0000000015f80000,0x0000000016080000)]
  0x0000000014cf9000 JavaThread "Reference Handler" daemon [_thread_blocked, id=5464, stack(0x0000000015e80000,0x0000000015f80000)]
  0x000000000235d800 JavaThread "main" [_thread_in_Java, id=4236, stack(0x0000000002460000,0x0000000002560000)]

Other Threads:
  0x0000000014cf7800 VMThread [stack: 0x0000000015d80000,0x0000000015e80000] [id=4672]
  0x0000000016572800 WatcherThread [stack: 0x0000000016b60000,0x0000000016c60000] [id=900]

VM state:not at safepoint (normal execution)

VM Mutex/Monitor currently owned by a thread: None

Heap:
 PSYoungGen      total 38400K, used 14237K [0x00000000eab00000, 0x00000000ed580000, 0x0000000100000000)
  eden space 33280K, 42% used [0x00000000eab00000,0x00000000eb8e7640,0x00000000ecb80000)
  from space 5120K, 0% used [0x00000000ed080000,0x00000000ed080000,0x00000000ed580000)
  to   space 5120K, 0% used [0x00000000ecb80000,0x00000000ecb80000,0x00000000ed080000)
 ParOldGen       total 87552K, used 0K [0x00000000c0000000, 0x00000000c5580000, 0x00000000eab00000)
  object space 87552K, 0% used [0x00000000c0000000,0x00000000c0000000,0x00000000c5580000)
 Metaspace       used 5439K, capacity 6448K, committed 6528K, reserved 1056768K
  class space    used 592K, capacity 616K, committed 640K, reserved 1048576K

Card table byte_map: [0x0000000011a20000,0x0000000011c30000] byte_map_base: 0x0000000011420000

Marking Bits: (ParMarkBitMap*) 0x0000000052d60600
 Begin Bits: [0x0000000012190000, 0x0000000013190000)
 End Bits:   [0x0000000013190000, 0x0000000014190000)

Polling page: 0x0000000000a80000

CodeCache: size=245760Kb used=2016Kb max_used=2016Kb free=243743Kb
 bounds [0x0000000002660000, 0x00000000028d0000, 0x0000000011660000]
 total_blobs=704 nmethods=435 adapters=182
 compilation: enabled

Compilation events (10 events):
Event: 1.177 Thread 0x0000000016568800 nmethod 426 0x0000000002850fd0 code [0x0000000002851120, 0x0000000002851230]
Event: 1.177 Thread 0x0000000016568800  431       3       com.android.dx.rop.code.RegisterSpec$ForComparison::hashCode (16 bytes)
Event: 1.177 Thread 0x0000000016568800 nmethod 431 0x0000000002856c10 code [0x0000000002856da0, 0x0000000002857138]
Event: 1.177 Thread 0x0000000016568800  433   !   3       com.android.dx.rop.code.RegisterSpec::intern (70 bytes)
Event: 1.178 Thread 0x0000000016568800 nmethod 433 0x0000000002857310 code [0x0000000002857540, 0x0000000002858228]
Event: 1.179 Thread 0x0000000016568800  436       3       com.android.dx.util.Bits::get (25 bytes)
Event: 1.179 Thread 0x0000000016568800 nmethod 436 0x0000000002858990 code [0x0000000002858b00, 0x0000000002858cd0]
Event: 1.179 Thread 0x0000000016568800  437       3       com.android.dx.rop.code.RegisterSpec::access$600 (7 bytes)
Event: 1.179 Thread 0x0000000016568800 nmethod 437 0x0000000002858dd0 code [0x0000000002858f60, 0x0000000002859278]
Event: 1.179 Thread 0x0000000016568800  435   !   3       com.android.dx.cf.code.BytecodeArray::parseInstruction (2764 bytes)

GC Heap History (0 events):
No events

Deoptimization events (0 events):
No events

Internal exceptions (2 events):
Event: 0.059 Thread 0x000000000235d800 Exception <a 'java/lang/NoSuchMethodError': Method sun.misc.Unsafe.defineClass(Ljava/lang/String;[BII)Ljava/lang/Class; name or signature does not match> (0x00000000eab0dc08) thrown at [D:\re\puppet\workspace\8-2-build-windows-amd64-cygwin\jdk8u73\6086\hot¼Yö~®?
Event: 0.059 Thread 0x000000000235d800 Exception <a 'java/lang/NoSuchMethodError': Method sun.misc.Unsafe.prefetchRead(Ljava/lang/Object;J)V name or signature does not match> (0x00000000eab0def0) thrown at [D:\re\puppet\workspace\8-2-build-windows-amd64-cygwin\jdk8u73\6086\hotspot\src\share\vm\

Events (10 events):
Event: 1.172 loading class com/android/dx/cf/code/Ropper$ExceptionHandlerSetup
Event: 1.172 loading class com/android/dx/cf/code/Ropper$ExceptionHandlerSetup done
Event: 1.173 loading class java/util/HashMap$Values
Event: 1.173 loading class java/util/HashMap$Values done
Event: 1.173 loading class java/util/HashMap$ValueIterator
Event: 1.173 loading class java/util/HashMap$ValueIterator done
Event: 1.177 loading class com/android/dx/cf/code/BytecodeArray$ConstantParserVisitor
Event: 1.177 loading class com/android/dx/cf/code/BytecodeArray$ConstantParserVisitor done
Event: 1.181 loading class com/android/dx/ssa/PhiInsn$Operand
Event: 1.181 loading class com/android/dx/ssa/PhiInsn$Operand done


Dynamic libraries:
0x00007ff7ef200000 - 0x00007ff7ef237000 	C:\Program Files\Java\jdk1.8.0_73\bin\java.exe
0x00007ff8136e0000 - 0x00007ff8138a1000 	C:\WINDOWS\SYSTEM32\ntdll.dll
0x00007ff810e60000 - 0x00007ff810f0d000 	C:\WINDOWS\system32\KERNEL32.DLL
0x00007ff80fd90000 - 0x00007ff80ff78000 	C:\WINDOWS\system32\KERNELBASE.dll
0x00007ff810db0000 - 0x00007ff810e57000 	C:\WINDOWS\system32\ADVAPI32.dll
0x00007ff813200000 - 0x00007ff81329d000 	C:\WINDOWS\system32\msvcrt.dll
0x00007ff813420000 - 0x00007ff81347b000 	C:\WINDOWS\system32\sechost.dll
0x00007ff812c90000 - 0x00007ff812dac000 	C:\WINDOWS\system32\RPCRT4.dll
0x00007ff811200000 - 0x00007ff811356000 	C:\WINDOWS\system32\USER32.dll
0x00007ff810f10000 - 0x00007ff811096000 	C:\WINDOWS\system32\GDI32.dll
0x00007ff803630000 - 0x00007ff8038a4000 	C:\WINDOWS\WinSxS\amd64_microsoft.windows.common-controls_6595b64144ccf1df_6.0.10586.839_none_a2ddba30a539a2ae\COMCTL32.dll
0x00007ff8113e0000 - 0x00007ff81165d000 	C:\WINDOWS\system32\combase.dll
0x00007ff80ff80000 - 0x00007ff80ffea000 	C:\WINDOWS\system32\bcryptPrimitives.dll
0x00007ff8132a0000 - 0x00007ff8132db000 	C:\WINDOWS\system32\IMM32.DLL
0x0000000052de0000 - 0x0000000052eb2000 	C:\Program Files\Java\jdk1.8.0_73\jre\bin\msvcr100.dll
0x0000000052550000 - 0x0000000052de0000 	C:\Program Files\Java\jdk1.8.0_73\jre\bin\server\jvm.dll
0x00007ff810da0000 - 0x00007ff810da8000 	C:\WINDOWS\system32\PSAPI.DLL
0x00007ff800540000 - 0x00007ff800549000 	C:\WINDOWS\SYSTEM32\WSOCK32.dll
0x00007ff80e400000 - 0x00007ff80e423000 	C:\WINDOWS\SYSTEM32\WINMM.dll
0x00007ff812c20000 - 0x00007ff812c8b000 	C:\WINDOWS\system32\WS2_32.dll
0x00007ff801ae0000 - 0x00007ff801aea000 	C:\WINDOWS\SYSTEM32\VERSION.dll
0x00007ff80e3d0000 - 0x00007ff80e3fc000 	C:\WINDOWS\SYSTEM32\WINMMBASE.dll
0x00007ff810080000 - 0x00007ff8100c3000 	C:\WINDOWS\system32\cfgmgr32.dll
0x0000000052540000 - 0x000000005254f000 	C:\Program Files\Java\jdk1.8.0_73\jre\bin\verify.dll
0x0000000052510000 - 0x0000000052539000 	C:\Program Files\Java\jdk1.8.0_73\jre\bin\java.dll
0x00000000524f0000 - 0x0000000052506000 	C:\Program Files\Java\jdk1.8.0_73\jre\bin\zip.dll
0x00007ff8116c0000 - 0x00007ff812c1c000 	C:\WINDOWS\system32\SHELL32.dll
0x00007ff810470000 - 0x00007ff810ab5000 	C:\WINDOWS\system32\windows.storage.dll
0x00007ff8133c0000 - 0x00007ff813412000 	C:\WINDOWS\system32\shlwapi.dll
0x00007ff80fd50000 - 0x00007ff80fd5f000 	C:\WINDOWS\system32\kernel.appcore.dll
0x00007ff8101e0000 - 0x00007ff810295000 	C:\WINDOWS\system32\shcore.dll
0x00007ff80fd00000 - 0x00007ff80fd4b000 	C:\WINDOWS\system32\powrprof.dll
0x00007ff80fd70000 - 0x00007ff80fd84000 	C:\WINDOWS\system32\profapi.dll

VM Arguments:
jvm_args: -Djava.awt.headless=true -Xmx1024M -Dfile.encoding=windows-1252 -Duser.country=US -Duser.language=en -Duser.variant 
java_command: com.android.dx.command.Main --dex --force-jumbo --num-threads=4 --multi-dex --output C:\Users\lyspl\AndroidStudioProjects\TestGraphUI\app\build\intermediates\transforms\dex\debug\folders\1000\10\classes_e7e9a11caffa4b8ccc1330bbd7f362d29128f8ba C:\Users\lyspl\.android\build-cache\d461aabcffa6259c442101a379915a0e266ba81f\output\jars\classes.jar
java_class_path (initial): C:\Users\lyspl\AppData\Local\Android\sdk\build-tools\25.0.0\lib\dx.jar
Launcher Type: SUN_STANDARD

Environment Variables:
JAVA_HOME=C:\Program Files\Java\jdk1.8.0_73
CLASSPATH=C:\Users\lyspl\lib\antlr-3.5-complete.jar; C:\Users\lyspl\lib\bin; C:\Users\lyspl\lib\antlrworks-1.5.2.jar
PATH=c:\mingw\bin;C:\Users\lyspl\AppData\Local\Android\sdk\platform-tools;C:\ProgramData\Oracle\Java\javapath;C:\Program Files (x86)\Intel\iCLS Client\;C:\Program Files\Intel\iCLS Client\;C:\Program Files (x86)\Lenovo\FusionEngine;C:\Windows\system32;C:\Windows;C:\Windows\System32\Wbem;C:\Windows\System32\WindowsPowerShell\v1.0\;C:\Program Files (x86)\Intel\Intel(R) Management Engine Components\DAL;C:\Program Files\Intel\Intel(R) Management Engine Components\DAL;C:\Program Files (x86)\Intel\Intel(R) Management Engine Components\IPT;C:\Program Files\Intel\Intel(R) Management Engine Components\IPT;C:\Program Files\Lenovo\Bluetooth Software\;C:\Program Files\Lenovo\Bluetooth Software\syswow64;C:\adb;C:\Program Files\Git\cmd;C:\WINDOWS\system32;C:\WINDOWS;C:\WINDOWS\System32\Wbem;C:\WINDOWS\System32\WindowsPowerShell\v1.0\;C:\Program Files\Java\jdk1.8.0_73\bin;C:\Users\lyspl\lib;C:\Users\lyspl\Anaconda2;C:\Users\lyspl\Anaconda2\Scripts;C:\Users\lyspl\Anaconda2\Library\bin;C:\MongoDB\Server\3.2\bin;C:\Program Files (x86)\Skype\Phone\;C:\Users\lyspl\Anaconda3;C:\Users\lyspl\Anaconda3\Scripts;C:\Users\lyspl\Anaconda3\Library\bin;C:\Users\lyspl\Anaconda2;C:\Users\lyspl\Anaconda2\Scripts;C:\Users\lyspl\Anaconda2\Library\bin;C:\Users\lyspl\AppData\Local\Programs\MiKTeX 2.9\miktex\bin\x64\;c:\mingw\bin;C:\MongoDB\Server\3.2\bin;C:\Users\lyspl\AppData\Local\Android\sdk
USERNAME=lyspl
OS=Windows_NT
PROCESSOR_IDENTIFIER=Intel64 Family 6 Model 61 Stepping 4, GenuineIntel



---------------  S Y S T E M  ---------------

OS: Windows 10.0 , 64 bit Build 10586 (10.0.10586.589)

CPU:total 4 (2 cores per cpu, 2 threads per core) family 6 model 61 stepping 4, cmov, cx8, fxsr, mmx, sse, sse2, sse3, ssse3, sse4.1, sse4.2, popcnt, avx, avx2, aes, clmul, erms, 3dnowpref, lzcnt, ht, tsc, tscinvbit, bmi1, bmi2, adx

Memory: 4k page, physical 8292268k(1282460k free), swap 10516936k(412k free)

vm_info: Java HotSpot(TM) 64-Bit Server VM (25.73-b02) for windows-amd64 JRE (1.8.0_73-b02), built on Jan 29 2016 17:38:49 by "java_re" with MS VC++ 10.0 (VS2010)

time: Thu Apr 13 19:09:42 2017
elapsed time: 1 seconds (0d 0h 0m 1s)

