#
# There is insufficient memory for the Java Runtime Environment to continue.
# Native memory allocation (malloc) failed to allocate 1748656 bytes for Chunk::new
# Possible reasons:
#   The system is out of physical RAM or swap space
#   In 32 bit mode, the process size limit was hit
# Possible solutions:
#   Reduce memory load on the system
#   Increase physical memory or swap space
#   Check if swap backing store is full
#   Use 64 bit Java on a 64 bit OS
#   Decrease Java heap size (-Xmx/-Xms)
#   Decrease number of Java threads
#   Decrease Java thread stack sizes (-Xss)
#   Set larger code cache with -XX:ReservedCodeCacheSize=
# This output file may be truncated or incomplete.
#
#  Out of Memory Error (allocation.cpp:390), pid=6684, tid=6164
#
# JRE version: Java(TM) SE Runtime Environment (8.0_73-b02) (build 1.8.0_73-b02)
# Java VM: Java HotSpot(TM) 64-Bit Server VM (25.73-b02 mixed mode windows-amd64 compressed oops)
# Failed to write core dump. Minidumps are not enabled by default on client versions of Windows
#

---------------  T H R E A D  ---------------

Current thread (0x000000001526d800):  JavaThread "C2 CompilerThread0" daemon [_thread_in_native, id=6164, stack(0x00000000168c0000,0x00000000169c0000)]

Stack: [0x00000000168c0000,0x00000000169c0000]
[error occurred during error reporting (printing stack bounds), id 0xc0000005]

Native frames: (J=compiled Java code, j=interpreted, Vv=VM code, C=native code)


Current CompileTask:
C2:   2676  970       4       com.android.dx.rop.code.Rops::ropFor (771 bytes)


---------------  P R O C E S S  ---------------

Java Threads: ( => current thread )
  0x0000000016d38800 JavaThread "pool-2-thread-4" [_thread_in_Java, id=6096, stack(0x00000000175c0000,0x00000000176c0000)]
  0x0000000016d38000 JavaThread "pool-2-thread-3" [_thread_blocked, id=1348, stack(0x00000000174c0000,0x00000000175c0000)]
  0x0000000016c34800 JavaThread "pool-2-thread-2" [_thread_in_Java, id=7836, stack(0x00000000173c0000,0x00000000174c0000)]
  0x0000000016be3000 JavaThread "pool-3-thread-1" [_thread_blocked, id=12224, stack(0x00000000172c0000,0x00000000173c0000)]
  0x0000000016be2800 JavaThread "pool-2-thread-1" [_thread_in_Java, id=4172, stack(0x00000000171c0000,0x00000000172c0000)]
  0x0000000016ae4000 JavaThread "Service Thread" daemon [_thread_blocked, id=11556, stack(0x0000000016fc0000,0x00000000170c0000)]
  0x0000000016ac8800 JavaThread "C1 CompilerThread2" daemon [_thread_blocked, id=6196, stack(0x0000000016ec0000,0x0000000016fc0000)]
  0x0000000015270800 JavaThread "C2 CompilerThread1" daemon [_thread_in_native, id=5700, stack(0x00000000169c0000,0x0000000016ac0000)]
=>0x000000001526d800 JavaThread "C2 CompilerThread0" daemon [_thread_in_native, id=6164, stack(0x00000000168c0000,0x00000000169c0000)]
  0x000000001526b800 JavaThread "Attach Listener" daemon [_thread_blocked, id=4244, stack(0x00000000167c0000,0x00000000168c0000)]
  0x000000001526a800 JavaThread "Signal Dispatcher" daemon [_thread_blocked, id=8488, stack(0x00000000166c0000,0x00000000167c0000)]
  0x0000000002b91000 JavaThread "Finalizer" daemon [_thread_blocked, id=7128, stack(0x00000000164d0000,0x00000000165d0000)]
  0x0000000015239000 JavaThread "Reference Handler" daemon [_thread_blocked, id=6844, stack(0x00000000163d0000,0x00000000164d0000)]
  0x000000000299d800 JavaThread "main" [_thread_in_vm, id=9868, stack(0x00000000029a0000,0x0000000002aa0000)]

Other Threads:
  0x0000000015237800 VMThread [stack: 0x00000000162d0000,0x00000000163d0000] [id=10784]
  0x0000000016ae9800 WatcherThread [stack: 0x00000000170c0000,0x00000000171c0000] [id=2056]

VM state:not at safepoint (normal execution)

VM Mutex/Monitor currently owned by a thread: None

Heap:
 PSYoungGen      total 38400K, used 27376K [0x00000000eab00000, 0x00000000ed580000, 0x0000000100000000)
  eden space 33280K, 82% used [0x00000000eab00000,0x00000000ec5bc080,0x00000000ecb80000)
  from space 5120K, 0% used [0x00000000ed080000,0x00000000ed080000,0x00000000ed580000)
  to   space 5120K, 0% used [0x00000000ecb80000,0x00000000ecb80000,0x00000000ed080000)
 ParOldGen       total 87552K, used 0K [0x00000000c0000000, 0x00000000c5580000, 0x00000000eab00000)
  object space 87552K, 0% used [0x00000000c0000000,0x00000000c0000000,0x00000000c5580000)
 Metaspace       used 5693K, capacity 6832K, committed 7040K, reserved 1056768K
  class space    used 577K, capacity 616K, committed 640K, reserved 1048576K

Card table byte_map: [0x0000000011f60000,0x0000000012170000] byte_map_base: 0x0000000011960000

Marking Bits: (ParMarkBitMap*) 0x0000000065050600
 Begin Bits: [0x00000000126d0000, 0x00000000136d0000)
 End Bits:   [0x00000000136d0000, 0x00000000146d0000)

Polling page: 0x0000000002940000

CodeCache: size=245760Kb used=4414Kb max_used=4414Kb free=241345Kb
 bounds [0x0000000002ba0000, 0x0000000003000000, 0x0000000011ba0000]
 total_blobs=1323 nmethods=1061 adapters=175
 compilation: enabled

Compilation events (10 events):
Event: 2.527 Thread 0x0000000016ac8800 1067       3       com.android.dx.rop.cst.CstType::equals (29 bytes)
Event: 2.528 Thread 0x0000000016ac8800 nmethod 1067 0x0000000002fed650 code [0x0000000002fed7c0, 0x0000000002fedbb0]
Event: 2.528 Thread 0x0000000016ac8800 1068       3       java.util.TreeMap::fixAfterInsertion (267 bytes)
Event: 2.531 Thread 0x0000000016ac8800 nmethod 1068 0x0000000002fedc90 code [0x0000000002fee100, 0x0000000002ff0818]
Event: 2.531 Thread 0x0000000016ac8800 1070       3       com.android.dx.ssa.DeadCodeRemover$NoSideEffectVisitor::visitPhiInsn (22 bytes)
Event: 2.532 Thread 0x0000000016ac8800 nmethod 1070 0x0000000002ff19d0 code [0x0000000002ff1b80, 0x0000000002ff22e8]
Event: 2.532 Thread 0x0000000016ac8800 1066       3       java.util.TreeMap::rotateLeft (96 bytes)
Event: 2.532 Thread 0x0000000016ac8800 nmethod 1066 0x0000000002ff25d0 code [0x0000000002ff2740, 0x0000000002ff2a90]
Event: 2.540 Thread 0x0000000016ac8800 1071       1       com.android.dx.rop.cst.TypedConstant::getFrameType (2 bytes)
Event: 2.540 Thread 0x0000000016ac8800 nmethod 1071 0x0000000002ff2b90 code [0x0000000002ff2ce0, 0x0000000002ff2df0]

GC Heap History (0 events):
No events

Deoptimization events (3 events):
Event: 1.662 Thread 0x0000000016c34800 Uncommon trap: reason=unstable_if action=reinterpret pc=0x0000000002d86178 method=java.util.HashMap.getNode(ILjava/lang/Object;)Ljava/util/HashMap$Node; @ 62
Event: 1.783 Thread 0x0000000016be2800 Uncommon trap: reason=unstable_if action=reinterpret pc=0x0000000002dd2570 method=java.util.BitSet.nextSetBit(I)I @ 87
Event: 2.489 Thread 0x0000000016d38800 Uncommon trap: reason=null_check action=make_not_entrant pc=0x0000000002eadd24 method=com.android.dx.ssa.SsaRenamer.getLocalForNewReg(I)Lcom/android/dx/rop/code/LocalItem; @ 19

Internal exceptions (3 events):
Event: 0.698 Thread 0x000000000299d800 Exception <a 'java/lang/NoSuchMethodError': Method sun.misc.Unsafe.defineClass(Ljava/lang/String;[BII)Ljava/lang/Class; name or signature does not match> (0x00000000eab0dd68) thrown at [D:\re\puppet\workspace\8-2-build-windows-amd64-cygwin\jdk8u73\6086\hotüÚäríSæ?
Event: 0.698 Thread 0x000000000299d800 Exception <a 'java/lang/NoSuchMethodError': Method sun.misc.Unsafe.prefetchRead(Ljava/lang/Object;J)V name or signature does not match> (0x00000000eab0e050) thrown at [D:\re\puppet\workspace\8-2-build-windows-amd64-cygwin\jdk8u73\6086\hotspot\src\share\vm\5–ëþé@
Event: 2.489 Thread 0x0000000016d38800 Implicit null exception at 0x0000000002eac0ac to 0x0000000002eadd05

Events (10 events):
Event: 2.130 Thread 0x0000000016c34800 DEOPT UNPACKING pc=0x0000000002be787f sp=0x00000000174be748 mode 0
Event: 2.131 Thread 0x0000000016c34800 DEOPT PACKING pc=0x0000000002e77ffa sp=0x00000000174be9e0
Event: 2.131 Thread 0x0000000016c34800 DEOPT UNPACKING pc=0x0000000002be787f sp=0x00000000174be748 mode 0
Event: 2.131 Thread 0x0000000016c34800 DEOPT PACKING pc=0x0000000002e77ffa sp=0x00000000174be9e0
Event: 2.131 Thread 0x0000000016c34800 DEOPT UNPACKING pc=0x0000000002be787f sp=0x00000000174be748 mode 0
Event: 2.165 Thread 0x0000000016d38000 DEOPT PACKING pc=0x0000000002e77ffa sp=0x00000000175be580
Event: 2.165 Thread 0x0000000016d38000 DEOPT UNPACKING pc=0x0000000002be787f sp=0x00000000175be2e8 mode 0
Event: 2.489 Thread 0x0000000016d38800 Uncommon trap: trap_request=0xfffffff4 fr.pc=0x0000000002eadd24
Event: 2.489 Thread 0x0000000016d38800 DEOPT PACKING pc=0x0000000002eadd24 sp=0x00000000176beb80
Event: 2.489 Thread 0x0000000016d38800 DEOPT UNPACKING pc=0x0000000002be582a sp=0x00000000176bea28 mode 2


Dynamic libraries:
0x00007ff7ec050000 - 0x00007ff7ec087000 	C:\Program Files\Java\jdk1.8.0_73\bin\java.exe
0x00007ffe9c140000 - 0x00007ffe9c301000 	C:\WINDOWS\SYSTEM32\ntdll.dll
0x00007ffe9bd30000 - 0x00007ffe9bddd000 	C:\WINDOWS\system32\KERNEL32.DLL
0x00007ffe99020000 - 0x00007ffe99208000 	C:\WINDOWS\system32\KERNELBASE.dll
0x00007ffe9b690000 - 0x00007ffe9b737000 	C:\WINDOWS\system32\ADVAPI32.dll
0x00007ffe9b750000 - 0x00007ffe9b7ed000 	C:\WINDOWS\system32\msvcrt.dll
0x00007ffe99840000 - 0x00007ffe9989b000 	C:\WINDOWS\system32\sechost.dll
0x00007ffe9bfa0000 - 0x00007ffe9c0bc000 	C:\WINDOWS\system32\RPCRT4.dll
0x00007ffe9bde0000 - 0x00007ffe9bf36000 	C:\WINDOWS\system32\USER32.dll
0x00007ffe9b3f0000 - 0x00007ffe9b576000 	C:\WINDOWS\system32\GDI32.dll
0x00007ffe8c710000 - 0x00007ffe8c984000 	C:\WINDOWS\WinSxS\amd64_microsoft.windows.common-controls_6595b64144ccf1df_6.0.10586.839_none_a2ddba30a539a2ae\COMCTL32.dll
0x00007ffe9af80000 - 0x00007ffe9b1fd000 	C:\WINDOWS\system32\combase.dll
0x00007ffe987f0000 - 0x00007ffe9885a000 	C:\WINDOWS\system32\bcryptPrimitives.dll
0x00007ffe9af40000 - 0x00007ffe9af7b000 	C:\WINDOWS\system32\IMM32.DLL
0x00000000650d0000 - 0x00000000651a2000 	C:\Program Files\Java\jdk1.8.0_73\jre\bin\msvcr100.dll
0x0000000064840000 - 0x00000000650d0000 	C:\Program Files\Java\jdk1.8.0_73\jre\bin\server\jvm.dll
0x00007ffe99900000 - 0x00007ffe99908000 	C:\WINDOWS\system32\PSAPI.DLL
0x00007ffe7f1c0000 - 0x00007ffe7f1c9000 	C:\WINDOWS\SYSTEM32\WSOCK32.dll
0x00007ffe9c0c0000 - 0x00007ffe9c12b000 	C:\WINDOWS\system32\WS2_32.dll
0x00007ffe969e0000 - 0x00007ffe96a03000 	C:\WINDOWS\SYSTEM32\WINMM.dll
0x00007ffe957f0000 - 0x00007ffe957fa000 	C:\WINDOWS\SYSTEM32\VERSION.dll
0x00007ffe96980000 - 0x00007ffe969ac000 	C:\WINDOWS\SYSTEM32\WINMMBASE.dll
0x00007ffe99440000 - 0x00007ffe99483000 	C:\WINDOWS\system32\cfgmgr32.dll
0x0000000064830000 - 0x000000006483f000 	C:\Program Files\Java\jdk1.8.0_73\jre\bin\verify.dll
0x0000000064800000 - 0x0000000064829000 	C:\Program Files\Java\jdk1.8.0_73\jre\bin\java.dll
0x00000000647e0000 - 0x00000000647f6000 	C:\Program Files\Java\jdk1.8.0_73\jre\bin\zip.dll
0x00007ffe99910000 - 0x00007ffe9ae6c000 	C:\WINDOWS\system32\SHELL32.dll
0x00007ffe98860000 - 0x00007ffe98ea4000 	C:\WINDOWS\system32\windows.storage.dll
0x00007ffe9bf40000 - 0x00007ffe9bf92000 	C:\WINDOWS\system32\shlwapi.dll
0x00007ffe98780000 - 0x00007ffe9878f000 	C:\WINDOWS\system32\kernel.appcore.dll
0x00007ffe98f60000 - 0x00007ffe99015000 	C:\WINDOWS\system32\shcore.dll
0x00007ffe98790000 - 0x00007ffe987db000 	C:\WINDOWS\system32\powrprof.dll
0x00007ffe98760000 - 0x00007ffe98774000 	C:\WINDOWS\system32\profapi.dll

VM Arguments:
jvm_args: -Djava.awt.headless=true -Xmx1024M -Dfile.encoding=windows-1252 -Duser.country=US -Duser.language=en -Duser.variant 
java_command: com.android.dx.command.Main --dex --force-jumbo --num-threads=4 --multi-dex --output C:\Users\lyspl\AndroidStudioProjects\TestGraphUI\app\build\intermediates\transforms\dex\debug\folders\1000\5\slice_4 C:\Users\lyspl\AndroidStudioProjects\TestGraphUI\app\build\intermediates\transforms\instantRunSlicer\debug\folders\1\5\slice_4
java_class_path (initial): C:\Users\lyspl\AppData\Local\Android\sdk\build-tools\25.0.0\lib\dx.jar
Launcher Type: SUN_STANDARD

Environment Variables:
JAVA_HOME=C:\Program Files\Java\jdk1.8.0_73
CLASSPATH=C:\Users\lyspl\lib\antlr-3.5-complete.jar; C:\Users\lyspl\lib\bin; C:\Users\lyspl\lib\antlrworks-1.5.2.jar
PATH=c:\mingw\bin;C:\Users\lyspl\AppData\Local\Android\sdk\platform-tools;C:\ProgramData\Oracle\Java\javapath;C:\Program Files (x86)\Intel\iCLS Client\;C:\Program Files\Intel\iCLS Client\;C:\Program Files (x86)\Lenovo\FusionEngine;C:\Windows\system32;C:\Windows;C:\Windows\System32\Wbem;C:\Windows\System32\WindowsPowerShell\v1.0\;C:\Program Files (x86)\Intel\Intel(R) Management Engine Components\DAL;C:\Program Files\Intel\Intel(R) Management Engine Components\DAL;C:\Program Files (x86)\Intel\Intel(R) Management Engine Components\IPT;C:\Program Files\Intel\Intel(R) Management Engine Components\IPT;C:\Program Files\Lenovo\Bluetooth Software\;C:\Program Files\Lenovo\Bluetooth Software\syswow64;C:\adb;C:\Program Files\Git\cmd;C:\WINDOWS\system32;C:\WINDOWS;C:\WINDOWS\System32\Wbem;C:\WINDOWS\System32\WindowsPowerShell\v1.0\;C:\Program Files\Java\jdk1.8.0_73\bin;C:\Users\lyspl\lib;C:\Users\lyspl\Anaconda2;C:\Users\lyspl\Anaconda2\Scripts;C:\Users\lyspl\Anaconda2\Library\bin;C:\MongoDB\Server\3.2\bin;C:\Program Files (x86)\Skype\Phone\;C:\Users\lyspl\Anaconda3;C:\Users\lyspl\Anaconda3\Scripts;C:\Users\lyspl\Anaconda3\Library\bin;C:\Users\lyspl\Anaconda2;C:\Users\lyspl\Anaconda2\Scripts;C:\Users\lyspl\Anaconda2\Library\bin;C:\Users\lyspl\AppData\Local\Programs\MiKTeX 2.9\miktex\bin\x64\;c:\mingw\bin;C:\MongoDB\Server\3.2\bin;C:\Users\lyspl\AppData\Local\Android\sdk
USERNAME=lyspl
OS=Windows_NT
PROCESSOR_IDENTIFIER=Intel64 Family 6 Model 61 Stepping 4, GenuineIntel



---------------  S Y S T E M  ---------------

OS: Windows 10.0 , 64 bit Build 10586 (10.0.10586.589)

CPU:total 4 (2 cores per cpu, 2 threads per core) family 6 model 61 stepping 4, cmov, cx8, fxsr, mmx, sse, sse2, sse3, ssse3, sse4.1, sse4.2, popcnt, avx, avx2, aes, clmul, erms, 3dnowpref, lzcnt, ht, tsc, tscinvbit, bmi1, bmi2, adx

Memory: 4k page, physical 8292268k(884604k free), swap 12435076k(5348k free)

vm_info: Java HotSpot(TM) 64-Bit Server VM (25.73-b02) for windows-amd64 JRE (1.8.0_73-b02), built on Jan 29 2016 17:38:49 by "java_re" with MS VC++ 10.0 (VS2010)

time: Mon Apr 24 20:47:47 2017
elapsed time: 2 seconds (0d 0h 0m 2s)

