#
# There is insufficient memory for the Java Runtime Environment to continue.
# Native memory allocation (malloc) failed to allocate 350864 bytes for Chunk::new
# Possible reasons:
#   The system is out of physical RAM or swap space
#   In 32 bit mode, the process size limit was hit
# Possible solutions:
#   Reduce memory load on the system
#   Increase physical memory or swap space
#   Check if swap backing store is full
#   Use 64 bit Java on a 64 bit OS
#   Decrease Java heap size (-Xmx/-Xms)
#   Decrease number of Java threads
#   Decrease Java thread stack sizes (-Xss)
#   Set larger code cache with -XX:ReservedCodeCacheSize=
# This output file may be truncated or incomplete.
#
#  Out of Memory Error (allocation.cpp:390), pid=11916, tid=5844
#
# JRE version: Java(TM) SE Runtime Environment (8.0_73-b02) (build 1.8.0_73-b02)
# Java VM: Java HotSpot(TM) 64-Bit Server VM (25.73-b02 mixed mode windows-amd64 compressed oops)
# Failed to write core dump. Minidumps are not enabled by default on client versions of Windows
#

---------------  T H R E A D  ---------------

Current thread (0x0000000015368000):  JavaThread "C2 CompilerThread1" daemon [_thread_in_native, id=5844, stack(0x0000000016ab0000,0x0000000016bb0000)]

Stack: [0x0000000016ab0000,0x0000000016bb0000]
[error occurred during error reporting (printing stack bounds), id 0xc0000005]

Native frames: (J=compiled Java code, j=interpreted, Vv=VM code, C=native code)


Current CompileTask:
C2:   1306  623       4       com.android.dx.ssa.NormalSsaInsn::accept (25 bytes)


---------------  P R O C E S S  ---------------

Java Threads: ( => current thread )
  0x000000001535d800 JavaThread "pool-2-thread-4" [_thread_in_Java, id=3008, stack(0x00000000176b0000,0x00000000177b0000)]
  0x0000000015360800 JavaThread "pool-2-thread-3" [_thread_in_Java, id=8748, stack(0x00000000175b0000,0x00000000176b0000)]
  0x000000001535e000 JavaThread "pool-2-thread-2" [_thread_in_Java, id=9584, stack(0x00000000174b0000,0x00000000175b0000)]
  0x000000001535c800 JavaThread "pool-3-thread-1" [_thread_blocked, id=11980, stack(0x00000000173b0000,0x00000000174b0000)]
  0x000000001535b000 JavaThread "pool-2-thread-1" [_thread_in_Java, id=6840, stack(0x00000000172b0000,0x00000000173b0000)]
  0x0000000015362000 JavaThread "Service Thread" daemon [_thread_blocked, id=5596, stack(0x00000000170b0000,0x00000000171b0000)]
  0x0000000016bc0800 JavaThread "C1 CompilerThread2" daemon [_thread_in_native, id=9716, stack(0x0000000016fb0000,0x00000000170b0000)]
=>0x0000000015368000 JavaThread "C2 CompilerThread1" daemon [_thread_in_native, id=5844, stack(0x0000000016ab0000,0x0000000016bb0000)]
  0x0000000015365000 JavaThread "C2 CompilerThread0" daemon [_thread_in_native, id=9024, stack(0x00000000169b0000,0x0000000016ab0000)]
  0x0000000015361000 JavaThread "Attach Listener" daemon [_thread_blocked, id=11756, stack(0x00000000168b0000,0x00000000169b0000)]
  0x000000001535f800 JavaThread "Signal Dispatcher" daemon [_thread_blocked, id=4348, stack(0x00000000167b0000,0x00000000168b0000)]
  0x0000000002c82000 JavaThread "Finalizer" daemon [_thread_blocked, id=6012, stack(0x00000000165b0000,0x00000000166b0000)]
  0x0000000002c7f800 JavaThread "Reference Handler" daemon [_thread_blocked, id=1100, stack(0x00000000164b0000,0x00000000165b0000)]
  0x0000000002a8d800 JavaThread "main" [_thread_in_Java, id=9640, stack(0x0000000002a90000,0x0000000002b90000)]

Other Threads:
  0x0000000015327800 VMThread [stack: 0x00000000163b0000,0x00000000164b0000] [id=8572]
  0x0000000016bca000 WatcherThread [stack: 0x00000000171b0000,0x00000000172b0000] [id=1228]

VM state:not at safepoint (normal execution)

VM Mutex/Monitor currently owned by a thread: None

Heap:
 PSYoungGen      total 38400K, used 15568K [0x00000000eab00000, 0x00000000ed580000, 0x0000000100000000)
  eden space 33280K, 46% used [0x00000000eab00000,0x00000000eba34390,0x00000000ecb80000)
  from space 5120K, 0% used [0x00000000ed080000,0x00000000ed080000,0x00000000ed580000)
  to   space 5120K, 0% used [0x00000000ecb80000,0x00000000ecb80000,0x00000000ed080000)
 ParOldGen       total 87552K, used 0K [0x00000000c0000000, 0x00000000c5580000, 0x00000000eab00000)
  object space 87552K, 0% used [0x00000000c0000000,0x00000000c0000000,0x00000000c5580000)
 Metaspace       used 5462K, capacity 6640K, committed 6784K, reserved 1056768K
  class space    used 574K, capacity 616K, committed 640K, reserved 1048576K

Card table byte_map: [0x0000000012050000,0x0000000012260000] byte_map_base: 0x0000000011a50000

Marking Bits: (ParMarkBitMap*) 0x0000000065050600
 Begin Bits: [0x00000000127c0000, 0x00000000137c0000)
 End Bits:   [0x00000000137c0000, 0x00000000147c0000)

Polling page: 0x0000000000ea0000

CodeCache: size=245760Kb used=2716Kb max_used=2724Kb free=243043Kb
 bounds [0x0000000002c90000, 0x0000000002f40000, 0x0000000011c90000]
 total_blobs=937 nmethods=676 adapters=174
 compilation: enabled

Compilation events (10 events):
Event: 1.294 Thread 0x0000000015365000  681       4       com.android.dx.rop.type.Type::hashCode (8 bytes)
Event: 1.296 Thread 0x0000000016bc0800 nmethod 670 0x0000000002f26350 code [0x0000000002f26bc0, 0x0000000002f2b318]
Event: 1.296 Thread 0x0000000016bc0800  679       3       com.android.dx.rop.cst.CstFieldRef::compareTo0 (43 bytes)
Event: 1.297 Thread 0x0000000016bc0800 nmethod 679 0x0000000002f21fd0 code [0x0000000002f221c0, 0x0000000002f22e28]
Event: 1.297 Thread 0x0000000016bc0800  674       3       com.android.dx.cf.code.BaseMachine::storeResults (90 bytes)
Event: 1.298 Thread 0x0000000016bc0800 nmethod 674 0x0000000002f25190 code [0x0000000002f25380, 0x0000000002f25e48]
Event: 1.298 Thread 0x0000000016bc0800  673       3       com.android.dx.cf.code.ValueAwareMachine::run (1142 bytes)
Event: 1.299 Thread 0x0000000015365000 nmethod 681 0x0000000002f238d0 code [0x0000000002f23a00, 0x0000000002f23b78]
Event: 1.302 Thread 0x0000000016bc0800 nmethod 673 0x0000000002f2ead0 code [0x0000000002f2f060, 0x0000000002f33a38]
Event: 1.302 Thread 0x0000000016bc0800  684       3       java.util.BitSet::nextSetBit (102 bytes)

GC Heap History (0 events):
No events

Deoptimization events (10 events):
Event: 0.928 Thread 0x0000000015360800 Uncommon trap: reason=speculate_class_check action=maybe_recompile pc=0x0000000002e486b0 method=com.android.dx.rop.cst.Constant.compareTo(Lcom/android/dx/rop/cst/Constant;)I @ 29
Event: 0.928 Thread 0x0000000015360800 Uncommon trap: reason=speculate_class_check action=maybe_recompile pc=0x0000000002e486b0 method=com.android.dx.rop.cst.Constant.compareTo(Lcom/android/dx/rop/cst/Constant;)I @ 29
Event: 1.066 Thread 0x000000001535e000 Uncommon trap: reason=unstable_if action=reinterpret pc=0x0000000002ebc684 method=java.util.HashMap.getNode(ILjava/lang/Object;)Ljava/util/HashMap$Node; @ 62
Event: 1.229 Thread 0x000000001535d800 Uncommon trap: reason=class_check action=maybe_recompile pc=0x0000000002e3a134 method=com.android.dx.rop.cst.CstMemberRef.compareTo0(Lcom/android/dx/rop/cst/Constant;)I @ 1
Event: 1.230 Thread 0x000000001535e000 Uncommon trap: reason=class_check action=maybe_recompile pc=0x0000000002e3a134 method=com.android.dx.rop.cst.CstMemberRef.compareTo0(Lcom/android/dx/rop/cst/Constant;)I @ 1
Event: 1.231 Thread 0x000000001535e000 Uncommon trap: reason=class_check action=maybe_recompile pc=0x0000000002e3a134 method=com.android.dx.rop.cst.CstMemberRef.compareTo0(Lcom/android/dx/rop/cst/Constant;)I @ 1
Event: 1.231 Thread 0x000000001535b000 Uncommon trap: reason=class_check action=maybe_recompile pc=0x0000000002e3a134 method=com.android.dx.rop.cst.CstMemberRef.compareTo0(Lcom/android/dx/rop/cst/Constant;)I @ 1
Event: 1.269 Thread 0x000000001535b000 Uncommon trap: reason=unstable_if action=reinterpret pc=0x0000000002e53570 method=com.android.dx.rop.cst.CstFieldRef.compareTo0(Lcom/android/dx/rop/cst/Constant;)I @ 7
Event: 1.290 Thread 0x000000001535e000 Uncommon trap: reason=unstable_if action=reinterpret pc=0x0000000002e403f8 method=com.android.dx.rop.cst.CstFieldRef.compareTo0(Lcom/android/dx/rop/cst/Constant;)I @ 7
Event: 1.301 Thread 0x0000000002a8d800 Uncommon trap: reason=unstable_if action=reinterpret pc=0x0000000002ef5130 method=java.util.BitSet.nextSetBit(I)I @ 87

Internal exceptions (2 events):
Event: 0.074 Thread 0x0000000002a8d800 Exception <a 'java/lang/NoSuchMethodError': Method sun.misc.Unsafe.defineClass(Ljava/lang/String;[BII)Ljava/lang/Class; name or signature does not match> (0x00000000eab0dbe8) thrown at [D:\re\puppet\workspace\8-2-build-windows-amd64-cygwin\jdk8u73\6086\hotð%³tî²?
Event: 0.074 Thread 0x0000000002a8d800 Exception <a 'java/lang/NoSuchMethodError': Method sun.misc.Unsafe.prefetchRead(Ljava/lang/Object;J)V name or signature does not match> (0x00000000eab0ded0) thrown at [D:\re\puppet\workspace\8-2-build-windows-amd64-cygwin\jdk8u73\6086\hotspot\src\share\vm\

Events (10 events):
Event: 1.249 loading class java/util/DualPivotQuicksort done
Event: 1.269 Thread 0x000000001535b000 Uncommon trap: trap_request=0xffffff65 fr.pc=0x0000000002e53570
Event: 1.269 Thread 0x000000001535b000 DEOPT PACKING pc=0x0000000002e53570 sp=0x00000000173aeab0
Event: 1.269 Thread 0x000000001535b000 DEOPT UNPACKING pc=0x0000000002cd582a sp=0x00000000173ae968 mode 2
Event: 1.290 Thread 0x000000001535e000 Uncommon trap: trap_request=0xffffff65 fr.pc=0x0000000002e403f8
Event: 1.290 Thread 0x000000001535e000 DEOPT PACKING pc=0x0000000002e403f8 sp=0x00000000175ae8c0
Event: 1.290 Thread 0x000000001535e000 DEOPT UNPACKING pc=0x0000000002cd582a sp=0x00000000175ae848 mode 2
Event: 1.301 Thread 0x0000000002a8d800 Uncommon trap: trap_request=0xffffff65 fr.pc=0x0000000002ef5130
Event: 1.301 Thread 0x0000000002a8d800 DEOPT PACKING pc=0x0000000002ef5130 sp=0x0000000002b8e410
Event: 1.301 Thread 0x0000000002a8d800 DEOPT UNPACKING pc=0x0000000002cd582a sp=0x0000000002b8e3a8 mode 2


Dynamic libraries:
0x00007ff7ec050000 - 0x00007ff7ec087000 	C:\Program Files\Java\jdk1.8.0_73\bin\java.exe
0x00007ffe9c140000 - 0x00007ffe9c301000 	C:\WINDOWS\SYSTEM32\ntdll.dll
0x00007ffe9bd30000 - 0x00007ffe9bddd000 	C:\WINDOWS\system32\KERNEL32.DLL
0x00007ffe99020000 - 0x00007ffe99208000 	C:\WINDOWS\system32\KERNELBASE.dll
0x00007ffe9b690000 - 0x00007ffe9b737000 	C:\WINDOWS\system32\ADVAPI32.dll
0x00007ffe9b750000 - 0x00007ffe9b7ed000 	C:\WINDOWS\system32\msvcrt.dll
0x00007ffe99840000 - 0x00007ffe9989b000 	C:\WINDOWS\system32\sechost.dll
0x00007ffe9bfa0000 - 0x00007ffe9c0bc000 	C:\WINDOWS\system32\RPCRT4.dll
0x00007ffe9bde0000 - 0x00007ffe9bf36000 	C:\WINDOWS\system32\USER32.dll
0x00007ffe9b3f0000 - 0x00007ffe9b576000 	C:\WINDOWS\system32\GDI32.dll
0x00007ffe8c710000 - 0x00007ffe8c984000 	C:\WINDOWS\WinSxS\amd64_microsoft.windows.common-controls_6595b64144ccf1df_6.0.10586.839_none_a2ddba30a539a2ae\COMCTL32.dll
0x00007ffe9af80000 - 0x00007ffe9b1fd000 	C:\WINDOWS\system32\combase.dll
0x00007ffe987f0000 - 0x00007ffe9885a000 	C:\WINDOWS\system32\bcryptPrimitives.dll
0x00007ffe9af40000 - 0x00007ffe9af7b000 	C:\WINDOWS\system32\IMM32.DLL
0x00000000650d0000 - 0x00000000651a2000 	C:\Program Files\Java\jdk1.8.0_73\jre\bin\msvcr100.dll
0x0000000064840000 - 0x00000000650d0000 	C:\Program Files\Java\jdk1.8.0_73\jre\bin\server\jvm.dll
0x00007ffe99900000 - 0x00007ffe99908000 	C:\WINDOWS\system32\PSAPI.DLL
0x00007ffe7f1c0000 - 0x00007ffe7f1c9000 	C:\WINDOWS\SYSTEM32\WSOCK32.dll
0x00007ffe9c0c0000 - 0x00007ffe9c12b000 	C:\WINDOWS\system32\WS2_32.dll
0x00007ffe969e0000 - 0x00007ffe96a03000 	C:\WINDOWS\SYSTEM32\WINMM.dll
0x00007ffe957f0000 - 0x00007ffe957fa000 	C:\WINDOWS\SYSTEM32\VERSION.dll
0x00007ffe96980000 - 0x00007ffe969ac000 	C:\WINDOWS\SYSTEM32\WINMMBASE.dll
0x00007ffe99440000 - 0x00007ffe99483000 	C:\WINDOWS\system32\cfgmgr32.dll
0x0000000064830000 - 0x000000006483f000 	C:\Program Files\Java\jdk1.8.0_73\jre\bin\verify.dll
0x0000000064800000 - 0x0000000064829000 	C:\Program Files\Java\jdk1.8.0_73\jre\bin\java.dll
0x00000000647e0000 - 0x00000000647f6000 	C:\Program Files\Java\jdk1.8.0_73\jre\bin\zip.dll
0x00007ffe99910000 - 0x00007ffe9ae6c000 	C:\WINDOWS\system32\SHELL32.dll
0x00007ffe98860000 - 0x00007ffe98ea4000 	C:\WINDOWS\system32\windows.storage.dll
0x00007ffe9bf40000 - 0x00007ffe9bf92000 	C:\WINDOWS\system32\shlwapi.dll
0x00007ffe98780000 - 0x00007ffe9878f000 	C:\WINDOWS\system32\kernel.appcore.dll
0x00007ffe98f60000 - 0x00007ffe99015000 	C:\WINDOWS\system32\shcore.dll
0x00007ffe98790000 - 0x00007ffe987db000 	C:\WINDOWS\system32\powrprof.dll
0x00007ffe98760000 - 0x00007ffe98774000 	C:\WINDOWS\system32\profapi.dll

VM Arguments:
jvm_args: -Djava.awt.headless=true -Xmx1024M -Dfile.encoding=windows-1252 -Duser.country=US -Duser.language=en -Duser.variant 
java_command: com.android.dx.command.Main --dex --force-jumbo --num-threads=4 --multi-dex --output C:\Users\lyspl\AndroidStudioProjects\TestGraphUI\app\build\intermediates\transforms\dex\debug\folders\1000\5\slice_0 C:\Users\lyspl\AndroidStudioProjects\TestGraphUI\app\build\intermediates\transforms\instantRunSlicer\debug\folders\1\5\slice_0
java_class_path (initial): C:\Users\lyspl\AppData\Local\Android\sdk\build-tools\25.0.0\lib\dx.jar
Launcher Type: SUN_STANDARD

Environment Variables:
JAVA_HOME=C:\Program Files\Java\jdk1.8.0_73
CLASSPATH=C:\Users\lyspl\lib\antlr-3.5-complete.jar; C:\Users\lyspl\lib\bin; C:\Users\lyspl\lib\antlrworks-1.5.2.jar
PATH=c:\mingw\bin;C:\Users\lyspl\AppData\Local\Android\sdk\platform-tools;C:\ProgramData\Oracle\Java\javapath;C:\Program Files (x86)\Intel\iCLS Client\;C:\Program Files\Intel\iCLS Client\;C:\Program Files (x86)\Lenovo\FusionEngine;C:\Windows\system32;C:\Windows;C:\Windows\System32\Wbem;C:\Windows\System32\WindowsPowerShell\v1.0\;C:\Program Files (x86)\Intel\Intel(R) Management Engine Components\DAL;C:\Program Files\Intel\Intel(R) Management Engine Components\DAL;C:\Program Files (x86)\Intel\Intel(R) Management Engine Components\IPT;C:\Program Files\Intel\Intel(R) Management Engine Components\IPT;C:\Program Files\Lenovo\Bluetooth Software\;C:\Program Files\Lenovo\Bluetooth Software\syswow64;C:\adb;C:\Program Files\Git\cmd;C:\WINDOWS\system32;C:\WINDOWS;C:\WINDOWS\System32\Wbem;C:\WINDOWS\System32\WindowsPowerShell\v1.0\;C:\Program Files\Java\jdk1.8.0_73\bin;C:\Users\lyspl\lib;C:\Users\lyspl\Anaconda2;C:\Users\lyspl\Anaconda2\Scripts;C:\Users\lyspl\Anaconda2\Library\bin;C:\MongoDB\Server\3.2\bin;C:\Program Files (x86)\Skype\Phone\;C:\Users\lyspl\Anaconda3;C:\Users\lyspl\Anaconda3\Scripts;C:\Users\lyspl\Anaconda3\Library\bin;C:\Users\lyspl\Anaconda2;C:\Users\lyspl\Anaconda2\Scripts;C:\Users\lyspl\Anaconda2\Library\bin;C:\Users\lyspl\AppData\Local\Programs\MiKTeX 2.9\miktex\bin\x64\;c:\mingw\bin;C:\MongoDB\Server\3.2\bin;C:\Users\lyspl\AppData\Local\Android\sdk
USERNAME=lyspl
OS=Windows_NT
PROCESSOR_IDENTIFIER=Intel64 Family 6 Model 61 Stepping 4, GenuineIntel



---------------  S Y S T E M  ---------------

OS: Windows 10.0 , 64 bit Build 10586 (10.0.10586.589)

CPU:total 4 (2 cores per cpu, 2 threads per core) family 6 model 61 stepping 4, cmov, cx8, fxsr, mmx, sse, sse2, sse3, ssse3, sse4.1, sse4.2, popcnt, avx, avx2, aes, clmul, erms, 3dnowpref, lzcnt, ht, tsc, tscinvbit, bmi1, bmi2, adx

Memory: 4k page, physical 8292268k(1072740k free), swap 12470352k(4140k free)

vm_info: Java HotSpot(TM) 64-Bit Server VM (25.73-b02) for windows-amd64 JRE (1.8.0_73-b02), built on Jan 29 2016 17:38:49 by "java_re" with MS VC++ 10.0 (VS2010)

time: Mon Apr 24 19:10:27 2017
elapsed time: 1 seconds (0d 0h 0m 1s)

