#
# There is insufficient memory for the Java Runtime Environment to continue.
# Native memory allocation (malloc) failed to allocate 1003056 bytes for Chunk::new
# Possible reasons:
#   The system is out of physical RAM or swap space
#   In 32 bit mode, the process size limit was hit
# Possible solutions:
#   Reduce memory load on the system
#   Increase physical memory or swap space
#   Check if swap backing store is full
#   Use 64 bit Java on a 64 bit OS
#   Decrease Java heap size (-Xmx/-Xms)
#   Decrease number of Java threads
#   Decrease Java thread stack sizes (-Xss)
#   Set larger code cache with -XX:ReservedCodeCacheSize=
# This output file may be truncated or incomplete.
#
#  Out of Memory Error (allocation.cpp:390), pid=11044, tid=9288
#
# JRE version: Java(TM) SE Runtime Environment (8.0_73-b02) (build 1.8.0_73-b02)
# Java VM: Java HotSpot(TM) 64-Bit Server VM (25.73-b02 mixed mode windows-amd64 compressed oops)
# Failed to write core dump. Minidumps are not enabled by default on client versions of Windows
#

---------------  T H R E A D  ---------------

Current thread (0x0000000014f76800):  JavaThread "C2 CompilerThread1" daemon [_thread_in_native, id=9288, stack(0x0000000016650000,0x0000000016750000)]

Stack: [0x0000000016650000,0x0000000016750000]
[error occurred during error reporting (printing stack bounds), id 0xc0000005]

Native frames: (J=compiled Java code, j=interpreted, Vv=VM code, C=native code)


Current CompileTask:
C2:   3215 1365       4       com.android.dx.ssa.SCCP::simulateBranch (666 bytes)


---------------  P R O C E S S  ---------------

Java Threads: ( => current thread )
  0x00000000169db800 JavaThread "pool-2-thread-4" [_thread_blocked, id=3804, stack(0x0000000017250000,0x0000000017350000)]
  0x0000000016a32800 JavaThread "pool-2-thread-3" [_thread_in_Java, id=2984, stack(0x0000000017150000,0x0000000017250000)]
  0x0000000016a31800 JavaThread "pool-2-thread-2" [_thread_in_Java, id=11028, stack(0x0000000017050000,0x0000000017150000)]
  0x0000000016a16800 JavaThread "pool-3-thread-1" [_thread_blocked, id=3256, stack(0x0000000016f50000,0x0000000017050000)]
  0x0000000016a29000 JavaThread "pool-2-thread-1" [_thread_in_Java, id=7028, stack(0x0000000016e50000,0x0000000016f50000)]
  0x0000000016756000 JavaThread "Service Thread" daemon [_thread_blocked, id=7640, stack(0x0000000016c50000,0x0000000016d50000)]
  0x0000000014f7d000 JavaThread "C1 CompilerThread2" daemon [_thread_blocked, id=10164, stack(0x0000000016b50000,0x0000000016c50000)]
=>0x0000000014f76800 JavaThread "C2 CompilerThread1" daemon [_thread_in_native, id=9288, stack(0x0000000016650000,0x0000000016750000)]
  0x0000000014f1d800 JavaThread "C2 CompilerThread0" daemon [_thread_in_native, id=12104, stack(0x0000000016550000,0x0000000016650000)]
  0x0000000014f1b800 JavaThread "Attach Listener" daemon [_thread_blocked, id=4276, stack(0x0000000016450000,0x0000000016550000)]
  0x0000000014f1a000 JavaThread "Signal Dispatcher" daemon [_thread_blocked, id=3484, stack(0x0000000016350000,0x0000000016450000)]
  0x0000000002841000 JavaThread "Finalizer" daemon [_thread_blocked, id=1432, stack(0x0000000016170000,0x0000000016270000)]
  0x000000000283e000 JavaThread "Reference Handler" daemon [_thread_blocked, id=1876, stack(0x0000000016070000,0x0000000016170000)]
  0x000000000274d800 JavaThread "main" [_thread_blocked, id=3032, stack(0x0000000002610000,0x0000000002710000)]

Other Threads:
  0x0000000014ee7800 VMThread [stack: 0x0000000015f70000,0x0000000016070000] [id=8752]
  0x000000001675b800 WatcherThread [stack: 0x0000000016d50000,0x0000000016e50000] [id=5944]

VM state:not at safepoint (normal execution)

VM Mutex/Monitor currently owned by a thread: None

Heap:
 PSYoungGen      total 38400K, used 16039K [0x00000000eab00000, 0x00000000ed580000, 0x0000000100000000)
  eden space 33280K, 32% used [0x00000000eab00000,0x00000000eb5b1bb0,0x00000000ecb80000)
  from space 5120K, 99% used [0x00000000ecb80000,0x00000000ed078068,0x00000000ed080000)
  to   space 5120K, 0% used [0x00000000ed080000,0x00000000ed080000,0x00000000ed580000)
 ParOldGen       total 87552K, used 934K [0x00000000c0000000, 0x00000000c5580000, 0x00000000eab00000)
  object space 87552K, 1% used [0x00000000c0000000,0x00000000c00e9968,0x00000000c5580000)
 Metaspace       used 6101K, capacity 7024K, committed 7296K, reserved 1056768K
  class space    used 599K, capacity 616K, committed 640K, reserved 1048576K

Card table byte_map: [0x0000000011c10000,0x0000000011e20000] byte_map_base: 0x0000000011610000

Marking Bits: (ParMarkBitMap*) 0x0000000052d60600
 Begin Bits: [0x0000000012380000, 0x0000000013380000)
 End Bits:   [0x0000000013380000, 0x0000000014380000)

Polling page: 0x00000000025b0000

CodeCache: size=245760Kb used=5835Kb max_used=5835Kb free=239924Kb
 bounds [0x0000000002850000, 0x0000000002e10000, 0x0000000011850000]
 total_blobs=1668 nmethods=1399 adapters=182
 compilation: enabled

Compilation events (10 events):
Event: 3.172 Thread 0x0000000014f7d000 1403       3       com.android.dx.cf.iface.StdMethod::<init> (40 bytes)
Event: 3.173 Thread 0x0000000014f7d000 nmethod 1403 0x0000000002e03710 code [0x0000000002e038e0, 0x0000000002e04348]
Event: 3.173 Thread 0x0000000014f7d000 1402       3       com.android.dx.rop.type.Type::isReference (15 bytes)
Event: 3.173 Thread 0x0000000014f7d000 nmethod 1402 0x0000000002e047d0 code [0x0000000002e04920, 0x0000000002e04ad0]
Event: 3.173 Thread 0x0000000014f7d000 1401       3       com.android.dx.cf.iface.StdField::<init> (10 bytes)
Event: 3.173 Thread 0x0000000014f7d000 nmethod 1401 0x0000000002e04b50 code [0x0000000002e04cc0, 0x0000000002e04e48]
Event: 3.173 Thread 0x0000000014f7d000 1404       3       com.android.dx.cf.attrib.RawAttribute::byteLength (11 bytes)
Event: 3.173 Thread 0x0000000014f7d000 nmethod 1404 0x0000000002e04f10 code [0x0000000002e05060, 0x0000000002e05250]
Event: 3.176 Thread 0x0000000014f7d000 1406       3       com.android.dx.rop.annotation.Annotations::add (75 bytes)
Event: 3.177 Thread 0x0000000014f7d000 nmethod 1406 0x0000000002e05310 code [0x0000000002e05580, 0x0000000002e064a8]

GC Heap History (2 events):
Event: 2.955 GC heap before
{Heap before GC invocations=1 (full 0):
 PSYoungGen      total 38400K, used 33280K [0x00000000eab00000, 0x00000000ed580000, 0x0000000100000000)
  eden space 33280K, 100% used [0x00000000eab00000,0x00000000ecb80000,0x00000000ecb80000)
  from space 5120K, 0% used [0x00000000ed080000,0x00000000ed080000,0x00000000ed580000)
  to   space 5120K, 0% used [0x00000000ecb80000,0x00000000ecb80000,0x00000000ed080000)
 ParOldGen       total 87552K, used 0K [0x00000000c0000000, 0x00000000c5580000, 0x00000000eab00000)
  object space 87552K, 0% used [0x00000000c0000000,0x00000000c0000000,0x00000000c5580000)
 Metaspace       used 6040K, capacity 6960K, committed 7040K, reserved 1056768K
  class space    used 599K, capacity 616K, committed 640K, reserved 1048576K
Event: 2.986 GC heap after
Heap after GC invocations=1 (full 0):
 PSYoungGen      total 38400K, used 5088K [0x00000000eab00000, 0x00000000ed580000, 0x0000000100000000)
  eden space 33280K, 0% used [0x00000000eab00000,0x00000000eab00000,0x00000000ecb80000)
  from space 5120K, 99% used [0x00000000ecb80000,0x00000000ed078068,0x00000000ed080000)
  to   space 5120K, 0% used [0x00000000ed080000,0x00000000ed080000,0x00000000ed580000)
 ParOldGen       total 87552K, used 934K [0x00000000c0000000, 0x00000000c5580000, 0x00000000eab00000)
  object space 87552K, 1% used [0x00000000c0000000,0x00000000c00e9968,0x00000000c5580000)
 Metaspace       used 6040K, capacity 6960K, committed 7040K, reserved 1056768K
  class space    used 599K, capacity 616K, committed 640K, reserved 1048576K
}

Deoptimization events (7 events):
Event: 2.067 Thread 0x0000000016a32800 Uncommon trap: reason=unstable_if action=reinterpret pc=0x0000000002a8e4d4 method=java.util.HashMap.getNode(ILjava/lang/Object;)Ljava/util/HashMap$Node; @ 129
Event: 2.173 Thread 0x0000000016a31800 Uncommon trap: reason=unstable_if action=reinterpret pc=0x0000000002a8b7f0 method=java.util.BitSet.nextSetBit(I)I @ 87
Event: 2.316 Thread 0x0000000016a32800 Uncommon trap: reason=unstable_if action=reinterpret pc=0x0000000002a98034 method=java.util.BitSet.ensureCapacity(I)V @ 6
Event: 2.513 Thread 0x000000000274d800 Uncommon trap: reason=unstable_if action=reinterpret pc=0x0000000002b8320c method=com.android.dx.rop.code.RegisterSpec.equals(ILcom/android/dx/rop/type/TypeBearer;Lcom/android/dx/rop/code/LocalItem;)Z @ 16
Event: 2.513 Thread 0x000000000274d800 Uncommon trap: reason=unstable_if action=reinterpret pc=0x0000000002b401f4 method=com.android.dx.rop.code.RegisterSpec.equals(ILcom/android/dx/rop/type/TypeBearer;Lcom/android/dx/rop/code/LocalItem;)Z @ 16
Event: 3.051 Thread 0x0000000016a31800 Uncommon trap: reason=unstable_if action=reinterpret pc=0x0000000002b15ec8 method=com.android.dx.rop.code.RegisterSpec.equals(ILcom/android/dx/rop/type/TypeBearer;Lcom/android/dx/rop/code/LocalItem;)Z @ 16
Event: 3.118 Thread 0x0000000016a32800 Uncommon trap: reason=null_check action=make_not_entrant pc=0x0000000002b43630 method=com.android.dx.ssa.SsaRenamer.getLocalForNewReg(I)Lcom/android/dx/rop/code/LocalItem; @ 19

Internal exceptions (3 events):
Event: 1.268 Thread 0x000000000274d800 Exception <a 'java/lang/NoSuchMethodError': Method sun.misc.Unsafe.defineClass(Ljava/lang/String;[BII)Ljava/lang/Class; name or signature does not match> (0x00000000eab0dc08) thrown at [D:\re\puppet\workspace\8-2-build-windows-amd64-cygwin\jdk8u73\6086\hotyB‚&8Hô?
Event: 1.268 Thread 0x000000000274d800 Exception <a 'java/lang/NoSuchMethodError': Method sun.misc.Unsafe.prefetchRead(Ljava/lang/Object;J)V name or signature does not match> (0x00000000eab0def0) thrown at [D:\re\puppet\workspace\8-2-build-windows-amd64-cygwin\jdk8u73\6086\hotspot\src\share\vm\Z… \ò@
Event: 3.118 Thread 0x0000000016a32800 Implicit null exception at 0x0000000002b412f7 to 0x0000000002b435ed

Events (10 events):
Event: 2.954 Executing VM operation: ParallelGCFailedAllocation
Event: 2.986 Executing VM operation: ParallelGCFailedAllocation done
Event: 3.051 Thread 0x0000000016a31800 Uncommon trap: trap_request=0xffffff65 fr.pc=0x0000000002b15ec8
Event: 3.051 Thread 0x0000000016a31800 DEOPT PACKING pc=0x0000000002b15ec8 sp=0x000000001714eb10
Event: 3.051 Thread 0x0000000016a31800 DEOPT UNPACKING pc=0x000000000289582a sp=0x000000001714e950 mode 2
Event: 3.097 Thread 0x0000000016a29000 DEOPT PACKING pc=0x0000000002adf7e3 sp=0x0000000016f4e930
Event: 3.097 Thread 0x0000000016a29000 DEOPT UNPACKING pc=0x000000000289787f sp=0x0000000016f4e6f8 mode 0
Event: 3.118 Thread 0x0000000016a32800 Uncommon trap: trap_request=0xfffffff4 fr.pc=0x0000000002b43630
Event: 3.118 Thread 0x0000000016a32800 DEOPT PACKING pc=0x0000000002b43630 sp=0x000000001724e420
Event: 3.118 Thread 0x0000000016a32800 DEOPT UNPACKING pc=0x000000000289582a sp=0x000000001724e278 mode 2


Dynamic libraries:
0x00007ff7ef200000 - 0x00007ff7ef237000 	C:\Program Files\Java\jdk1.8.0_73\bin\java.exe
0x00007ff8136e0000 - 0x00007ff8138a1000 	C:\WINDOWS\SYSTEM32\ntdll.dll
0x00007ff810e60000 - 0x00007ff810f0d000 	C:\WINDOWS\system32\KERNEL32.DLL
0x00007ff80fd90000 - 0x00007ff80ff78000 	C:\WINDOWS\system32\KERNELBASE.dll
0x00007ff810db0000 - 0x00007ff810e57000 	C:\WINDOWS\system32\ADVAPI32.dll
0x00007ff813200000 - 0x00007ff81329d000 	C:\WINDOWS\system32\msvcrt.dll
0x00007ff813420000 - 0x00007ff81347b000 	C:\WINDOWS\system32\sechost.dll
0x00007ff812c90000 - 0x00007ff812dac000 	C:\WINDOWS\system32\RPCRT4.dll
0x00007ff811200000 - 0x00007ff811356000 	C:\WINDOWS\system32\USER32.dll
0x00007ff810f10000 - 0x00007ff811096000 	C:\WINDOWS\system32\GDI32.dll
0x00007ff803630000 - 0x00007ff8038a4000 	C:\WINDOWS\WinSxS\amd64_microsoft.windows.common-controls_6595b64144ccf1df_6.0.10586.839_none_a2ddba30a539a2ae\COMCTL32.dll
0x00007ff8113e0000 - 0x00007ff81165d000 	C:\WINDOWS\system32\combase.dll
0x00007ff80ff80000 - 0x00007ff80ffea000 	C:\WINDOWS\system32\bcryptPrimitives.dll
0x00007ff8132a0000 - 0x00007ff8132db000 	C:\WINDOWS\system32\IMM32.DLL
0x0000000052de0000 - 0x0000000052eb2000 	C:\Program Files\Java\jdk1.8.0_73\jre\bin\msvcr100.dll
0x0000000052550000 - 0x0000000052de0000 	C:\Program Files\Java\jdk1.8.0_73\jre\bin\server\jvm.dll
0x00007ff810da0000 - 0x00007ff810da8000 	C:\WINDOWS\system32\PSAPI.DLL
0x00007ff800540000 - 0x00007ff800549000 	C:\WINDOWS\SYSTEM32\WSOCK32.dll
0x00007ff812c20000 - 0x00007ff812c8b000 	C:\WINDOWS\system32\WS2_32.dll
0x00007ff80e400000 - 0x00007ff80e423000 	C:\WINDOWS\SYSTEM32\WINMM.dll
0x00007ff801ae0000 - 0x00007ff801aea000 	C:\WINDOWS\SYSTEM32\VERSION.dll
0x00007ff80e3d0000 - 0x00007ff80e3fc000 	C:\WINDOWS\SYSTEM32\WINMMBASE.dll
0x00007ff810080000 - 0x00007ff8100c3000 	C:\WINDOWS\system32\cfgmgr32.dll
0x0000000052540000 - 0x000000005254f000 	C:\Program Files\Java\jdk1.8.0_73\jre\bin\verify.dll
0x0000000052510000 - 0x0000000052539000 	C:\Program Files\Java\jdk1.8.0_73\jre\bin\java.dll
0x00000000524f0000 - 0x0000000052506000 	C:\Program Files\Java\jdk1.8.0_73\jre\bin\zip.dll
0x00007ff8116c0000 - 0x00007ff812c1c000 	C:\WINDOWS\system32\SHELL32.dll
0x00007ff810470000 - 0x00007ff810ab5000 	C:\WINDOWS\system32\windows.storage.dll
0x00007ff8133c0000 - 0x00007ff813412000 	C:\WINDOWS\system32\shlwapi.dll
0x00007ff80fd50000 - 0x00007ff80fd5f000 	C:\WINDOWS\system32\kernel.appcore.dll
0x00007ff8101e0000 - 0x00007ff810295000 	C:\WINDOWS\system32\shcore.dll
0x00007ff80fd00000 - 0x00007ff80fd4b000 	C:\WINDOWS\system32\powrprof.dll
0x00007ff80fd70000 - 0x00007ff80fd84000 	C:\WINDOWS\system32\profapi.dll

VM Arguments:
jvm_args: -Djava.awt.headless=true -Xmx1024M -Dfile.encoding=windows-1252 -Duser.country=US -Duser.language=en -Duser.variant 
java_command: com.android.dx.command.Main --dex --force-jumbo --num-threads=4 --multi-dex --output C:\Users\lyspl\AndroidStudioProjects\TestGraphUI\app\build\intermediates\transforms\dex\debug\folders\1000\10\classes_034b2b71cd7c56f8c819f1b81e558d58a5301faf C:\Users\lyspl\.android\build-cache\b2ea5823d7e27e73f7024783b439d47288803688\output\jars\classes.jar
java_class_path (initial): C:\Users\lyspl\AppData\Local\Android\sdk\build-tools\25.0.0\lib\dx.jar
Launcher Type: SUN_STANDARD

Environment Variables:
JAVA_HOME=C:\Program Files\Java\jdk1.8.0_73
CLASSPATH=C:\Users\lyspl\lib\antlr-3.5-complete.jar; C:\Users\lyspl\lib\bin; C:\Users\lyspl\lib\antlrworks-1.5.2.jar
PATH=c:\mingw\bin;C:\Users\lyspl\AppData\Local\Android\sdk\platform-tools;C:\ProgramData\Oracle\Java\javapath;C:\Program Files (x86)\Intel\iCLS Client\;C:\Program Files\Intel\iCLS Client\;C:\Program Files (x86)\Lenovo\FusionEngine;C:\Windows\system32;C:\Windows;C:\Windows\System32\Wbem;C:\Windows\System32\WindowsPowerShell\v1.0\;C:\Program Files (x86)\Intel\Intel(R) Management Engine Components\DAL;C:\Program Files\Intel\Intel(R) Management Engine Components\DAL;C:\Program Files (x86)\Intel\Intel(R) Management Engine Components\IPT;C:\Program Files\Intel\Intel(R) Management Engine Components\IPT;C:\Program Files\Lenovo\Bluetooth Software\;C:\Program Files\Lenovo\Bluetooth Software\syswow64;C:\adb;C:\Program Files\Git\cmd;C:\WINDOWS\system32;C:\WINDOWS;C:\WINDOWS\System32\Wbem;C:\WINDOWS\System32\WindowsPowerShell\v1.0\;C:\Program Files\Java\jdk1.8.0_73\bin;C:\Users\lyspl\lib;C:\Users\lyspl\Anaconda2;C:\Users\lyspl\Anaconda2\Scripts;C:\Users\lyspl\Anaconda2\Library\bin;C:\MongoDB\Server\3.2\bin;C:\Program Files (x86)\Skype\Phone\;C:\Users\lyspl\Anaconda3;C:\Users\lyspl\Anaconda3\Scripts;C:\Users\lyspl\Anaconda3\Library\bin;C:\Users\lyspl\Anaconda2;C:\Users\lyspl\Anaconda2\Scripts;C:\Users\lyspl\Anaconda2\Library\bin;C:\Users\lyspl\AppData\Local\Programs\MiKTeX 2.9\miktex\bin\x64\;c:\mingw\bin;C:\MongoDB\Server\3.2\bin;C:\Users\lyspl\AppData\Local\Android\sdk
USERNAME=lyspl
OS=Windows_NT
PROCESSOR_IDENTIFIER=Intel64 Family 6 Model 61 Stepping 4, GenuineIntel



---------------  S Y S T E M  ---------------

OS: Windows 10.0 , 64 bit Build 10586 (10.0.10586.589)

CPU:total 4 (2 cores per cpu, 2 threads per core) family 6 model 61 stepping 4, cmov, cx8, fxsr, mmx, sse, sse2, sse3, ssse3, sse4.1, sse4.2, popcnt, avx, avx2, aes, clmul, erms, 3dnowpref, lzcnt, ht, tsc, tscinvbit, bmi1, bmi2, adx

Memory: 4k page, physical 8292268k(1292856k free), swap 10516936k(5580k free)

vm_info: Java HotSpot(TM) 64-Bit Server VM (25.73-b02) for windows-amd64 JRE (1.8.0_73-b02), built on Jan 29 2016 17:38:49 by "java_re" with MS VC++ 10.0 (VS2010)

time: Thu Apr 13 19:09:46 2017
elapsed time: 3 seconds (0d 0h 0m 3s)

