#
# There is insufficient memory for the Java Runtime Environment to continue.
# Native memory allocation (malloc) failed to allocate 37376 bytes for Chunk::new
# Possible reasons:
#   The system is out of physical RAM or swap space
#   In 32 bit mode, the process size limit was hit
# Possible solutions:
#   Reduce memory load on the system
#   Increase physical memory or swap space
#   Check if swap backing store is full
#   Use 64 bit Java on a 64 bit OS
#   Decrease Java heap size (-Xmx/-Xms)
#   Decrease number of Java threads
#   Decrease Java thread stack sizes (-Xss)
#   Set larger code cache with -XX:ReservedCodeCacheSize=
# This output file may be truncated or incomplete.
#
#  Out of Memory Error (allocation.cpp:390), pid=1992, tid=1016
#
# JRE version: Java(TM) SE Runtime Environment (8.0_73-b02) (build 1.8.0_73-b02)
# Java VM: Java HotSpot(TM) 64-Bit Server VM (25.73-b02 mixed mode windows-amd64 compressed oops)
# Failed to write core dump. Minidumps are not enabled by default on client versions of Windows
#

---------------  T H R E A D  ---------------

Current thread (0x0000000014bea800):  JavaThread "C2 CompilerThread0" daemon [_thread_in_native, id=1016, stack(0x0000000016210000,0x0000000016310000)]

Stack: [0x0000000016210000,0x0000000016310000]
[error occurred during error reporting (printing stack bounds), id 0xc0000005]

Native frames: (J=compiled Java code, j=interpreted, Vv=VM code, C=native code)


Current CompileTask:
C2:   1176  740       4       java.util.HashMap::containsKey (18 bytes)


---------------  P R O C E S S  ---------------

Java Threads: ( => current thread )
  0x00000000167cb800 JavaThread "pool-2-thread-4" [_thread_in_Java, id=12136, stack(0x0000000017710000,0x0000000017810000)]
  0x00000000167c8800 JavaThread "pool-2-thread-3" [_thread_in_vm, id=2228, stack(0x0000000017610000,0x0000000017710000)]
  0x00000000167c8000 JavaThread "pool-2-thread-2" [_thread_in_vm, id=4780, stack(0x0000000017510000,0x0000000017610000)]
  0x00000000167c5000 JavaThread "pool-3-thread-1" [_thread_blocked, id=5660, stack(0x0000000017410000,0x0000000017510000)]
  0x00000000167c4800 JavaThread "pool-2-thread-1" [_thread_in_vm, id=8572, stack(0x0000000017310000,0x0000000017410000)]
  0x0000000016522000 JavaThread "Service Thread" daemon [_thread_blocked, id=11920, stack(0x0000000016910000,0x0000000016a10000)]
  0x0000000014be6000 JavaThread "C1 CompilerThread2" daemon [_thread_blocked, id=8704, stack(0x0000000016410000,0x0000000016510000)]
  0x0000000014bdb000 JavaThread "C2 CompilerThread1" daemon [_thread_blocked, id=10340, stack(0x0000000016310000,0x0000000016410000)]
=>0x0000000014bea800 JavaThread "C2 CompilerThread0" daemon [_thread_in_native, id=1016, stack(0x0000000016210000,0x0000000016310000)]
  0x0000000014be8800 JavaThread "Attach Listener" daemon [_thread_blocked, id=10880, stack(0x0000000016110000,0x0000000016210000)]
  0x0000000014be7000 JavaThread "Signal Dispatcher" daemon [_thread_blocked, id=10904, stack(0x0000000016010000,0x0000000016110000)]
  0x0000000002501000 JavaThread "Finalizer" daemon [_thread_blocked, id=4868, stack(0x0000000015e30000,0x0000000015f30000)]
  0x0000000014ba9000 JavaThread "Reference Handler" daemon [_thread_blocked, id=5140, stack(0x0000000015d30000,0x0000000015e30000)]
  0x000000000223d800 JavaThread "main" [_thread_in_vm, id=6288, stack(0x0000000002310000,0x0000000002410000)]

Other Threads:
  0x0000000014ba7800 VMThread [stack: 0x0000000015c30000,0x0000000015d30000] [id=3884]
  0x0000000016525000 WatcherThread [stack: 0x0000000016a10000,0x0000000016b10000] [id=10580]

VM state:at safepoint (normal execution)

VM Mutex/Monitor currently owned by a thread:  ([mutex/lock_event])
[0x000000000223c730] Safepoint_lock - owner thread: 0x0000000014ba7800
[0x000000000223c5b0] Threads_lock - owner thread: 0x0000000014ba7800
[0x0000000002410f50] CompiledIC_lock - owner thread: 0x00000000167c8000

Heap:
 PSYoungGen      total 38400K, used 21336K [0x00000000eab00000, 0x00000000ed580000, 0x0000000100000000)
  eden space 33280K, 64% used [0x00000000eab00000,0x00000000ebfd6190,0x00000000ecb80000)
  from space 5120K, 0% used [0x00000000ed080000,0x00000000ed080000,0x00000000ed580000)
  to   space 5120K, 0% used [0x00000000ecb80000,0x00000000ecb80000,0x00000000ed080000)
 ParOldGen       total 87552K, used 0K [0x00000000c0000000, 0x00000000c5580000, 0x00000000eab00000)
  object space 87552K, 0% used [0x00000000c0000000,0x00000000c0000000,0x00000000c5580000)
 Metaspace       used 5739K, capacity 6704K, committed 6784K, reserved 1056768K
  class space    used 600K, capacity 616K, committed 640K, reserved 1048576K

Card table byte_map: [0x00000000118d0000,0x0000000011ae0000] byte_map_base: 0x00000000112d0000

Marking Bits: (ParMarkBitMap*) 0x0000000052d60600
 Begin Bits: [0x0000000012040000, 0x0000000013040000)
 End Bits:   [0x0000000013040000, 0x0000000014040000)

Polling page: 0x0000000002220000

CodeCache: size=245760Kb used=2950Kb max_used=2950Kb free=242809Kb
 bounds [0x0000000002510000, 0x0000000002800000, 0x0000000011510000]
 total_blobs=1024 nmethods=755 adapters=182
 compilation: enabled

Compilation events (10 events):
Event: 1.171 Thread 0x0000000014bea800  740       4       java.util.HashMap::containsKey (18 bytes)
Event: 1.171 Thread 0x0000000014be6000  751       3       com.android.dx.ssa.RegisterMapper::<init> (5 bytes)
Event: 1.171 Thread 0x0000000014be6000 nmethod 751 0x00000000027f0c10 code [0x00000000027f0d60, 0x00000000027f0f10]
Event: 1.171 Thread 0x0000000014be6000  749       3       java.util.HashSet::add (20 bytes)
Event: 1.171 Thread 0x0000000014be6000 nmethod 749 0x00000000027f0750 code [0x00000000027f08c0, 0x00000000027f0b48]
Event: 1.171 Thread 0x0000000014be6000  745       3       com.android.dx.ssa.SsaRenamer$BlockRenamer$RenamingMapper::map (28 bytes)
Event: 1.172 Thread 0x0000000014be6000 nmethod 745 0x00000000027efed0 code [0x00000000027f0060, 0x00000000027f0528]
Event: 1.172 Thread 0x0000000014be6000  738       1       com.android.dx.ssa.SsaMethod::getEntryBlockIndex (5 bytes)
Event: 1.172 Thread 0x0000000014be6000 nmethod 738 0x00000000027ef350 code [0x00000000027ef4a0, 0x00000000027ef5b0]
Event: 1.172 Thread 0x0000000014be6000  701       1       com.android.dx.dex.file.DexFile::getMethodIds (5 bytes)

GC Heap History (0 events):
No events

Deoptimization events (1 events):
Event: 0.592 Thread 0x000000000223d800 Uncommon trap: reason=unstable_if action=reinterpret pc=0x0000000002661b14 method=java.lang.String.compareTo(Ljava/lang/String;)I @ 38

Internal exceptions (2 events):
Event: 0.075 Thread 0x000000000223d800 Exception <a 'java/lang/NoSuchMethodError': Method sun.misc.Unsafe.defineClass(Ljava/lang/String;[BII)Ljava/lang/Class; name or signature does not match> (0x00000000eab0dc08) thrown at [D:\re\puppet\workspace\8-2-build-windows-amd64-cygwin\jdk8u73\6086\hot•Ä%³?
Event: 0.075 Thread 0x000000000223d800 Exception <a 'java/lang/NoSuchMethodError': Method sun.misc.Unsafe.prefetchRead(Ljava/lang/Object;J)V name or signature does not match> (0x00000000eab0def0) thrown at [D:\re\puppet\workspace\8-2-build-windows-amd64-cygwin\jdk8u73\6086\hotspot\src\share\vm\

Events (10 events):
Event: 1.026 loading class java/util/TreeMap$EntrySet
Event: 1.029 loading class java/util/TreeMap$EntrySet done
Event: 1.029 loading class java/util/TreeMap$EntryIterator
Event: 1.030 loading class java/util/TreeMap$EntryIterator done
Event: 1.075 loading class com/android/dx/ssa/back/FirstFitLocalCombiningAllocator$Multiset
Event: 1.075 loading class com/android/dx/ssa/back/FirstFitLocalCombiningAllocator$Multiset done
Event: 1.126 loading class com/android/dx/cf/code/BytecodeArray$ConstantParserVisitor
Event: 1.126 loading class com/android/dx/cf/code/BytecodeArray$ConstantParserVisitor done
Event: 1.165 loading class java/util/ArrayList$1
Event: 1.165 loading class java/util/ArrayList$1 done


Dynamic libraries:
0x00007ff7ef200000 - 0x00007ff7ef237000 	C:\Program Files\Java\jdk1.8.0_73\bin\java.exe
0x00007ff8136e0000 - 0x00007ff8138a1000 	C:\WINDOWS\SYSTEM32\ntdll.dll
0x00007ff810e60000 - 0x00007ff810f0d000 	C:\WINDOWS\system32\KERNEL32.DLL
0x00007ff80fd90000 - 0x00007ff80ff78000 	C:\WINDOWS\system32\KERNELBASE.dll
0x00007ff810db0000 - 0x00007ff810e57000 	C:\WINDOWS\system32\ADVAPI32.dll
0x00007ff813200000 - 0x00007ff81329d000 	C:\WINDOWS\system32\msvcrt.dll
0x00007ff813420000 - 0x00007ff81347b000 	C:\WINDOWS\system32\sechost.dll
0x00007ff812c90000 - 0x00007ff812dac000 	C:\WINDOWS\system32\RPCRT4.dll
0x00007ff811200000 - 0x00007ff811356000 	C:\WINDOWS\system32\USER32.dll
0x00007ff810f10000 - 0x00007ff811096000 	C:\WINDOWS\system32\GDI32.dll
0x00007ff803630000 - 0x00007ff8038a4000 	C:\WINDOWS\WinSxS\amd64_microsoft.windows.common-controls_6595b64144ccf1df_6.0.10586.839_none_a2ddba30a539a2ae\COMCTL32.dll
0x00007ff8113e0000 - 0x00007ff81165d000 	C:\WINDOWS\system32\combase.dll
0x00007ff80ff80000 - 0x00007ff80ffea000 	C:\WINDOWS\system32\bcryptPrimitives.dll
0x00007ff8132a0000 - 0x00007ff8132db000 	C:\WINDOWS\system32\IMM32.DLL
0x0000000052de0000 - 0x0000000052eb2000 	C:\Program Files\Java\jdk1.8.0_73\jre\bin\msvcr100.dll
0x0000000052550000 - 0x0000000052de0000 	C:\Program Files\Java\jdk1.8.0_73\jre\bin\server\jvm.dll
0x00007ff810da0000 - 0x00007ff810da8000 	C:\WINDOWS\system32\PSAPI.DLL
0x00007ff800540000 - 0x00007ff800549000 	C:\WINDOWS\SYSTEM32\WSOCK32.dll
0x00007ff812c20000 - 0x00007ff812c8b000 	C:\WINDOWS\system32\WS2_32.dll
0x00007ff80e400000 - 0x00007ff80e423000 	C:\WINDOWS\SYSTEM32\WINMM.dll
0x00007ff801ae0000 - 0x00007ff801aea000 	C:\WINDOWS\SYSTEM32\VERSION.dll
0x00007ff80e3d0000 - 0x00007ff80e3fc000 	C:\WINDOWS\SYSTEM32\WINMMBASE.dll
0x00007ff810080000 - 0x00007ff8100c3000 	C:\WINDOWS\system32\cfgmgr32.dll
0x0000000052540000 - 0x000000005254f000 	C:\Program Files\Java\jdk1.8.0_73\jre\bin\verify.dll
0x0000000052510000 - 0x0000000052539000 	C:\Program Files\Java\jdk1.8.0_73\jre\bin\java.dll
0x00000000524f0000 - 0x0000000052506000 	C:\Program Files\Java\jdk1.8.0_73\jre\bin\zip.dll
0x00007ff8116c0000 - 0x00007ff812c1c000 	C:\WINDOWS\system32\SHELL32.dll
0x00007ff810470000 - 0x00007ff810ab5000 	C:\WINDOWS\system32\windows.storage.dll
0x00007ff8133c0000 - 0x00007ff813412000 	C:\WINDOWS\system32\shlwapi.dll
0x00007ff80fd50000 - 0x00007ff80fd5f000 	C:\WINDOWS\system32\kernel.appcore.dll
0x00007ff8101e0000 - 0x00007ff810295000 	C:\WINDOWS\system32\shcore.dll
0x00007ff80fd00000 - 0x00007ff80fd4b000 	C:\WINDOWS\system32\powrprof.dll
0x00007ff80fd70000 - 0x00007ff80fd84000 	C:\WINDOWS\system32\profapi.dll

VM Arguments:
jvm_args: -Djava.awt.headless=true -Xmx1024M -Dfile.encoding=windows-1252 -Duser.country=US -Duser.language=en -Duser.variant 
java_command: com.android.dx.command.Main --dex --force-jumbo --num-threads=4 --multi-dex --output C:\Users\lyspl\AndroidStudioProjects\TestGraphUI\app\build\intermediates\transforms\dex\debug\folders\1000\10\classes_631f628fbeaf2358404895e5b712eb78fafea651 C:\Users\lyspl\.android\build-cache\6a07e3d2197b23e4402ef61742f109ddad132fd8\output\jars\classes.jar
java_class_path (initial): C:\Users\lyspl\AppData\Local\Android\sdk\build-tools\25.0.0\lib\dx.jar
Launcher Type: SUN_STANDARD

Environment Variables:
JAVA_HOME=C:\Program Files\Java\jdk1.8.0_73
CLASSPATH=C:\Users\lyspl\lib\antlr-3.5-complete.jar; C:\Users\lyspl\lib\bin; C:\Users\lyspl\lib\antlrworks-1.5.2.jar
PATH=c:\mingw\bin;C:\Users\lyspl\AppData\Local\Android\sdk\platform-tools;C:\ProgramData\Oracle\Java\javapath;C:\Program Files (x86)\Intel\iCLS Client\;C:\Program Files\Intel\iCLS Client\;C:\Program Files (x86)\Lenovo\FusionEngine;C:\Windows\system32;C:\Windows;C:\Windows\System32\Wbem;C:\Windows\System32\WindowsPowerShell\v1.0\;C:\Program Files (x86)\Intel\Intel(R) Management Engine Components\DAL;C:\Program Files\Intel\Intel(R) Management Engine Components\DAL;C:\Program Files (x86)\Intel\Intel(R) Management Engine Components\IPT;C:\Program Files\Intel\Intel(R) Management Engine Components\IPT;C:\Program Files\Lenovo\Bluetooth Software\;C:\Program Files\Lenovo\Bluetooth Software\syswow64;C:\adb;C:\Program Files\Git\cmd;C:\WINDOWS\system32;C:\WINDOWS;C:\WINDOWS\System32\Wbem;C:\WINDOWS\System32\WindowsPowerShell\v1.0\;C:\Program Files\Java\jdk1.8.0_73\bin;C:\Users\lyspl\lib;C:\Users\lyspl\Anaconda2;C:\Users\lyspl\Anaconda2\Scripts;C:\Users\lyspl\Anaconda2\Library\bin;C:\MongoDB\Server\3.2\bin;C:\Program Files (x86)\Skype\Phone\;C:\Users\lyspl\Anaconda3;C:\Users\lyspl\Anaconda3\Scripts;C:\Users\lyspl\Anaconda3\Library\bin;C:\Users\lyspl\Anaconda2;C:\Users\lyspl\Anaconda2\Scripts;C:\Users\lyspl\Anaconda2\Library\bin;C:\Users\lyspl\AppData\Local\Programs\MiKTeX 2.9\miktex\bin\x64\;c:\mingw\bin;C:\MongoDB\Server\3.2\bin;C:\Users\lyspl\AppData\Local\Android\sdk
USERNAME=lyspl
OS=Windows_NT
PROCESSOR_IDENTIFIER=Intel64 Family 6 Model 61 Stepping 4, GenuineIntel



---------------  S Y S T E M  ---------------

OS: Windows 10.0 , 64 bit Build 10586 (10.0.10586.589)

CPU:total 4 (2 cores per cpu, 2 threads per core) family 6 model 61 stepping 4, cmov, cx8, fxsr, mmx, sse, sse2, sse3, ssse3, sse4.1, sse4.2, popcnt, avx, avx2, aes, clmul, erms, 3dnowpref, lzcnt, ht, tsc, tscinvbit, bmi1, bmi2, adx

Memory: 4k page, physical 8292268k(1285176k free), swap 10516936k(2444k free)

vm_info: Java HotSpot(TM) 64-Bit Server VM (25.73-b02) for windows-amd64 JRE (1.8.0_73-b02), built on Jan 29 2016 17:38:49 by "java_re" with MS VC++ 10.0 (VS2010)

time: Thu Apr 13 19:09:42 2017
elapsed time: 1 seconds (0d 0h 0m 1s)

