#
# There is insufficient memory for the Java Runtime Environment to continue.
# Native memory allocation (malloc) failed to allocate 390416 bytes for Chunk::new
# Possible reasons:
#   The system is out of physical RAM or swap space
#   In 32 bit mode, the process size limit was hit
# Possible solutions:
#   Reduce memory load on the system
#   Increase physical memory or swap space
#   Check if swap backing store is full
#   Use 64 bit Java on a 64 bit OS
#   Decrease Java heap size (-Xmx/-Xms)
#   Decrease number of Java threads
#   Decrease Java thread stack sizes (-Xss)
#   Set larger code cache with -XX:ReservedCodeCacheSize=
# This output file may be truncated or incomplete.
#
#  Out of Memory Error (allocation.cpp:390), pid=6892, tid=4700
#
# JRE version: Java(TM) SE Runtime Environment (8.0_73-b02) (build 1.8.0_73-b02)
# Java VM: Java HotSpot(TM) 64-Bit Server VM (25.73-b02 mixed mode windows-amd64 compressed oops)
# Failed to write core dump. Minidumps are not enabled by default on client versions of Windows
#

---------------  T H R E A D  ---------------

Current thread (0x0000000014b00800):  JavaThread "C2 CompilerThread1" daemon [_thread_in_native, id=4700, stack(0x0000000016250000,0x0000000016350000)]

Stack: [0x0000000016250000,0x0000000016350000]
[error occurred during error reporting (printing stack bounds), id 0xc0000005]

Native frames: (J=compiled Java code, j=interpreted, Vv=VM code, C=native code)


Current CompileTask:
C2:   2246  942       4       com.android.dx.ssa.back.LivenessAnalyzer::handleTailRecursion (94 bytes)


---------------  P R O C E S S  ---------------

Java Threads: ( => current thread )
  0x00000000165c4000 JavaThread "pool-2-thread-4" [_thread_in_vm, id=9472, stack(0x0000000016e50000,0x0000000016f50000)]
  0x00000000165bf000 JavaThread "pool-2-thread-3" [_thread_in_Java, id=8004, stack(0x0000000016d50000,0x0000000016e50000)]
  0x0000000016497800 JavaThread "pool-2-thread-2" [_thread_in_Java, id=6148, stack(0x0000000016c50000,0x0000000016d50000)]
  0x0000000016499800 JavaThread "pool-3-thread-1" [_thread_blocked, id=9636, stack(0x0000000016b50000,0x0000000016c50000)]
  0x0000000016472800 JavaThread "pool-2-thread-1" [_thread_in_Java, id=10644, stack(0x0000000016a50000,0x0000000016b50000)]
  0x0000000016364800 JavaThread "Service Thread" daemon [_thread_blocked, id=4360, stack(0x0000000016850000,0x0000000016950000)]
  0x0000000016358800 JavaThread "C1 CompilerThread2" daemon [_thread_blocked, id=9652, stack(0x0000000016750000,0x0000000016850000)]
=>0x0000000014b00800 JavaThread "C2 CompilerThread1" daemon [_thread_in_native, id=4700, stack(0x0000000016250000,0x0000000016350000)]
  0x0000000014afd800 JavaThread "C2 CompilerThread0" daemon [_thread_in_native, id=6960, stack(0x0000000016150000,0x0000000016250000)]
  0x0000000014afb800 JavaThread "Attach Listener" daemon [_thread_blocked, id=7632, stack(0x0000000016050000,0x0000000016150000)]
  0x0000000014afa000 JavaThread "Signal Dispatcher" daemon [_thread_blocked, id=9688, stack(0x0000000015f50000,0x0000000016050000)]
  0x0000000002401000 JavaThread "Finalizer" daemon [_thread_blocked, id=5456, stack(0x0000000015d70000,0x0000000015e70000)]
  0x00000000023fe000 JavaThread "Reference Handler" daemon [_thread_blocked, id=8232, stack(0x0000000015c70000,0x0000000015d70000)]
  0x00000000021ed800 JavaThread "main" [_thread_blocked, id=8992, stack(0x0000000002210000,0x0000000002310000)]

Other Threads:
  0x0000000014ac7800 VMThread [stack: 0x0000000015b70000,0x0000000015c70000] [id=10948]
  0x0000000016360800 WatcherThread [stack: 0x0000000016950000,0x0000000016a50000] [id=1796]

VM state:not at safepoint (normal execution)

VM Mutex/Monitor currently owned by a thread: None

Heap:
 PSYoungGen      total 38400K, used 17992K [0x00000000eab00000, 0x00000000ed580000, 0x0000000100000000)
  eden space 33280K, 54% used [0x00000000eab00000,0x00000000ebc921e0,0x00000000ecb80000)
  from space 5120K, 0% used [0x00000000ed080000,0x00000000ed080000,0x00000000ed580000)
  to   space 5120K, 0% used [0x00000000ecb80000,0x00000000ecb80000,0x00000000ed080000)
 ParOldGen       total 87552K, used 0K [0x00000000c0000000, 0x00000000c5580000, 0x00000000eab00000)
  object space 87552K, 0% used [0x00000000c0000000,0x00000000c0000000,0x00000000c5580000)
 Metaspace       used 5607K, capacity 6768K, committed 7040K, reserved 1056768K
  class space    used 576K, capacity 616K, committed 640K, reserved 1048576K

Card table byte_map: [0x00000000117d0000,0x00000000119e0000] byte_map_base: 0x00000000111d0000

Marking Bits: (ParMarkBitMap*) 0x0000000065050600
 Begin Bits: [0x0000000011f40000, 0x0000000012f40000)
 End Bits:   [0x0000000012f40000, 0x0000000013f40000)

Polling page: 0x00000000021a0000

CodeCache: size=245760Kb used=3835Kb max_used=3835Kb free=241924Kb
 bounds [0x0000000002410000, 0x00000000027e0000, 0x0000000011410000]
 total_blobs=1208 nmethods=947 adapters=174
 compilation: enabled

Compilation events (10 events):
Event: 2.231 Thread 0x0000000016358800  953       3       com.android.dx.cf.code.BasicBlocker::visitThrowing (59 bytes)
Event: 2.232 Thread 0x0000000016358800 nmethod 953 0x00000000027cda90 code [0x00000000027cdc80, 0x00000000027ce6f8]
Event: 2.232 Thread 0x0000000016358800  956       3       com.android.dx.cf.code.LocalVariableList::pcAndIndexToLocal (51 bytes)
Event: 2.233 Thread 0x0000000016358800 nmethod 956 0x00000000027cd050 code [0x00000000027cd200, 0x00000000027cd888]
Event: 2.233 Thread 0x0000000016358800  955       3       com.android.dx.cf.code.Ropper::addOrReplaceBlock (66 bytes)
Event: 2.234 Thread 0x0000000016358800 nmethod 955 0x00000000027d0550 code [0x00000000027d07a0, 0x00000000027d15d8]
Event: 2.234 Thread 0x0000000016358800  954       1       com.android.dx.cf.attrib.AttCode::getCode (5 bytes)
Event: 2.234 Thread 0x0000000016358800 nmethod 954 0x00000000027ccd90 code [0x00000000027ccee0, 0x00000000027ccff0]
Event: 2.238 Thread 0x0000000016358800  957       3       com.android.dx.ssa.SsaMethod::getUseListCopy (56 bytes)
Event: 2.239 Thread 0x0000000016358800 nmethod 957 0x00000000027cc490 code [0x00000000027cc620, 0x00000000027ccb38]

GC Heap History (0 events):
No events

Deoptimization events (10 events):
Event: 1.635 Thread 0x00000000165bf000 Uncommon trap: reason=speculate_class_check action=maybe_recompile pc=0x00000000025db0f0 method=com.android.dx.rop.cst.Constant.compareTo(Lcom/android/dx/rop/cst/Constant;)I @ 29
Event: 1.635 Thread 0x00000000165bf000 Uncommon trap: reason=speculate_class_check action=maybe_recompile pc=0x00000000025db0f0 method=com.android.dx.rop.cst.Constant.compareTo(Lcom/android/dx/rop/cst/Constant;)I @ 29
Event: 1.635 Thread 0x00000000165bf000 Uncommon trap: reason=speculate_class_check action=maybe_recompile pc=0x00000000025db0f0 method=com.android.dx.rop.cst.Constant.compareTo(Lcom/android/dx/rop/cst/Constant;)I @ 29
Event: 1.687 Thread 0x0000000016472800 Uncommon trap: reason=unstable_if action=reinterpret pc=0x00000000026444bc method=java.util.HashMap.getNode(ILjava/lang/Object;)Ljava/util/HashMap$Node; @ 62
Event: 1.867 Thread 0x00000000165bf000 Uncommon trap: reason=class_check action=maybe_recompile pc=0x0000000002638ff4 method=com.android.dx.rop.cst.CstMemberRef.compareTo0(Lcom/android/dx/rop/cst/Constant;)I @ 1
Event: 1.867 Thread 0x0000000016497800 Uncommon trap: reason=class_check action=maybe_recompile pc=0x0000000002638ff4 method=com.android.dx.rop.cst.CstMemberRef.compareTo0(Lcom/android/dx/rop/cst/Constant;)I @ 1
Event: 1.867 Thread 0x0000000016497800 Uncommon trap: reason=class_check action=maybe_recompile pc=0x0000000002638ff4 method=com.android.dx.rop.cst.CstMemberRef.compareTo0(Lcom/android/dx/rop/cst/Constant;)I @ 1
Event: 1.868 Thread 0x00000000165c4000 Uncommon trap: reason=class_check action=maybe_recompile pc=0x0000000002638ff4 method=com.android.dx.rop.cst.CstMemberRef.compareTo0(Lcom/android/dx/rop/cst/Constant;)I @ 1
Event: 1.952 Thread 0x00000000021ed800 Uncommon trap: reason=unstable_if action=reinterpret pc=0x0000000002640930 method=com.android.dx.rop.cst.CstFieldRef.compareTo0(Lcom/android/dx/rop/cst/Constant;)I @ 7
Event: 1.966 Thread 0x0000000016497800 Uncommon trap: reason=unstable_if action=reinterpret pc=0x00000000026398f8 method=com.android.dx.rop.cst.CstFieldRef.compareTo0(Lcom/android/dx/rop/cst/Constant;)I @ 7

Internal exceptions (2 events):
Event: 0.183 Thread 0x00000000021ed800 Exception <a 'java/lang/NoSuchMethodError': Method sun.misc.Unsafe.defineClass(Ljava/lang/String;[BII)Ljava/lang/Class; name or signature does not match> (0x00000000eab0dbe8) thrown at [D:\re\puppet\workspace\8-2-build-windows-amd64-cygwin\jdk8u73\6086\hot∞›J*¥j«?
Event: 0.183 Thread 0x00000000021ed800 Exception <a 'java/lang/NoSuchMethodError': Method sun.misc.Unsafe.prefetchRead(Ljava/lang/Object;J)V name or signature does not match> (0x00000000eab0ded0) thrown at [D:\re\puppet\workspace\8-2-build-windows-amd64-cygwin\jdk8u73\6086\hotspot\src\share\vm\

Events (10 events):
Event: 1.952 Thread 0x00000000021ed800 DEOPT UNPACKING pc=0x000000000245582a sp=0x000000000230df88 mode 2
Event: 1.966 Thread 0x0000000016497800 Uncommon trap: trap_request=0xffffff65 fr.pc=0x00000000026398f8
Event: 1.966 Thread 0x0000000016497800 DEOPT PACKING pc=0x00000000026398f8 sp=0x0000000016d4efa0
Event: 1.966 Thread 0x0000000016497800 DEOPT UNPACKING pc=0x000000000245582a sp=0x0000000016d4ef28 mode 2
Event: 1.986 loading class java/util/HashMap$KeySet
Event: 1.996 loading class java/util/HashMap$KeySet done
Event: 1.996 loading class java/util/HashMap$KeyIterator
Event: 1.996 loading class java/util/HashMap$KeyIterator done
Event: 2.084 loading class java/util/ArrayList$1
Event: 2.084 loading class java/util/ArrayList$1 done


Dynamic libraries:
0x00007ff7ec050000 - 0x00007ff7ec087000 	C:\Program Files\Java\jdk1.8.0_73\bin\java.exe
0x00007ffe9c140000 - 0x00007ffe9c301000 	C:\WINDOWS\SYSTEM32\ntdll.dll
0x00007ffe9bd30000 - 0x00007ffe9bddd000 	C:\WINDOWS\system32\KERNEL32.DLL
0x00007ffe99020000 - 0x00007ffe99208000 	C:\WINDOWS\system32\KERNELBASE.dll
0x00007ffe9b690000 - 0x00007ffe9b737000 	C:\WINDOWS\system32\ADVAPI32.dll
0x00007ffe9b750000 - 0x00007ffe9b7ed000 	C:\WINDOWS\system32\msvcrt.dll
0x00007ffe99840000 - 0x00007ffe9989b000 	C:\WINDOWS\system32\sechost.dll
0x00007ffe9bfa0000 - 0x00007ffe9c0bc000 	C:\WINDOWS\system32\RPCRT4.dll
0x00007ffe9bde0000 - 0x00007ffe9bf36000 	C:\WINDOWS\system32\USER32.dll
0x00007ffe9b3f0000 - 0x00007ffe9b576000 	C:\WINDOWS\system32\GDI32.dll
0x00007ffe8c710000 - 0x00007ffe8c984000 	C:\WINDOWS\WinSxS\amd64_microsoft.windows.common-controls_6595b64144ccf1df_6.0.10586.839_none_a2ddba30a539a2ae\COMCTL32.dll
0x00007ffe9af80000 - 0x00007ffe9b1fd000 	C:\WINDOWS\system32\combase.dll
0x00007ffe987f0000 - 0x00007ffe9885a000 	C:\WINDOWS\system32\bcryptPrimitives.dll
0x00007ffe9af40000 - 0x00007ffe9af7b000 	C:\WINDOWS\system32\IMM32.DLL
0x00000000650d0000 - 0x00000000651a2000 	C:\Program Files\Java\jdk1.8.0_73\jre\bin\msvcr100.dll
0x0000000064840000 - 0x00000000650d0000 	C:\Program Files\Java\jdk1.8.0_73\jre\bin\server\jvm.dll
0x00007ffe99900000 - 0x00007ffe99908000 	C:\WINDOWS\system32\PSAPI.DLL
0x00007ffe7f1c0000 - 0x00007ffe7f1c9000 	C:\WINDOWS\SYSTEM32\WSOCK32.dll
0x00007ffe9c0c0000 - 0x00007ffe9c12b000 	C:\WINDOWS\system32\WS2_32.dll
0x00007ffe969e0000 - 0x00007ffe96a03000 	C:\WINDOWS\SYSTEM32\WINMM.dll
0x00007ffe957f0000 - 0x00007ffe957fa000 	C:\WINDOWS\SYSTEM32\VERSION.dll
0x00007ffe96980000 - 0x00007ffe969ac000 	C:\WINDOWS\SYSTEM32\WINMMBASE.dll
0x00007ffe99440000 - 0x00007ffe99483000 	C:\WINDOWS\system32\cfgmgr32.dll
0x0000000064830000 - 0x000000006483f000 	C:\Program Files\Java\jdk1.8.0_73\jre\bin\verify.dll
0x0000000064800000 - 0x0000000064829000 	C:\Program Files\Java\jdk1.8.0_73\jre\bin\java.dll
0x00000000647e0000 - 0x00000000647f6000 	C:\Program Files\Java\jdk1.8.0_73\jre\bin\zip.dll
0x00007ffe99910000 - 0x00007ffe9ae6c000 	C:\WINDOWS\system32\SHELL32.dll
0x00007ffe98860000 - 0x00007ffe98ea4000 	C:\WINDOWS\system32\windows.storage.dll
0x00007ffe9bf40000 - 0x00007ffe9bf92000 	C:\WINDOWS\system32\shlwapi.dll
0x00007ffe98780000 - 0x00007ffe9878f000 	C:\WINDOWS\system32\kernel.appcore.dll
0x00007ffe98f60000 - 0x00007ffe99015000 	C:\WINDOWS\system32\shcore.dll
0x00007ffe98790000 - 0x00007ffe987db000 	C:\WINDOWS\system32\powrprof.dll
0x00007ffe98760000 - 0x00007ffe98774000 	C:\WINDOWS\system32\profapi.dll

VM Arguments:
jvm_args: -Djava.awt.headless=true -Xmx1024M -Dfile.encoding=windows-1252 -Duser.country=US -Duser.language=en -Duser.variant 
java_command: com.android.dx.command.Main --dex --force-jumbo --num-threads=4 --multi-dex --output C:\Users\lyspl\AndroidStudioProjects\TestGraphUI\app\build\intermediates\transforms\dex\debug\folders\1000\5\slice_2 C:\Users\lyspl\AndroidStudioProjects\TestGraphUI\app\build\intermediates\transforms\instantRunSlicer\debug\folders\1\5\slice_2
java_class_path (initial): C:\Users\lyspl\AppData\Local\Android\sdk\build-tools\25.0.0\lib\dx.jar
Launcher Type: SUN_STANDARD

Environment Variables:
JAVA_HOME=C:\Program Files\Java\jdk1.8.0_73
CLASSPATH=C:\Users\lyspl\lib\antlr-3.5-complete.jar; C:\Users\lyspl\lib\bin; C:\Users\lyspl\lib\antlrworks-1.5.2.jar
PATH=c:\mingw\bin;C:\Users\lyspl\AppData\Local\Android\sdk\platform-tools;C:\ProgramData\Oracle\Java\javapath;C:\Program Files (x86)\Intel\iCLS Client\;C:\Program Files\Intel\iCLS Client\;C:\Program Files (x86)\Lenovo\FusionEngine;C:\Windows\system32;C:\Windows;C:\Windows\System32\Wbem;C:\Windows\System32\WindowsPowerShell\v1.0\;C:\Program Files (x86)\Intel\Intel(R) Management Engine Components\DAL;C:\Program Files\Intel\Intel(R) Management Engine Components\DAL;C:\Program Files (x86)\Intel\Intel(R) Management Engine Components\IPT;C:\Program Files\Intel\Intel(R) Management Engine Components\IPT;C:\Program Files\Lenovo\Bluetooth Software\;C:\Program Files\Lenovo\Bluetooth Software\syswow64;C:\adb;C:\Program Files\Git\cmd;C:\WINDOWS\system32;C:\WINDOWS;C:\WINDOWS\System32\Wbem;C:\WINDOWS\System32\WindowsPowerShell\v1.0\;C:\Program Files\Java\jdk1.8.0_73\bin;C:\Users\lyspl\lib;C:\Users\lyspl\Anaconda2;C:\Users\lyspl\Anaconda2\Scripts;C:\Users\lyspl\Anaconda2\Library\bin;C:\MongoDB\Server\3.2\bin;C:\Program Files (x86)\Skype\Phone\;C:\Users\lyspl\Anaconda3;C:\Users\lyspl\Anaconda3\Scripts;C:\Users\lyspl\Anaconda3\Library\bin;C:\Users\lyspl\Anaconda2;C:\Users\lyspl\Anaconda2\Scripts;C:\Users\lyspl\Anaconda2\Library\bin;C:\Users\lyspl\AppData\Local\Programs\MiKTeX 2.9\miktex\bin\x64\;c:\mingw\bin;C:\MongoDB\Server\3.2\bin;C:\Users\lyspl\AppData\Local\Android\sdk
USERNAME=lyspl
OS=Windows_NT
PROCESSOR_IDENTIFIER=Intel64 Family 6 Model 61 Stepping 4, GenuineIntel



---------------  S Y S T E M  ---------------

OS: Windows 10.0 , 64 bit Build 10586 (10.0.10586.589)

CPU:total 4 (2 cores per cpu, 2 threads per core) family 6 model 61 stepping 4, cmov, cx8, fxsr, mmx, sse, sse2, sse3, ssse3, sse4.1, sse4.2, popcnt, avx, avx2, aes, clmul, erms, 3dnowpref, lzcnt, ht, tsc, tscinvbit, bmi1, bmi2, adx

Memory: 4k page, physical 8292268k(938964k free), swap 12449444k(1416k free)

vm_info: Java HotSpot(TM) 64-Bit Server VM (25.73-b02) for windows-amd64 JRE (1.8.0_73-b02), built on Jan 29 2016 17:38:49 by "java_re" with MS VC++ 10.0 (VS2010)

time: Mon Apr 24 20:31:39 2017
elapsed time: 2 seconds (0d 0h 0m 2s)

