#
# There is insufficient memory for the Java Runtime Environment to continue.
# Native memory allocation (malloc) failed to allocate 940016 bytes for Chunk::new
# Possible reasons:
#   The system is out of physical RAM or swap space
#   In 32 bit mode, the process size limit was hit
# Possible solutions:
#   Reduce memory load on the system
#   Increase physical memory or swap space
#   Check if swap backing store is full
#   Use 64 bit Java on a 64 bit OS
#   Decrease Java heap size (-Xmx/-Xms)
#   Decrease number of Java threads
#   Decrease Java thread stack sizes (-Xss)
#   Set larger code cache with -XX:ReservedCodeCacheSize=
# This output file may be truncated or incomplete.
#
#  Out of Memory Error (allocation.cpp:390), pid=4100, tid=7008
#
# JRE version: Java(TM) SE Runtime Environment (8.0_73-b02) (build 1.8.0_73-b02)
# Java VM: Java HotSpot(TM) 64-Bit Server VM (25.73-b02 mixed mode windows-amd64 compressed oops)
# Failed to write core dump. Minidumps are not enabled by default on client versions of Windows
#

---------------  T H R E A D  ---------------

Current thread (0x00000000150fd800):  JavaThread "C2 CompilerThread0" daemon [_thread_in_native, id=7008, stack(0x0000000016730000,0x0000000016830000)]

Stack: [0x0000000016730000,0x0000000016830000]
[error occurred during error reporting (printing stack bounds), id 0xc0000005]

Native frames: (J=compiled Java code, j=interpreted, Vv=VM code, C=native code)


Current CompileTask:
C2:   5070 1569   !   4       com.android.dx.cf.code.BytecodeArray::parseInstruction (2764 bytes)


---------------  P R O C E S S  ---------------

Java Threads: ( => current thread )
  0x0000000016b44000 JavaThread "pool-2-thread-4" [_thread_in_Java, id=3028, stack(0x0000000017430000,0x0000000017530000)]
  0x0000000016b42800 JavaThread "pool-2-thread-3" [_thread_blocked, id=12988, stack(0x0000000017330000,0x0000000017430000)]
  0x0000000016b7f000 JavaThread "pool-2-thread-2" [_thread_blocked, id=5244, stack(0x0000000017230000,0x0000000017330000)]
  0x0000000016b26000 JavaThread "pool-3-thread-1" [_thread_blocked, id=8604, stack(0x0000000017130000,0x0000000017230000)]
  0x0000000016b1f800 JavaThread "pool-2-thread-1" [_thread_in_Java, id=6656, stack(0x0000000017030000,0x0000000017130000)]
  0x0000000016936000 JavaThread "Service Thread" daemon [_thread_blocked, id=2076, stack(0x0000000016e30000,0x0000000016f30000)]
  0x000000001515d000 JavaThread "C1 CompilerThread2" daemon [_thread_blocked, id=12420, stack(0x0000000016d30000,0x0000000016e30000)]
  0x000000001515a000 JavaThread "C2 CompilerThread1" daemon [_thread_in_native, id=1352, stack(0x0000000016830000,0x0000000016930000)]
=>0x00000000150fd800 JavaThread "C2 CompilerThread0" daemon [_thread_in_native, id=7008, stack(0x0000000016730000,0x0000000016830000)]
  0x00000000150fb800 JavaThread "Attach Listener" daemon [_thread_blocked, id=6844, stack(0x0000000016630000,0x0000000016730000)]
  0x00000000150fa800 JavaThread "Signal Dispatcher" daemon [_thread_blocked, id=11516, stack(0x0000000016530000,0x0000000016630000)]
  0x0000000002a21000 JavaThread "Finalizer" daemon [_thread_blocked, id=10656, stack(0x0000000016350000,0x0000000016450000)]
  0x0000000002a1e800 JavaThread "Reference Handler" daemon [_thread_blocked, id=11636, stack(0x0000000016250000,0x0000000016350000)]
  0x00000000027dd800 JavaThread "main" [_thread_in_Java, id=5396, stack(0x00000000027e0000,0x00000000028e0000)]

Other Threads:
  0x00000000150c7800 VMThread [stack: 0x0000000016150000,0x0000000016250000] [id=11396]
  0x000000001693b800 WatcherThread [stack: 0x0000000016f30000,0x0000000017030000] [id=6732]

VM state:not at safepoint (normal execution)

VM Mutex/Monitor currently owned by a thread: None

Heap:
 PSYoungGen      total 38400K, used 28379K [0x00000000eab00000, 0x00000000ed580000, 0x0000000100000000)
  eden space 33280K, 69% used [0x00000000eab00000,0x00000000ec1bafe0,0x00000000ecb80000)
  from space 5120K, 99% used [0x00000000ed080000,0x00000000ed57bfb8,0x00000000ed580000)
  to   space 5120K, 0% used [0x00000000ecb80000,0x00000000ecb80000,0x00000000ed080000)
 ParOldGen       total 87552K, used 6298K [0x00000000c0000000, 0x00000000c5580000, 0x00000000eab00000)
  object space 87552K, 7% used [0x00000000c0000000,0x00000000c0626b80,0x00000000c5580000)
 Metaspace       used 6332K, capacity 7128K, committed 7424K, reserved 1056768K
  class space    used 625K, capacity 656K, committed 768K, reserved 1048576K

Card table byte_map: [0x0000000011df0000,0x0000000012000000] byte_map_base: 0x00000000117f0000

Marking Bits: (ParMarkBitMap*) 0x00000000523c0600
 Begin Bits: [0x0000000012560000, 0x0000000013560000)
 End Bits:   [0x0000000013560000, 0x0000000014560000)

Polling page: 0x0000000001030000

CodeCache: size=245760Kb used=6694Kb max_used=6694Kb free=239065Kb
 bounds [0x0000000002a30000, 0x00000000030c0000, 0x0000000011a30000]
 total_blobs=1879 nmethods=1607 adapters=185
 compilation: enabled

Compilation events (10 events):
Event: 4.974 Thread 0x000000001515d000 1631       2       com.android.dx.dex.file.StringIdsSection::intern (13 bytes)
Event: 4.974 Thread 0x000000001515d000 nmethod 1631 0x00000000030bcd90 code [0x00000000030bcf00, 0x00000000030bd1b8]
Event: 4.975 Thread 0x000000001515d000 1632       2       com.android.dx.dex.file.StringIdItem::<init> (29 bytes)
Event: 4.975 Thread 0x000000001515d000 nmethod 1632 0x00000000030bd310 code [0x00000000030bd480, 0x00000000030bd6a8]
Event: 4.975 Thread 0x000000001515d000 1633       2       com.android.dx.dex.file.ValueEncoder::addContents (75 bytes)
Event: 4.976 Thread 0x000000001515d000 nmethod 1633 0x00000000030bd790 code [0x00000000030bd980, 0x00000000030be038]
Event: 4.979 Thread 0x000000001515d000 1634       2       com.android.dx.util.Hex::u2 (44 bytes)
Event: 4.980 Thread 0x000000001515d000 nmethod 1634 0x00000000030be690 code [0x00000000030be820, 0x00000000030bec78]
Event: 5.040 Thread 0x000000001515d000 1635       2       com.android.dx.rop.annotation.Annotation::<init> (54 bytes)
Event: 5.041 Thread 0x000000001515d000 nmethod 1635 0x00000000030bee50 code [0x00000000030befe0, 0x00000000030bf338]

GC Heap History (4 events):
Event: 3.215 GC heap before
{Heap before GC invocations=1 (full 0):
 PSYoungGen      total 38400K, used 33280K [0x00000000eab00000, 0x00000000ed580000, 0x0000000100000000)
  eden space 33280K, 100% used [0x00000000eab00000,0x00000000ecb80000,0x00000000ecb80000)
  from space 5120K, 0% used [0x00000000ed080000,0x00000000ed080000,0x00000000ed580000)
  to   space 5120K, 0% used [0x00000000ecb80000,0x00000000ecb80000,0x00000000ed080000)
 ParOldGen       total 87552K, used 0K [0x00000000c0000000, 0x00000000c5580000, 0x00000000eab00000)
  object space 87552K, 0% used [0x00000000c0000000,0x00000000c0000000,0x00000000c5580000)
 Metaspace       used 6048K, capacity 6964K, committed 7040K, reserved 1056768K
  class space    used 602K, capacity 620K, committed 640K, reserved 1048576K
Event: 3.228 GC heap after
Heap after GC invocations=1 (full 0):
 PSYoungGen      total 38400K, used 5114K [0x00000000eab00000, 0x00000000ed580000, 0x0000000100000000)
  eden space 33280K, 0% used [0x00000000eab00000,0x00000000eab00000,0x00000000ecb80000)
  from space 5120K, 99% used [0x00000000ecb80000,0x00000000ed07eac8,0x00000000ed080000)
  to   space 5120K, 0% used [0x00000000ed080000,0x00000000ed080000,0x00000000ed580000)
 ParOldGen       total 87552K, used 1727K [0x00000000c0000000, 0x00000000c5580000, 0x00000000eab00000)
  object space 87552K, 1% used [0x00000000c0000000,0x00000000c01aff38,0x00000000c5580000)
 Metaspace       used 6048K, capacity 6964K, committed 7040K, reserved 1056768K
  class space    used 602K, capacity 620K, committed 640K, reserved 1048576K
}
Event: 4.195 GC heap before
{Heap before GC invocations=2 (full 0):
 PSYoungGen      total 38400K, used 38394K [0x00000000eab00000, 0x00000000ed580000, 0x0000000100000000)
  eden space 33280K, 100% used [0x00000000eab00000,0x00000000ecb80000,0x00000000ecb80000)
  from space 5120K, 99% used [0x00000000ecb80000,0x00000000ed07eac8,0x00000000ed080000)
  to   space 5120K, 0% used [0x00000000ed080000,0x00000000ed080000,0x00000000ed580000)
 ParOldGen       total 87552K, used 1727K [0x00000000c0000000, 0x00000000c5580000, 0x00000000eab00000)
  object space 87552K, 1% used [0x00000000c0000000,0x00000000c01aff38,0x00000000c5580000)
 Metaspace       used 6215K, capacity 7092K, committed 7296K, reserved 1056768K
  class space    used 604K, capacity 620K, committed 640K, reserved 1048576K
Event: 4.247 GC heap after
Heap after GC invocations=2 (full 0):
 PSYoungGen      total 38400K, used 5103K [0x00000000eab00000, 0x00000000ed580000, 0x0000000100000000)
  eden space 33280K, 0% used [0x00000000eab00000,0x00000000eab00000,0x00000000ecb80000)
  from space 5120K, 99% used [0x00000000ed080000,0x00000000ed57bfb8,0x00000000ed580000)
  to   space 5120K, 0% used [0x00000000ecb80000,0x00000000ecb80000,0x00000000ed080000)
 ParOldGen       total 87552K, used 6298K [0x00000000c0000000, 0x00000000c5580000, 0x00000000eab00000)
  object space 87552K, 7% used [0x00000000c0000000,0x00000000c0626b80,0x00000000c5580000)
 Metaspace       used 6215K, capacity 7092K, committed 7296K, reserved 1056768K
  class space    used 604K, capacity 620K, committed 640K, reserved 1048576K
}

Deoptimization events (10 events):
Event: 3.261 Thread 0x00000000027dd800 Uncommon trap: reason=bimorphic action=maybe_recompile pc=0x0000000002f49484 method=com.android.dx.cf.code.BytecodeArray.parseInstruction(ILcom/android/dx/cf/code/BytecodeArray$Visitor;)I @ 2135
Event: 3.627 Thread 0x00000000027dd800 Uncommon trap: reason=unstable_if action=reinterpret pc=0x0000000002f47a5c method=com.android.dx.cf.code.BytecodeArray.parseInstruction(ILcom/android/dx/cf/code/BytecodeArray$Visitor;)I @ 1198
Event: 4.075 Thread 0x0000000016b42800 Uncommon trap: reason=null_check action=make_not_entrant pc=0x0000000002d30cd4 method=com.android.dx.ssa.SsaRenamer.getLocalForNewReg(I)Lcom/android/dx/rop/code/LocalItem; @ 19
Event: 4.311 Thread 0x0000000016b42800 Uncommon trap: reason=unstable_if action=reinterpret pc=0x000000000307ebc4 method=com.android.dx.ssa.SCCP.simulateBranch(Lcom/android/dx/ssa/SsaInsn;)V @ 64
Event: 4.737 Thread 0x0000000016b1f800 Uncommon trap: reason=unstable_if action=reinterpret pc=0x0000000002e0f3bc method=com.android.dx.util.IntList.binarysearch(I)I @ 105
Event: 4.757 Thread 0x0000000016b1f800 Uncommon trap: reason=bimorphic action=maybe_recompile pc=0x00000000030a16c0 method=com.android.dx.ssa.LiteralOpUpgrader.tryReplacingWithConstant(Lcom/android/dx/ssa/NormalSsaInsn;)Z @ 52
Event: 4.767 Thread 0x0000000016b1f800 Uncommon trap: reason=bimorphic action=maybe_recompile pc=0x00000000030a16c0 method=com.android.dx.ssa.LiteralOpUpgrader.tryReplacingWithConstant(Lcom/android/dx/ssa/NormalSsaInsn;)Z @ 52
Event: 4.846 Thread 0x00000000027dd800 Uncommon trap: reason=unstable_if action=reinterpret pc=0x0000000002d57534 method=java.util.HashMap.putVal(ILjava/lang/Object;Ljava/lang/Object;ZZ)Ljava/lang/Object; @ 162
Event: 4.956 Thread 0x00000000027dd800 Uncommon trap: reason=unstable_if action=reinterpret pc=0x0000000002f73048 method=java.util.HashMap.putVal(ILjava/lang/Object;Ljava/lang/Object;ZZ)Ljava/lang/Object; @ 162
Event: 4.956 Thread 0x00000000027dd800 Uncommon trap: reason=unstable_if action=reinterpret pc=0x0000000002f2fcd0 method=java.util.HashMap.getNode(ILjava/lang/Object;)Ljava/util/HashMap$Node; @ 84

Internal exceptions (6 events):
Event: 0.300 Thread 0x00000000027dd800 Exception <a 'java/lang/NoSuchMethodError': Method sun.misc.Unsafe.defineClass(Ljava/lang/String;[BII)Ljava/lang/Class; name or signature does not match> (0x00000000eab0dd88) thrown at [D:\re\puppet\workspace\8-2-build-windows-amd64-cygwin\jdk8u73\6086\hot]Ó‚”¬3”?
Event: 0.300 Thread 0x00000000027dd800 Exception <a 'java/lang/NoSuchMethodError': Method sun.misc.Unsafe.prefetchRead(Ljava/lang/Object;J)V name or signature does not match> (0x00000000eab0e070) thrown at [D:\re\puppet\workspace\8-2-build-windows-amd64-cygwin\jdk8u73\6086\hotspot\src\share\vm\D7…ÚL@
Event: 4.075 Thread 0x0000000016b42800 Implicit null exception at 0x0000000002d2ecd3 to 0x0000000002d30c91
Event: 4.947 Thread 0x00000000027dd800 Exception <a 'java/lang/ArrayIndexOutOfBoundsException': 18> (0x00000000ebc7bae8) thrown at [D:\re\puppet\workspace\8-2-build-windows-amd64-cygwin\jdk8u73\6086\hotspot\src\share\vm\interpreter\interpreterRuntime.cpp, line 366]
Event: 4.948 Thread 0x00000000027dd800 Exception <a 'java/lang/ArrayIndexOutOfBoundsException'> (0x00000000ebc7d668) thrown at [D:\re\puppet\workspace\8-2-build-windows-amd64-cygwin\jdk8u73\6086\hotspot\src\share\vm\runtime\sharedRuntime.cpp, line 605]
Event: 4.950 Thread 0x00000000027dd800 Exception <a 'java/lang/ArrayIndexOutOfBoundsException'> (0x00000000ebc7e950) thrown at [D:\re\puppet\workspace\8-2-build-windows-amd64-cygwin\jdk8u73\6086\hotspot\src\share\vm\runtime\sharedRuntime.cpp, line 605]

Events (10 events):
Event: 4.951 loading class sun/reflect/generics/reflectiveObjects/TypeVariableImpl
Event: 4.951 loading class sun/reflect/generics/reflectiveObjects/LazyReflectiveObjectGenerator
Event: 4.951 loading class sun/reflect/generics/reflectiveObjects/LazyReflectiveObjectGenerator done
Event: 4.951 loading class sun/reflect/generics/reflectiveObjects/TypeVariableImpl done
Event: 4.956 Thread 0x00000000027dd800 Uncommon trap: trap_request=0xffffff65 fr.pc=0x0000000002f73048
Event: 4.956 Thread 0x00000000027dd800 DEOPT PACKING pc=0x0000000002f73048 sp=0x00000000028dd830
Event: 4.956 Thread 0x00000000027dd800 DEOPT UNPACKING pc=0x0000000002a7582a sp=0x00000000028dd7b8 mode 2
Event: 4.956 Thread 0x00000000027dd800 Uncommon trap: trap_request=0xffffff65 fr.pc=0x0000000002f2fcd0
Event: 4.956 Thread 0x00000000027dd800 DEOPT PACKING pc=0x0000000002f2fcd0 sp=0x00000000028dd630
Event: 4.956 Thread 0x00000000027dd800 DEOPT UNPACKING pc=0x0000000002a7582a sp=0x00000000028dd5a8 mode 2


Dynamic libraries:
0x00007ff798560000 - 0x00007ff798597000 	C:\Program Files\Java\jdk1.8.0_73\bin\java.exe
0x00007ff8136e0000 - 0x00007ff8138a1000 	C:\WINDOWS\SYSTEM32\ntdll.dll
0x00007ff810e60000 - 0x00007ff810f0d000 	C:\WINDOWS\system32\KERNEL32.DLL
0x00007ff80fd90000 - 0x00007ff80ff78000 	C:\WINDOWS\system32\KERNELBASE.dll
0x00007ff810db0000 - 0x00007ff810e57000 	C:\WINDOWS\system32\ADVAPI32.dll
0x00007ff813200000 - 0x00007ff81329d000 	C:\WINDOWS\system32\msvcrt.dll
0x00007ff813420000 - 0x00007ff81347b000 	C:\WINDOWS\system32\sechost.dll
0x00007ff812c90000 - 0x00007ff812dac000 	C:\WINDOWS\system32\RPCRT4.dll
0x00007ff811200000 - 0x00007ff811356000 	C:\WINDOWS\system32\USER32.dll
0x00007ff810f10000 - 0x00007ff811096000 	C:\WINDOWS\system32\GDI32.dll
0x00007ff803630000 - 0x00007ff8038a4000 	C:\WINDOWS\WinSxS\amd64_microsoft.windows.common-controls_6595b64144ccf1df_6.0.10586.839_none_a2ddba30a539a2ae\COMCTL32.dll
0x00007ff8113e0000 - 0x00007ff81165d000 	C:\WINDOWS\system32\combase.dll
0x00007ff80ff80000 - 0x00007ff80ffea000 	C:\WINDOWS\system32\bcryptPrimitives.dll
0x00007ff8132a0000 - 0x00007ff8132db000 	C:\WINDOWS\system32\IMM32.DLL
0x0000000052ce0000 - 0x0000000052db2000 	C:\Program Files\Java\jdk1.8.0_73\jre\bin\msvcr100.dll
0x0000000051bb0000 - 0x0000000052440000 	C:\Program Files\Java\jdk1.8.0_73\jre\bin\server\jvm.dll
0x00007ff810da0000 - 0x00007ff810da8000 	C:\WINDOWS\system32\PSAPI.DLL
0x00007ff800540000 - 0x00007ff800549000 	C:\WINDOWS\SYSTEM32\WSOCK32.dll
0x00007ff812c20000 - 0x00007ff812c8b000 	C:\WINDOWS\system32\WS2_32.dll
0x00007ff80e400000 - 0x00007ff80e423000 	C:\WINDOWS\SYSTEM32\WINMM.dll
0x00007ff801ae0000 - 0x00007ff801aea000 	C:\WINDOWS\SYSTEM32\VERSION.dll
0x00007ff80e3d0000 - 0x00007ff80e3fc000 	C:\WINDOWS\SYSTEM32\WINMMBASE.dll
0x00007ff810080000 - 0x00007ff8100c3000 	C:\WINDOWS\system32\cfgmgr32.dll
0x0000000052cd0000 - 0x0000000052cdf000 	C:\Program Files\Java\jdk1.8.0_73\jre\bin\verify.dll
0x0000000052ca0000 - 0x0000000052cc9000 	C:\Program Files\Java\jdk1.8.0_73\jre\bin\java.dll
0x0000000052c80000 - 0x0000000052c96000 	C:\Program Files\Java\jdk1.8.0_73\jre\bin\zip.dll
0x00007ff8116c0000 - 0x00007ff812c1c000 	C:\WINDOWS\system32\SHELL32.dll
0x00007ff810470000 - 0x00007ff810ab5000 	C:\WINDOWS\system32\windows.storage.dll
0x00007ff8133c0000 - 0x00007ff813412000 	C:\WINDOWS\system32\shlwapi.dll
0x00007ff80fd50000 - 0x00007ff80fd5f000 	C:\WINDOWS\system32\kernel.appcore.dll
0x00007ff8101e0000 - 0x00007ff810295000 	C:\WINDOWS\system32\shcore.dll
0x00007ff80fd00000 - 0x00007ff80fd4b000 	C:\WINDOWS\system32\powrprof.dll
0x00007ff80fd70000 - 0x00007ff80fd84000 	C:\WINDOWS\system32\profapi.dll

VM Arguments:
jvm_args: -Djava.awt.headless=true -Xmx1024M -Dfile.encoding=windows-1252 -Duser.country=US -Duser.language=en -Duser.variant 
java_command: com.android.dx.command.Main --dex --force-jumbo --num-threads=4 --multi-dex --output C:\Users\lyspl\AndroidStudioProjects\TestGraphUI\app\build\intermediates\transforms\dex\debug\folders\1000\10\classes_e7e9a11caffa4b8ccc1330bbd7f362d29128f8ba C:\Users\lyspl\.android\build-cache\d461aabcffa6259c442101a379915a0e266ba81f\output\jars\classes.jar
java_class_path (initial): C:\Users\lyspl\AppData\Local\Android\sdk\build-tools\25.0.0\lib\dx.jar
Launcher Type: SUN_STANDARD

Environment Variables:
JAVA_HOME=C:\Program Files\Java\jdk1.8.0_73
CLASSPATH=C:\Users\lyspl\lib\antlr-3.5-complete.jar; C:\Users\lyspl\lib\bin; C:\Users\lyspl\lib\antlrworks-1.5.2.jar
PATH=c:\mingw\bin;C:\Users\lyspl\AppData\Local\Android\sdk\platform-tools;C:\ProgramData\Oracle\Java\javapath;C:\Program Files (x86)\Intel\iCLS Client\;C:\Program Files\Intel\iCLS Client\;C:\Program Files (x86)\Lenovo\FusionEngine;C:\Windows\system32;C:\Windows;C:\Windows\System32\Wbem;C:\Windows\System32\WindowsPowerShell\v1.0\;C:\Program Files (x86)\Intel\Intel(R) Management Engine Components\DAL;C:\Program Files\Intel\Intel(R) Management Engine Components\DAL;C:\Program Files (x86)\Intel\Intel(R) Management Engine Components\IPT;C:\Program Files\Intel\Intel(R) Management Engine Components\IPT;C:\Program Files\Lenovo\Bluetooth Software\;C:\Program Files\Lenovo\Bluetooth Software\syswow64;C:\adb;C:\Program Files\Git\cmd;C:\WINDOWS\system32;C:\WINDOWS;C:\WINDOWS\System32\Wbem;C:\WINDOWS\System32\WindowsPowerShell\v1.0\;C:\Program Files\Java\jdk1.8.0_73\bin;C:\Users\lyspl\lib;C:\Users\lyspl\Anaconda2;C:\Users\lyspl\Anaconda2\Scripts;C:\Users\lyspl\Anaconda2\Library\bin;C:\MongoDB\Server\3.2\bin;C:\Program Files (x86)\Skype\Phone\;C:\Users\lyspl\Anaconda3;C:\Users\lyspl\Anaconda3\Scripts;C:\Users\lyspl\Anaconda3\Library\bin;C:\Users\lyspl\Anaconda2;C:\Users\lyspl\Anaconda2\Scripts;C:\Users\lyspl\Anaconda2\Library\bin;C:\Users\lyspl\AppData\Local\Programs\MiKTeX 2.9\miktex\bin\x64\;c:\mingw\bin;C:\MongoDB\Server\3.2\bin;C:\Users\lyspl\AppData\Local\Android\sdk
USERNAME=lyspl
OS=Windows_NT
PROCESSOR_IDENTIFIER=Intel64 Family 6 Model 61 Stepping 4, GenuineIntel



---------------  S Y S T E M  ---------------

OS: Windows 10.0 , 64 bit Build 10586 (10.0.10586.589)

CPU:total 4 (2 cores per cpu, 2 threads per core) family 6 model 61 stepping 4, cmov, cx8, fxsr, mmx, sse, sse2, sse3, ssse3, sse4.1, sse4.2, popcnt, avx, avx2, aes, clmul, erms, 3dnowpref, lzcnt, ht, tsc, tscinvbit, bmi1, bmi2, adx

Memory: 4k page, physical 8292268k(669280k free), swap 10284200k(3080k free)

vm_info: Java HotSpot(TM) 64-Bit Server VM (25.73-b02) for windows-amd64 JRE (1.8.0_73-b02), built on Jan 29 2016 17:38:49 by "java_re" with MS VC++ 10.0 (VS2010)

time: Fri Apr 14 12:43:36 2017
elapsed time: 5 seconds (0d 0h 0m 5s)

