#
# There is insufficient memory for the Java Runtime Environment to continue.
# Native memory allocation (malloc) failed to allocate 727376 bytes for Chunk::new
# Possible reasons:
#   The system is out of physical RAM or swap space
#   In 32 bit mode, the process size limit was hit
# Possible solutions:
#   Reduce memory load on the system
#   Increase physical memory or swap space
#   Check if swap backing store is full
#   Use 64 bit Java on a 64 bit OS
#   Decrease Java heap size (-Xmx/-Xms)
#   Decrease number of Java threads
#   Decrease Java thread stack sizes (-Xss)
#   Set larger code cache with -XX:ReservedCodeCacheSize=
# This output file may be truncated or incomplete.
#
#  Out of Memory Error (allocation.cpp:390), pid=2212, tid=8964
#
# JRE version: Java(TM) SE Runtime Environment (8.0_73-b02) (build 1.8.0_73-b02)
# Java VM: Java HotSpot(TM) 64-Bit Server VM (25.73-b02 mixed mode windows-amd64 compressed oops)
# Failed to write core dump. Minidumps are not enabled by default on client versions of Windows
#

---------------  T H R E A D  ---------------

Current thread (0x00000000151fe800):  JavaThread "C2 CompilerThread0" daemon [_thread_in_native, id=8964, stack(0x0000000016830000,0x0000000016930000)]

Stack: [0x0000000016830000,0x0000000016930000]
[error occurred during error reporting (printing stack bounds), id 0xc0000005]

Native frames: (J=compiled Java code, j=interpreted, Vv=VM code, C=native code)


Current CompileTask:
C2:   5049 1345       4       com.android.dx.ssa.SCCP::simulateStmt (481 bytes)


---------------  P R O C E S S  ---------------

Java Threads: ( => current thread )
  0x0000000016e03000 JavaThread "pool-2-thread-4" [_thread_in_Java, id=2108, stack(0x0000000017d30000,0x0000000017e30000)]
  0x0000000016dfe800 JavaThread "pool-2-thread-3" [_thread_in_Java, id=2584, stack(0x0000000017c30000,0x0000000017d30000)]
  0x0000000016dfd800 JavaThread "pool-2-thread-2" [_thread_blocked, id=1604, stack(0x0000000017b30000,0x0000000017c30000)]
  0x0000000016e3e000 JavaThread "pool-3-thread-1" [_thread_blocked, id=7684, stack(0x0000000017a30000,0x0000000017b30000)]
  0x0000000016e3d000 JavaThread "pool-2-thread-1" [_thread_blocked, id=4416, stack(0x0000000017930000,0x0000000017a30000)]
  0x0000000016b30800 JavaThread "Service Thread" daemon [_thread_blocked, id=1240, stack(0x0000000016f30000,0x0000000017030000)]
  0x000000001525a800 JavaThread "C1 CompilerThread2" daemon [_thread_blocked, id=1992, stack(0x0000000016a30000,0x0000000016b30000)]
  0x0000000015201800 JavaThread "C2 CompilerThread1" daemon [_thread_in_native, id=9432, stack(0x0000000016930000,0x0000000016a30000)]
=>0x00000000151fe800 JavaThread "C2 CompilerThread0" daemon [_thread_in_native, id=8964, stack(0x0000000016830000,0x0000000016930000)]
  0x00000000151fc800 JavaThread "Attach Listener" daemon [_thread_blocked, id=11268, stack(0x0000000016730000,0x0000000016830000)]
  0x00000000151fb800 JavaThread "Signal Dispatcher" daemon [_thread_blocked, id=1772, stack(0x0000000016630000,0x0000000016730000)]
  0x0000000002b21000 JavaThread "Finalizer" daemon [_thread_blocked, id=11680, stack(0x0000000016450000,0x0000000016550000)]
  0x00000000151c9000 JavaThread "Reference Handler" daemon [_thread_blocked, id=7876, stack(0x0000000016350000,0x0000000016450000)]
  0x00000000009fd800 JavaThread "main" [_thread_blocked, id=4512, stack(0x00000000028b0000,0x00000000029b0000)]

Other Threads:
  0x00000000151c7800 VMThread [stack: 0x0000000016250000,0x0000000016350000] [id=3932]
  0x0000000016b34800 WatcherThread [stack: 0x0000000017030000,0x0000000017130000] [id=10980]

VM state:not at safepoint (normal execution)

VM Mutex/Monitor currently owned by a thread: None

Heap:
 PSYoungGen      total 38400K, used 11134K [0x00000000eab00000, 0x00000000ed580000, 0x0000000100000000)
  eden space 33280K, 18% used [0x00000000eab00000,0x00000000eb0e15c0,0x00000000ecb80000)
  from space 5120K, 99% used [0x00000000ecb80000,0x00000000ed07e318,0x00000000ed080000)
  to   space 5120K, 0% used [0x00000000ed080000,0x00000000ed080000,0x00000000ed580000)
 ParOldGen       total 87552K, used 801K [0x00000000c0000000, 0x00000000c5580000, 0x00000000eab00000)
  object space 87552K, 0% used [0x00000000c0000000,0x00000000c00c8670,0x00000000c5580000)
 Metaspace       used 6123K, capacity 7024K, committed 7296K, reserved 1056768K
  class space    used 602K, capacity 616K, committed 640K, reserved 1048576K

Card table byte_map: [0x0000000011ef0000,0x0000000012100000] byte_map_base: 0x00000000118f0000

Marking Bits: (ParMarkBitMap*) 0x0000000052d60600
 Begin Bits: [0x0000000012660000, 0x0000000013660000)
 End Bits:   [0x0000000013660000, 0x0000000014660000)

Polling page: 0x0000000000e40000

CodeCache: size=245760Kb used=5647Kb max_used=5647Kb free=240112Kb
 bounds [0x0000000002b30000, 0x00000000030c0000, 0x0000000011b30000]
 total_blobs=1612 nmethods=1343 adapters=182
 compilation: enabled

Compilation events (10 events):
Event: 4.979 Thread 0x00000000151fe800 1341       4       java.util.ArrayList::subListRangeCheck (110 bytes)
Event: 4.980 Thread 0x000000001525a800 nmethod 1340 0x00000000030a24d0 code [0x00000000030a2620, 0x00000000030a27d0]
Event: 4.980 Thread 0x000000001525a800 1343       3       com.android.dx.rop.code.Rops::opGetField (97 bytes)
Event: 4.980 Thread 0x00000000151fe800 nmethod 1341 0x00000000030a9150 code [0x00000000030a9280, 0x00000000030a9318]
Event: 4.980 Thread 0x00000000151fe800 1342       4       java.util.ArrayList$SubList::<init> (46 bytes)
Event: 4.981 Thread 0x00000000151fe800 nmethod 1342 0x000000000300e190 code [0x000000000300e2c0, 0x000000000300e358]
Event: 4.981 Thread 0x000000001525a800 nmethod 1343 0x00000000030b7cd0 code [0x00000000030b7f00, 0x00000000030b8b78]
Event: 4.981 Thread 0x000000001525a800 1344       3       com.android.dx.cf.code.Simulator$SimVisitor::checkReturnType (64 bytes)
Event: 4.982 Thread 0x000000001525a800 nmethod 1344 0x00000000030b66d0 code [0x00000000030b6920, 0x00000000030b76a8]
Event: 4.982 Thread 0x00000000151fe800 1345       4       com.android.dx.ssa.SCCP::simulateStmt (481 bytes)

GC Heap History (2 events):
Event: 4.464 GC heap before
{Heap before GC invocations=1 (full 0):
 PSYoungGen      total 38400K, used 33280K [0x00000000eab00000, 0x00000000ed580000, 0x0000000100000000)
  eden space 33280K, 100% used [0x00000000eab00000,0x00000000ecb80000,0x00000000ecb80000)
  from space 5120K, 0% used [0x00000000ed080000,0x00000000ed080000,0x00000000ed580000)
  to   space 5120K, 0% used [0x00000000ecb80000,0x00000000ecb80000,0x00000000ed080000)
 ParOldGen       total 87552K, used 0K [0x00000000c0000000, 0x00000000c5580000, 0x00000000eab00000)
  object space 87552K, 0% used [0x00000000c0000000,0x00000000c0000000,0x00000000c5580000)
 Metaspace       used 6004K, capacity 6896K, committed 7040K, reserved 1056768K
  class space    used 602K, capacity 616K, committed 640K, reserved 1048576K
Event: 4.503 GC heap after
Heap after GC invocations=1 (full 0):
 PSYoungGen      total 38400K, used 5112K [0x00000000eab00000, 0x00000000ed580000, 0x0000000100000000)
  eden space 33280K, 0% used [0x00000000eab00000,0x00000000eab00000,0x00000000ecb80000)
  from space 5120K, 99% used [0x00000000ecb80000,0x00000000ed07e318,0x00000000ed080000)
  to   space 5120K, 0% used [0x00000000ed080000,0x00000000ed080000,0x00000000ed580000)
 ParOldGen       total 87552K, used 801K [0x00000000c0000000, 0x00000000c5580000, 0x00000000eab00000)
  object space 87552K, 0% used [0x00000000c0000000,0x00000000c00c8670,0x00000000c5580000)
 Metaspace       used 6004K, capacity 6896K, committed 7040K, reserved 1056768K
  class space    used 602K, capacity 616K, committed 640K, reserved 1048576K
}

Deoptimization events (4 events):
Event: 1.690 Thread 0x00000000009fd800 Uncommon trap: reason=unstable_if action=reinterpret pc=0x0000000002c91c54 method=java.lang.String.compareTo(Ljava/lang/String;)I @ 38
Event: 4.208 Thread 0x0000000016e03000 Uncommon trap: reason=unstable_if action=reinterpret pc=0x0000000002ef9eec method=com.android.dx.rop.code.RegisterSpecSet.put(Lcom/android/dx/rop/code/RegisterSpec;)V @ 77
Event: 4.208 Thread 0x0000000016e03000 Uncommon trap: reason=unstable_if action=reinterpret pc=0x0000000002f66c2c method=com.android.dx.rop.code.RegisterSpecSet.put(Lcom/android/dx/rop/code/RegisterSpec;)V @ 77
Event: 4.433 Thread 0x0000000016dfe800 Uncommon trap: reason=unstable_if action=reinterpret pc=0x0000000002ead9c4 method=com.android.dx.rop.code.RegisterSpec.equals(ILcom/android/dx/rop/type/TypeBearer;Lcom/android/dx/rop/code/LocalItem;)Z @ 42

Internal exceptions (2 events):
Event: 0.101 Thread 0x00000000009fd800 Exception <a 'java/lang/NoSuchMethodError': Method sun.misc.Unsafe.defineClass(Ljava/lang/String;[BII)Ljava/lang/Class; name or signature does not match> (0x00000000eab0dc08) thrown at [D:\re\puppet\workspace\8-2-build-windows-amd64-cygwin\jdk8u73\6086\hot›}‹¨Àπ?
Event: 0.101 Thread 0x00000000009fd800 Exception <a 'java/lang/NoSuchMethodError': Method sun.misc.Unsafe.prefetchRead(Ljava/lang/Object;J)V name or signature does not match> (0x00000000eab0def0) thrown at [D:\re\puppet\workspace\8-2-build-windows-amd64-cygwin\jdk8u73\6086\hotspot\src\share\vm\

Events (10 events):
Event: 4.208 Thread 0x0000000016e03000 DEOPT UNPACKING pc=0x0000000002b7582a sp=0x0000000017e2e7f0 mode 2
Event: 4.209 loading class com/android/dx/dex/file/FieldAnnotationStruct
Event: 4.209 loading class com/android/dx/dex/file/FieldAnnotationStruct done
Event: 4.433 Thread 0x0000000016dfe800 Uncommon trap: trap_request=0xffffff65 fr.pc=0x0000000002ead9c4
Event: 4.433 Thread 0x0000000016dfe800 DEOPT PACKING pc=0x0000000002ead9c4 sp=0x0000000017d2ebe0
Event: 4.433 Thread 0x0000000016dfe800 DEOPT UNPACKING pc=0x0000000002b7582a sp=0x0000000017d2eb68 mode 2
Event: 4.446 Executing VM operation: EnableBiasedLocking
Event: 4.447 Executing VM operation: EnableBiasedLocking done
Event: 4.464 Executing VM operation: ParallelGCFailedAllocation
Event: 4.503 Executing VM operation: ParallelGCFailedAllocation done


Dynamic libraries:
0x00007ff7ef200000 - 0x00007ff7ef237000 	C:\Program Files\Java\jdk1.8.0_73\bin\java.exe
0x00007ff8136e0000 - 0x00007ff8138a1000 	C:\WINDOWS\SYSTEM32\ntdll.dll
0x00007ff810e60000 - 0x00007ff810f0d000 	C:\WINDOWS\system32\KERNEL32.DLL
0x00007ff80fd90000 - 0x00007ff80ff78000 	C:\WINDOWS\system32\KERNELBASE.dll
0x00007ff810db0000 - 0x00007ff810e57000 	C:\WINDOWS\system32\ADVAPI32.dll
0x00007ff813200000 - 0x00007ff81329d000 	C:\WINDOWS\system32\msvcrt.dll
0x00007ff813420000 - 0x00007ff81347b000 	C:\WINDOWS\system32\sechost.dll
0x00007ff812c90000 - 0x00007ff812dac000 	C:\WINDOWS\system32\RPCRT4.dll
0x00007ff811200000 - 0x00007ff811356000 	C:\WINDOWS\system32\USER32.dll
0x00007ff810f10000 - 0x00007ff811096000 	C:\WINDOWS\system32\GDI32.dll
0x00007ff803630000 - 0x00007ff8038a4000 	C:\WINDOWS\WinSxS\amd64_microsoft.windows.common-controls_6595b64144ccf1df_6.0.10586.839_none_a2ddba30a539a2ae\COMCTL32.dll
0x00007ff8113e0000 - 0x00007ff81165d000 	C:\WINDOWS\system32\combase.dll
0x00007ff80ff80000 - 0x00007ff80ffea000 	C:\WINDOWS\system32\bcryptPrimitives.dll
0x00007ff8132a0000 - 0x00007ff8132db000 	C:\WINDOWS\system32\IMM32.DLL
0x0000000052de0000 - 0x0000000052eb2000 	C:\Program Files\Java\jdk1.8.0_73\jre\bin\msvcr100.dll
0x0000000052550000 - 0x0000000052de0000 	C:\Program Files\Java\jdk1.8.0_73\jre\bin\server\jvm.dll
0x00007ff810da0000 - 0x00007ff810da8000 	C:\WINDOWS\system32\PSAPI.DLL
0x00007ff800540000 - 0x00007ff800549000 	C:\WINDOWS\SYSTEM32\WSOCK32.dll
0x00007ff80e400000 - 0x00007ff80e423000 	C:\WINDOWS\SYSTEM32\WINMM.dll
0x00007ff812c20000 - 0x00007ff812c8b000 	C:\WINDOWS\system32\WS2_32.dll
0x00007ff801ae0000 - 0x00007ff801aea000 	C:\WINDOWS\SYSTEM32\VERSION.dll
0x00007ff80e3d0000 - 0x00007ff80e3fc000 	C:\WINDOWS\SYSTEM32\WINMMBASE.dll
0x00007ff810080000 - 0x00007ff8100c3000 	C:\WINDOWS\system32\cfgmgr32.dll
0x0000000052540000 - 0x000000005254f000 	C:\Program Files\Java\jdk1.8.0_73\jre\bin\verify.dll
0x0000000052510000 - 0x0000000052539000 	C:\Program Files\Java\jdk1.8.0_73\jre\bin\java.dll
0x00000000524f0000 - 0x0000000052506000 	C:\Program Files\Java\jdk1.8.0_73\jre\bin\zip.dll
0x00007ff8116c0000 - 0x00007ff812c1c000 	C:\WINDOWS\system32\SHELL32.dll
0x00007ff810470000 - 0x00007ff810ab5000 	C:\WINDOWS\system32\windows.storage.dll
0x00007ff8133c0000 - 0x00007ff813412000 	C:\WINDOWS\system32\shlwapi.dll
0x00007ff80fd50000 - 0x00007ff80fd5f000 	C:\WINDOWS\system32\kernel.appcore.dll
0x00007ff8101e0000 - 0x00007ff810295000 	C:\WINDOWS\system32\shcore.dll
0x00007ff80fd00000 - 0x00007ff80fd4b000 	C:\WINDOWS\system32\powrprof.dll
0x00007ff80fd70000 - 0x00007ff80fd84000 	C:\WINDOWS\system32\profapi.dll

VM Arguments:
jvm_args: -Djava.awt.headless=true -Xmx1024M -Dfile.encoding=windows-1252 -Duser.country=US -Duser.language=en -Duser.variant 
java_command: com.android.dx.command.Main --dex --force-jumbo --num-threads=4 --multi-dex --output C:\Users\lyspl\AndroidStudioProjects\TestGraphUI\app\build\intermediates\transforms\dex\debug\folders\1000\10\classes_631f628fbeaf2358404895e5b712eb78fafea651 C:\Users\lyspl\.android\build-cache\6a07e3d2197b23e4402ef61742f109ddad132fd8\output\jars\classes.jar
java_class_path (initial): C:\Users\lyspl\AppData\Local\Android\sdk\build-tools\25.0.0\lib\dx.jar
Launcher Type: SUN_STANDARD

Environment Variables:
JAVA_HOME=C:\Program Files\Java\jdk1.8.0_73
CLASSPATH=C:\Users\lyspl\lib\antlr-3.5-complete.jar; C:\Users\lyspl\lib\bin; C:\Users\lyspl\lib\antlrworks-1.5.2.jar
PATH=c:\mingw\bin;C:\Users\lyspl\AppData\Local\Android\sdk\platform-tools;C:\ProgramData\Oracle\Java\javapath;C:\Program Files (x86)\Intel\iCLS Client\;C:\Program Files\Intel\iCLS Client\;C:\Program Files (x86)\Lenovo\FusionEngine;C:\Windows\system32;C:\Windows;C:\Windows\System32\Wbem;C:\Windows\System32\WindowsPowerShell\v1.0\;C:\Program Files (x86)\Intel\Intel(R) Management Engine Components\DAL;C:\Program Files\Intel\Intel(R) Management Engine Components\DAL;C:\Program Files (x86)\Intel\Intel(R) Management Engine Components\IPT;C:\Program Files\Intel\Intel(R) Management Engine Components\IPT;C:\Program Files\Lenovo\Bluetooth Software\;C:\Program Files\Lenovo\Bluetooth Software\syswow64;C:\adb;C:\Program Files\Git\cmd;C:\WINDOWS\system32;C:\WINDOWS;C:\WINDOWS\System32\Wbem;C:\WINDOWS\System32\WindowsPowerShell\v1.0\;C:\Program Files\Java\jdk1.8.0_73\bin;C:\Users\lyspl\lib;C:\Users\lyspl\Anaconda2;C:\Users\lyspl\Anaconda2\Scripts;C:\Users\lyspl\Anaconda2\Library\bin;C:\MongoDB\Server\3.2\bin;C:\Program Files (x86)\Skype\Phone\;C:\Users\lyspl\Anaconda3;C:\Users\lyspl\Anaconda3\Scripts;C:\Users\lyspl\Anaconda3\Library\bin;C:\Users\lyspl\Anaconda2;C:\Users\lyspl\Anaconda2\Scripts;C:\Users\lyspl\Anaconda2\Library\bin;C:\Users\lyspl\AppData\Local\Programs\MiKTeX 2.9\miktex\bin\x64\;c:\mingw\bin;C:\MongoDB\Server\3.2\bin;C:\Users\lyspl\AppData\Local\Android\sdk
USERNAME=lyspl
OS=Windows_NT
PROCESSOR_IDENTIFIER=Intel64 Family 6 Model 61 Stepping 4, GenuineIntel



---------------  S Y S T E M  ---------------

OS: Windows 10.0 , 64 bit Build 10586 (10.0.10586.589)

CPU:total 4 (2 cores per cpu, 2 threads per core) family 6 model 61 stepping 4, cmov, cx8, fxsr, mmx, sse, sse2, sse3, ssse3, sse4.1, sse4.2, popcnt, avx, avx2, aes, clmul, erms, 3dnowpref, lzcnt, ht, tsc, tscinvbit, bmi1, bmi2, adx

Memory: 4k page, physical 8292268k(1105352k free), swap 10516936k(2576k free)

vm_info: Java HotSpot(TM) 64-Bit Server VM (25.73-b02) for windows-amd64 JRE (1.8.0_73-b02), built on Jan 29 2016 17:38:49 by "java_re" with MS VC++ 10.0 (VS2010)

time: Thu Apr 13 19:07:56 2017
elapsed time: 5 seconds (0d 0h 0m 5s)

